<?xml version="1.0" encoding="UTF-8"?>
<coverage generated="1785144497311" clover="3.2.0">
  <project timestamp="1785144497311" name="All files">
    <metrics statements="1677" coveredstatements="1676" conditionals="541" coveredconditionals="477" methods="154" coveredmethods="137" elements="2372" coveredelements="2290" complexity="0" loc="1677" ncloc="1677" packages="1" files="7" classes="7"/>
    <file name="ArchivalPanel.tsx" path="/Users/omercelik/Repositories/goldpath/ui/console/src/ArchivalPanel.tsx">
      <metrics statements="308" coveredstatements="308" conditionals="89" coveredconditionals="80" methods="27" coveredmethods="21"/>
      <line num="1" count="1" type="stmt"/>
      <line num="20" count="4" type="cond" truecount="1" falsecount="0"/>
      <line num="21" count="4" type="cond" truecount="1" falsecount="0"/>
      <line num="22" count="4" type="cond" truecount="2" falsecount="0"/>
      <line num="23" count="4" type="stmt"/>
      <line num="31" count="1" type="cond" truecount="1" falsecount="0"/>
      <line num="32" count="118" type="stmt"/>
      <line num="33" count="118" type="stmt"/>
      <line num="34" count="118" type="stmt"/>
      <line num="35" count="118" type="stmt"/>
      <line num="36" count="118" type="stmt"/>
      <line num="37" count="118" type="stmt"/>
      <line num="38" count="118" type="stmt"/>
      <line num="40" count="118" type="stmt"/>
      <line num="41" count="118" type="stmt"/>
      <line num="42" count="118" type="stmt"/>
      <line num="43" count="118" type="stmt"/>
      <line num="46" count="118" type="stmt"/>
      <line num="48" count="118" type="cond" truecount="2" falsecount="0"/>
      <line num="49" count="118" type="cond" truecount="1" falsecount="0"/>
      <line num="50" count="4" type="stmt"/>
      <line num="51" count="4" type="stmt"/>
      <line num="52" count="4" type="stmt"/>
      <line num="54" count="118" type="cond" truecount="1" falsecount="0"/>
      <line num="55" count="21" type="stmt"/>
      <line num="56" count="21" type="stmt"/>
      <line num="57" count="21" type="stmt"/>
      <line num="58" count="21" type="cond" truecount="1" falsecount="0"/>
      <line num="59" count="20" type="cond" truecount="0" falsecount="1"/>
      <line num="60" count="20" type="stmt"/>
      <line num="61" count="20" type="cond" truecount="2" falsecount="1"/>
      <line num="62" count="21" type="stmt"/>
      <line num="63" count="21" type="cond" truecount="1" falsecount="0"/>
      <line num="64" count="21" type="cond" truecount="1" falsecount="0"/>
      <line num="65" count="21" type="stmt"/>
      <line num="66" count="21" type="stmt"/>
      <line num="67" count="118" type="stmt"/>
      <line num="70" count="118" type="cond" truecount="1" falsecount="0"/>
      <line num="71" count="46" type="cond" truecount="3" falsecount="0"/>
      <line num="72" count="13" type="stmt"/>
      <line num="73" count="13" type="stmt"/>
      <line num="74" count="13" type="stmt"/>
      <line num="75" count="13" type="cond" truecount="1" falsecount="0"/>
      <line num="76" count="13" type="stmt"/>
      <line num="77" count="13" type="cond" truecount="1" falsecount="0"/>
      <line num="78" count="13" type="stmt"/>
      <line num="79" count="13" type="stmt"/>
      <line num="80" count="118" type="stmt"/>
      <line num="82" count="118" type="stmt"/>
      <line num="83" count="118" type="cond" truecount="2" falsecount="0"/>
      <line num="84" count="118" type="stmt"/>
      <line num="85" count="118" type="stmt"/>
      <line num="87" count="118" type="stmt"/>
      <line num="88" count="118" type="cond" truecount="2" falsecount="0"/>
      <line num="89" count="118" type="stmt"/>
      <line num="90" count="118" type="stmt"/>
      <line num="92" count="118" type="cond" truecount="1" falsecount="0"/>
      <line num="93" count="9" type="stmt"/>
      <line num="94" count="9" type="cond" truecount="0" falsecount="1"/>
      <line num="95" count="9" type="stmt"/>
      <line num="96" count="9" type="stmt"/>
      <line num="97" count="9" type="stmt"/>
      <line num="98" count="9" type="stmt"/>
      <line num="99" count="9" type="stmt"/>
      <line num="101" count="118" type="cond" truecount="1" falsecount="0"/>
      <line num="103" count="4" type="stmt"/>
      <line num="104" count="4" type="stmt"/>
      <line num="105" count="4" type="stmt"/>
      <line num="106" count="4" type="cond" truecount="1" falsecount="0"/>
      <line num="107" count="3" type="stmt"/>
      <line num="109" count="3" type="cond" truecount="1" falsecount="0"/>
      <line num="110" count="2" type="cond" truecount="1" falsecount="0"/>
      <line num="111" count="1" type="stmt"/>
      <line num="112" count="4" type="cond" truecount="1" falsecount="0"/>
      <line num="113" count="1" type="stmt"/>
      <line num="114" count="1" type="stmt"/>
      <line num="115" count="1" type="stmt"/>
      <line num="116" count="4" type="stmt"/>
      <line num="118" count="118" type="cond" truecount="1" falsecount="0"/>
      <line num="120" count="118" type="stmt"/>
      <line num="121" count="118" type="stmt"/>
      <line num="122" count="118" type="cond" truecount="1" falsecount="0"/>
      <line num="124" count="118" type="stmt"/>
      <line num="125" count="118" type="stmt"/>
      <line num="126" count="118" type="stmt"/>
      <line num="127" count="118" type="cond" truecount="2" falsecount="0"/>
      <line num="128" count="108" type="stmt"/>
      <line num="129" count="108" type="stmt"/>
      <line num="130" count="108" type="stmt"/>
      <line num="131" count="108" type="cond" truecount="2" falsecount="0"/>
      <line num="132" count="108" type="stmt"/>
      <line num="133" count="108" type="stmt"/>
      <line num="134" count="108" type="stmt"/>
      <line num="136" count="108" type="stmt"/>
      <line num="137" count="108" type="stmt"/>
      <line num="138" count="108" type="stmt"/>
      <line num="139" count="108" type="stmt"/>
      <line num="140" count="108" type="stmt"/>
      <line num="141" count="108" type="cond" truecount="1" falsecount="0"/>
      <line num="143" count="108" type="stmt"/>
      <line num="144" count="108" type="stmt"/>
      <line num="145" count="108" type="stmt"/>
      <line num="146" count="108" type="stmt"/>
      <line num="147" count="118" type="stmt"/>
      <line num="148" count="118" type="cond" truecount="1" falsecount="1"/>
      <line num="149" count="118" type="stmt"/>
      <line num="150" count="118" type="stmt"/>
      <line num="152" count="118" type="cond" truecount="1" falsecount="0"/>
      <line num="153" count="1" type="stmt"/>
      <line num="154" count="1" type="stmt"/>
      <line num="155" count="1" type="stmt"/>
      <line num="158" count="118" type="cond" truecount="1" falsecount="0"/>
      <line num="159" count="6" type="stmt"/>
      <line num="160" count="6" type="cond" truecount="1" falsecount="0"/>
      <line num="161" count="4" type="stmt"/>
      <line num="162" count="4" type="stmt"/>
      <line num="163" count="4" type="cond" truecount="1" falsecount="0"/>
      <line num="165" count="2" type="stmt"/>
      <line num="166" count="2" type="stmt"/>
      <line num="167" count="2" type="stmt"/>
      <line num="168" count="2" type="stmt"/>
      <line num="169" count="2" type="stmt"/>
      <line num="170" count="2" type="cond" truecount="1" falsecount="0"/>
      <line num="171" count="2" type="stmt"/>
      <line num="172" count="2" type="stmt"/>
      <line num="173" count="2" type="stmt"/>
      <line num="174" count="2" type="stmt"/>
      <line num="175" count="2" type="stmt"/>
      <line num="176" count="2" type="stmt"/>
      <line num="177" count="2" type="stmt"/>
      <line num="178" count="2" type="stmt"/>
      <line num="180" count="6" type="stmt"/>
      <line num="183" count="118" type="stmt"/>
      <line num="184" count="118" type="stmt"/>
      <line num="185" count="118" type="stmt"/>
      <line num="186" count="118" type="stmt"/>
      <line num="188" count="118" type="stmt"/>
      <line num="189" count="118" type="stmt"/>
      <line num="190" count="118" type="stmt"/>
      <line num="191" count="118" type="stmt"/>
      <line num="192" count="118" type="cond" truecount="1" falsecount="0"/>
      <line num="193" count="1" type="stmt"/>
      <line num="194" count="1" type="stmt"/>
      <line num="195" count="1" type="stmt"/>
      <line num="196" count="1" type="stmt"/>
      <line num="198" count="118" type="cond" truecount="2" falsecount="0"/>
      <line num="199" count="108" type="stmt"/>
      <line num="200" count="108" type="stmt"/>
      <line num="201" count="108" type="stmt"/>
      <line num="202" count="118" type="stmt"/>
      <line num="203" count="118" type="stmt"/>
      <line num="204" count="118" type="stmt"/>
      <line num="205" count="118" type="stmt"/>
      <line num="207" count="118" type="stmt"/>
      <line num="208" count="118" type="stmt"/>
      <line num="209" count="118" type="stmt"/>
      <line num="210" count="118" type="stmt"/>
      <line num="211" count="118" type="cond" truecount="1" falsecount="0"/>
      <line num="212" count="118" type="cond" truecount="1" falsecount="1"/>
      <line num="213" count="118" type="stmt"/>
      <line num="214" count="118" type="stmt"/>
      <line num="215" count="118" type="stmt"/>
      <line num="216" count="118" type="stmt"/>
      <line num="217" count="118" type="stmt"/>
      <line num="218" count="118" type="stmt"/>
      <line num="220" count="118" type="stmt"/>
      <line num="221" count="118" type="stmt"/>
      <line num="223" count="118" type="stmt"/>
      <line num="225" count="118" type="stmt"/>
      <line num="226" count="118" type="stmt"/>
      <line num="228" count="118" type="cond" truecount="2" falsecount="0"/>
      <line num="229" count="10" type="stmt"/>
      <line num="230" count="10" type="stmt"/>
      <line num="231" count="10" type="stmt"/>
      <line num="234" count="118" type="cond" truecount="1" falsecount="0"/>
      <line num="235" count="17" type="stmt"/>
      <line num="236" count="17" type="stmt"/>
      <line num="237" count="17" type="stmt"/>
      <line num="238" count="17" type="stmt"/>
      <line num="239" count="17" type="stmt"/>
      <line num="240" count="17" type="cond" truecount="1" falsecount="0"/>
      <line num="241" count="17" type="stmt"/>
      <line num="242" count="17" type="stmt"/>
      <line num="243" count="17" type="stmt"/>
      <line num="244" count="17" type="stmt"/>
      <line num="245" count="17" type="stmt"/>
      <line num="246" count="17" type="stmt"/>
      <line num="247" count="17" type="cond" truecount="1" falsecount="1"/>
      <line num="248" count="17" type="stmt"/>
      <line num="249" count="17" type="stmt"/>
      <line num="250" count="17" type="stmt"/>
      <line num="251" count="17" type="stmt"/>
      <line num="252" count="17" type="stmt"/>
      <line num="253" count="17" type="stmt"/>
      <line num="254" count="17" type="cond" truecount="1" falsecount="0"/>
      <line num="255" count="17" type="stmt"/>
      <line num="256" count="17" type="stmt"/>
      <line num="257" count="17" type="stmt"/>
      <line num="258" count="17" type="stmt"/>
      <line num="259" count="17" type="stmt"/>
      <line num="262" count="17" type="stmt"/>
      <line num="263" count="17" type="stmt"/>
      <line num="264" count="17" type="cond" truecount="1" falsecount="1"/>
      <line num="265" count="17" type="stmt"/>
      <line num="266" count="17" type="stmt"/>
      <line num="267" count="17" type="stmt"/>
      <line num="268" count="17" type="stmt"/>
      <line num="269" count="17" type="stmt"/>
      <line num="270" count="17" type="stmt"/>
      <line num="272" count="17" type="cond" truecount="2" falsecount="0"/>
      <line num="273" count="6" type="cond" truecount="4" falsecount="0"/>
      <line num="274" count="6" type="stmt"/>
      <line num="275" count="6" type="stmt"/>
      <line num="277" count="17" type="cond" truecount="2" falsecount="0"/>
      <line num="278" count="2" type="stmt"/>
      <line num="281" count="17" type="stmt"/>
      <line num="282" count="17" type="stmt"/>
      <line num="283" count="17" type="stmt"/>
      <line num="284" count="17" type="stmt"/>
      <line num="285" count="17" type="stmt"/>
      <line num="286" count="17" type="stmt"/>
      <line num="287" count="17" type="stmt"/>
      <line num="288" count="17" type="stmt"/>
      <line num="289" count="17" type="stmt"/>
      <line num="290" count="17" type="stmt"/>
      <line num="291" count="17" type="stmt"/>
      <line num="292" count="17" type="stmt"/>
      <line num="293" count="17" type="stmt"/>
      <line num="294" count="17" type="stmt"/>
      <line num="295" count="17" type="stmt"/>
      <line num="296" count="17" type="stmt"/>
      <line num="297" count="17" type="stmt"/>
      <line num="298" count="17" type="stmt"/>
      <line num="299" count="17" type="stmt"/>
      <line num="300" count="17" type="stmt"/>
      <line num="301" count="17" type="stmt"/>
      <line num="302" count="17" type="stmt"/>
      <line num="303" count="17" type="stmt"/>
      <line num="304" count="17" type="stmt"/>
      <line num="305" count="17" type="stmt"/>
      <line num="306" count="17" type="cond" truecount="0" falsecount="1"/>
      <line num="307" count="17" type="stmt"/>
      <line num="308" count="17" type="stmt"/>
      <line num="310" count="17" type="cond" truecount="1" falsecount="0"/>
      <line num="313" count="1" type="stmt"/>
      <line num="314" count="1" type="stmt"/>
      <line num="315" count="1" type="cond" truecount="0" falsecount="1"/>
      <line num="316" count="1" type="stmt"/>
      <line num="319" count="17" type="stmt"/>
      <line num="320" count="17" type="stmt"/>
      <line num="321" count="17" type="stmt"/>
      <line num="322" count="17" type="cond" truecount="2" falsecount="0"/>
      <line num="324" count="17" type="cond" truecount="2" falsecount="0"/>
      <line num="325" count="17" type="stmt"/>
      <line num="328" count="17" type="stmt"/>
      <line num="329" count="17" type="cond" truecount="1" falsecount="0"/>
      <line num="330" count="1" type="stmt"/>
      <line num="331" count="1" type="stmt"/>
      <line num="332" count="1" type="stmt"/>
      <line num="334" count="17" type="stmt"/>
      <line num="335" count="17" type="stmt"/>
      <line num="338" count="118" type="stmt"/>
      <line num="339" count="118" type="stmt"/>
      <line num="340" count="118" type="stmt"/>
      <line num="341" count="118" type="stmt"/>
      <line num="342" count="118" type="cond" truecount="1" falsecount="0"/>
      <line num="344" count="118" type="stmt"/>
      <line num="345" count="118" type="stmt"/>
      <line num="346" count="118" type="stmt"/>
      <line num="347" count="118" type="stmt"/>
      <line num="348" count="118" type="stmt"/>
      <line num="349" count="118" type="cond" truecount="1" falsecount="0"/>
      <line num="350" count="118" type="cond" truecount="1" falsecount="0"/>
      <line num="351" count="118" type="cond" truecount="1" falsecount="0"/>
      <line num="352" count="118" type="cond" truecount="1" falsecount="0"/>
      <line num="353" count="118" type="stmt"/>
      <line num="354" count="118" type="stmt"/>
      <line num="355" count="118" type="cond" truecount="1" falsecount="0"/>
      <line num="356" count="88" type="cond" truecount="1" falsecount="0"/>
      <line num="357" count="1" type="cond" truecount="1" falsecount="0"/>
      <line num="359" count="87" type="stmt"/>
      <line num="361" count="118" type="stmt"/>
      <line num="362" count="118" type="stmt"/>
      <line num="363" count="118" type="stmt"/>
      <line num="364" count="118" type="cond" truecount="1" falsecount="0"/>
      <line num="365" count="118" type="cond" truecount="2" falsecount="0"/>
      <line num="366" count="118" type="stmt"/>
      <line num="367" count="118" type="stmt"/>
      <line num="369" count="118" type="stmt"/>
      <line num="370" count="118" type="stmt"/>
      <line num="371" count="118" type="stmt"/>
      <line num="372" count="118" type="stmt"/>
      <line num="373" count="118" type="stmt"/>
      <line num="374" count="118" type="stmt"/>
      <line num="375" count="118" type="stmt"/>
      <line num="376" count="118" type="stmt"/>
      <line num="377" count="118" type="stmt"/>
      <line num="378" count="118" type="stmt"/>
      <line num="379" count="118" type="stmt"/>
      <line num="380" count="118" type="stmt"/>
      <line num="381" count="118" type="stmt"/>
      <line num="382" count="118" type="stmt"/>
      <line num="383" count="118" type="stmt"/>
      <line num="385" count="118" type="stmt"/>
      <line num="387" count="118" type="stmt"/>
      <line num="388" count="118" type="stmt"/>
      <line num="389" count="118" type="stmt"/>
      <line num="391" count="118" type="stmt"/>
    </file>
    <file name="BulkPanel.tsx" path="/Users/omercelik/Repositories/goldpath/ui/console/src/BulkPanel.tsx">
      <metrics statements="279" coveredstatements="279" conditionals="94" coveredconditionals="81" methods="21" coveredmethods="20"/>
      <line num="1" count="1" type="stmt"/>
      <line num="11" count="5" type="cond" truecount="1" falsecount="0"/>
      <line num="12" count="5" type="cond" truecount="1" falsecount="0"/>
      <line num="13" count="5" type="cond" truecount="2" falsecount="0"/>
      <line num="14" count="5" type="stmt"/>
      <line num="17" count="1" type="stmt"/>
      <line num="18" count="1" type="stmt"/>
      <line num="19" count="1" type="stmt"/>
      <line num="20" count="1" type="stmt"/>
      <line num="21" count="1" type="stmt"/>
      <line num="22" count="1" type="stmt"/>
      <line num="23" count="1" type="stmt"/>
      <line num="24" count="1" type="stmt"/>
      <line num="25" count="1" type="stmt"/>
      <line num="26" count="1" type="stmt"/>
      <line num="29" count="1" type="stmt"/>
      <line num="36" count="1" type="cond" truecount="1" falsecount="0"/>
      <line num="37" count="76" type="stmt"/>
      <line num="38" count="76" type="stmt"/>
      <line num="39" count="76" type="stmt"/>
      <line num="40" count="76" type="stmt"/>
      <line num="41" count="76" type="stmt"/>
      <line num="44" count="76" type="stmt"/>
      <line num="45" count="76" type="stmt"/>
      <line num="46" count="76" type="stmt"/>
      <line num="47" count="76" type="stmt"/>
      <line num="48" count="76" type="stmt"/>
      <line num="50" count="76" type="cond" truecount="2" falsecount="0"/>
      <line num="53" count="76" type="cond" truecount="1" falsecount="0"/>
      <line num="54" count="5" type="stmt"/>
      <line num="55" count="5" type="stmt"/>
      <line num="56" count="5" type="stmt"/>
      <line num="58" count="76" type="cond" truecount="1" falsecount="0"/>
      <line num="59" count="23" type="stmt"/>
      <line num="60" count="23" type="stmt"/>
      <line num="61" count="23" type="stmt"/>
      <line num="62" count="23" type="cond" truecount="1" falsecount="0"/>
      <line num="63" count="22" type="cond" truecount="0" falsecount="1"/>
      <line num="64" count="22" type="stmt"/>
      <line num="65" count="22" type="cond" truecount="4" falsecount="0"/>
      <line num="66" count="23" type="stmt"/>
      <line num="67" count="23" type="cond" truecount="1" falsecount="0"/>
      <line num="68" count="23" type="cond" truecount="1" falsecount="0"/>
      <line num="69" count="23" type="stmt"/>
      <line num="70" count="23" type="stmt"/>
      <line num="71" count="76" type="stmt"/>
      <line num="73" count="76" type="stmt"/>
      <line num="74" count="76" type="cond" truecount="1" falsecount="0"/>
      <line num="77" count="24" type="cond" truecount="2" falsecount="0"/>
      <line num="78" count="22" type="stmt"/>
      <line num="79" count="24" type="stmt"/>
      <line num="80" count="76" type="stmt"/>
      <line num="81" count="76" type="stmt"/>
      <line num="84" count="76" type="stmt"/>
      <line num="85" count="76" type="cond" truecount="1" falsecount="0"/>
      <line num="86" count="15" type="cond" truecount="0" falsecount="1"/>
      <line num="87" count="15" type="cond" truecount="2" falsecount="0"/>
      <line num="88" count="15" type="stmt"/>
      <line num="90" count="15" type="cond" truecount="3" falsecount="0"/>
      <line num="91" count="15" type="stmt"/>
      <line num="92" count="76" type="stmt"/>
      <line num="93" count="76" type="stmt"/>
      <line num="97" count="76" type="cond" truecount="1" falsecount="0"/>
      <line num="98" count="27" type="stmt"/>
      <line num="99" count="76" type="stmt"/>
      <line num="101" count="76" type="cond" truecount="1" falsecount="0"/>
      <line num="102" count="32" type="cond" truecount="1" falsecount="0"/>
      <line num="103" count="17" type="stmt"/>
      <line num="104" count="17" type="stmt"/>
      <line num="105" count="17" type="cond" truecount="1" falsecount="0"/>
      <line num="107" count="15" type="stmt"/>
      <line num="108" count="15" type="stmt"/>
      <line num="109" count="15" type="stmt"/>
      <line num="110" count="15" type="cond" truecount="1" falsecount="0"/>
      <line num="111" count="15" type="stmt"/>
      <line num="112" count="15" type="cond" truecount="1" falsecount="0"/>
      <line num="113" count="15" type="stmt"/>
      <line num="114" count="15" type="stmt"/>
      <line num="115" count="76" type="stmt"/>
      <line num="119" count="76" type="cond" truecount="1" falsecount="0"/>
      <line num="120" count="2" type="cond" truecount="0" falsecount="1"/>
      <line num="121" count="2" type="stmt"/>
      <line num="122" count="2" type="cond" truecount="1" falsecount="0"/>
      <line num="126" count="1" type="stmt"/>
      <line num="127" count="1" type="stmt"/>
      <line num="128" count="1" type="stmt"/>
      <line num="129" count="1" type="stmt"/>
      <line num="130" count="1" type="stmt"/>
      <line num="131" count="1" type="stmt"/>
      <line num="132" count="2" type="stmt"/>
      <line num="134" count="76" type="cond" truecount="3" falsecount="0"/>
      <line num="135" count="17" type="stmt"/>
      <line num="136" count="17" type="cond" truecount="1" falsecount="0"/>
      <line num="138" count="76" type="cond" truecount="2" falsecount="0"/>
      <line num="140" count="76" type="stmt"/>
      <line num="141" count="76" type="stmt"/>
      <line num="142" count="76" type="cond" truecount="1" falsecount="0"/>
      <line num="144" count="76" type="cond" truecount="1" falsecount="0"/>
      <line num="145" count="55" type="stmt"/>
      <line num="146" count="55" type="stmt"/>
      <line num="147" count="55" type="cond" truecount="1" falsecount="0"/>
      <line num="148" count="55" type="stmt"/>
      <line num="149" count="55" type="cond" truecount="0" falsecount="1"/>
      <line num="150" count="55" type="stmt"/>
      <line num="151" count="55" type="stmt"/>
      <line num="152" count="55" type="stmt"/>
      <line num="155" count="76" type="stmt"/>
      <line num="156" count="76" type="stmt"/>
      <line num="157" count="76" type="stmt"/>
      <line num="158" count="76" type="cond" truecount="2" falsecount="0"/>
      <line num="159" count="57" type="stmt"/>
      <line num="160" count="57" type="stmt"/>
      <line num="161" count="57" type="cond" truecount="1" falsecount="0"/>
      <line num="162" count="112" type="stmt"/>
      <line num="163" count="112" type="stmt"/>
      <line num="164" count="112" type="stmt"/>
      <line num="165" count="57" type="stmt"/>
      <line num="166" count="57" type="cond" truecount="1" falsecount="1"/>
      <line num="167" count="1" type="stmt"/>
      <line num="169" count="57" type="stmt"/>
      <line num="170" count="76" type="stmt"/>
      <line num="171" count="76" type="stmt"/>
      <line num="172" count="76" type="stmt"/>
      <line num="174" count="76" type="stmt"/>
      <line num="175" count="76" type="stmt"/>
      <line num="176" count="76" type="stmt"/>
      <line num="177" count="76" type="stmt"/>
      <line num="179" count="76" type="stmt"/>
      <line num="180" count="76" type="stmt"/>
      <line num="181" count="76" type="stmt"/>
      <line num="182" count="76" type="stmt"/>
      <line num="183" count="76" type="stmt"/>
      <line num="184" count="76" type="stmt"/>
      <line num="186" count="76" type="cond" truecount="2" falsecount="0"/>
      <line num="187" count="57" type="stmt"/>
      <line num="188" count="57" type="stmt"/>
      <line num="189" count="57" type="stmt"/>
      <line num="190" count="76" type="stmt"/>
      <line num="191" count="76" type="stmt"/>
      <line num="192" count="76" type="stmt"/>
      <line num="193" count="76" type="stmt"/>
      <line num="194" count="76" type="stmt"/>
      <line num="195" count="76" type="stmt"/>
      <line num="198" count="76" type="stmt"/>
      <line num="199" count="76" type="cond" truecount="1" falsecount="1"/>
      <line num="200" count="76" type="stmt"/>
      <line num="201" count="76" type="cond" truecount="1" falsecount="0"/>
      <line num="202" count="4" type="stmt"/>
      <line num="203" count="4" type="stmt"/>
      <line num="204" count="4" type="stmt"/>
      <line num="205" count="4" type="stmt"/>
      <line num="206" count="4" type="stmt"/>
      <line num="208" count="76" type="stmt"/>
      <line num="209" count="76" type="stmt"/>
      <line num="210" count="76" type="stmt"/>
      <line num="212" count="76" type="stmt"/>
      <line num="213" count="76" type="stmt"/>
      <line num="215" count="76" type="stmt"/>
      <line num="216" count="76" type="stmt"/>
      <line num="217" count="76" type="stmt"/>
      <line num="218" count="76" type="stmt"/>
      <line num="220" count="76" type="stmt"/>
      <line num="221" count="76" type="stmt"/>
      <line num="222" count="76" type="stmt"/>
      <line num="223" count="76" type="stmt"/>
      <line num="224" count="76" type="stmt"/>
      <line num="225" count="76" type="cond" truecount="1" falsecount="0"/>
      <line num="226" count="1" type="stmt"/>
      <line num="227" count="1" type="stmt"/>
      <line num="228" count="1" type="stmt"/>
      <line num="230" count="76" type="stmt"/>
      <line num="231" count="76" type="cond" truecount="1" falsecount="0"/>
      <line num="232" count="472" type="stmt"/>
      <line num="233" count="472" type="stmt"/>
      <line num="234" count="472" type="stmt"/>
      <line num="235" count="76" type="stmt"/>
      <line num="236" count="76" type="stmt"/>
      <line num="237" count="76" type="stmt"/>
      <line num="239" count="76" type="stmt"/>
      <line num="240" count="76" type="stmt"/>
      <line num="241" count="76" type="stmt"/>
      <line num="242" count="76" type="stmt"/>
      <line num="243" count="76" type="stmt"/>
      <line num="244" count="76" type="cond" truecount="1" falsecount="0"/>
      <line num="245" count="40" type="cond" truecount="1" falsecount="0"/>
      <line num="246" count="40" type="stmt"/>
      <line num="247" count="40" type="stmt"/>
      <line num="249" count="76" type="stmt"/>
      <line num="250" count="76" type="cond" truecount="1" falsecount="0"/>
      <line num="251" count="76" type="cond" truecount="1" falsecount="0"/>
      <line num="252" count="76" type="cond" truecount="1" falsecount="0"/>
      <line num="253" count="76" type="cond" truecount="1" falsecount="0"/>
      <line num="254" count="76" type="stmt"/>
      <line num="255" count="76" type="stmt"/>
      <line num="256" count="76" type="cond" truecount="1" falsecount="0"/>
      <line num="257" count="76" type="stmt"/>
      <line num="258" count="76" type="stmt"/>
      <line num="259" count="76" type="stmt"/>
      <line num="261" count="76" type="cond" truecount="1" falsecount="0"/>
      <line num="262" count="20" type="stmt"/>
      <line num="263" count="20" type="stmt"/>
      <line num="264" count="20" type="stmt"/>
      <line num="265" count="20" type="stmt"/>
      <line num="266" count="20" type="stmt"/>
      <line num="267" count="20" type="stmt"/>
      <line num="268" count="20" type="stmt"/>
      <line num="269" count="20" type="cond" truecount="0" falsecount="1"/>
      <line num="270" count="20" type="cond" truecount="1" falsecount="0"/>
      <line num="271" count="17" type="stmt"/>
      <line num="272" count="17" type="stmt"/>
      <line num="273" count="17" type="stmt"/>
      <line num="274" count="17" type="stmt"/>
      <line num="275" count="17" type="stmt"/>
      <line num="276" count="17" type="cond" truecount="1" falsecount="0"/>
      <line num="277" count="17" type="stmt"/>
      <line num="278" count="17" type="stmt"/>
      <line num="279" count="17" type="stmt"/>
      <line num="280" count="17" type="stmt"/>
      <line num="281" count="17" type="stmt"/>
      <line num="282" count="17" type="stmt"/>
      <line num="284" count="17" type="stmt"/>
      <line num="285" count="17" type="cond" truecount="1" falsecount="1"/>
      <line num="286" count="17" type="stmt"/>
      <line num="287" count="17" type="stmt"/>
      <line num="288" count="17" type="stmt"/>
      <line num="289" count="17" type="stmt"/>
      <line num="290" count="17" type="stmt"/>
      <line num="292" count="20" type="stmt"/>
      <line num="294" count="20" type="cond" truecount="2" falsecount="0"/>
      <line num="297" count="8" type="cond" truecount="4" falsecount="0"/>
      <line num="298" count="8" type="stmt"/>
      <line num="299" count="8" type="stmt"/>
      <line num="302" count="20" type="cond" truecount="2" falsecount="0"/>
      <line num="303" count="2" type="stmt"/>
      <line num="306" count="20" type="stmt"/>
      <line num="307" count="20" type="stmt"/>
      <line num="308" count="20" type="stmt"/>
      <line num="309" count="20" type="stmt"/>
      <line num="310" count="20" type="stmt"/>
      <line num="311" count="20" type="stmt"/>
      <line num="312" count="20" type="stmt"/>
      <line num="313" count="20" type="stmt"/>
      <line num="314" count="20" type="stmt"/>
      <line num="315" count="20" type="stmt"/>
      <line num="316" count="20" type="stmt"/>
      <line num="317" count="20" type="cond" truecount="2" falsecount="0"/>
      <line num="318" count="20" type="stmt"/>
      <line num="319" count="20" type="stmt"/>
      <line num="320" count="20" type="stmt"/>
      <line num="321" count="20" type="stmt"/>
      <line num="322" count="20" type="cond" truecount="0" falsecount="1"/>
      <line num="323" count="20" type="stmt"/>
      <line num="324" count="20" type="stmt"/>
      <line num="325" count="20" type="stmt"/>
      <line num="327" count="20" type="cond" truecount="1" falsecount="0"/>
      <line num="330" count="1" type="stmt"/>
      <line num="331" count="1" type="cond" truecount="0" falsecount="2"/>
      <line num="332" count="1" type="stmt"/>
      <line num="333" count="1" type="cond" truecount="0" falsecount="1"/>
      <line num="334" count="1" type="stmt"/>
      <line num="337" count="20" type="stmt"/>
      <line num="338" count="20" type="cond" truecount="2" falsecount="0"/>
      <line num="339" count="20" type="stmt"/>
      <line num="340" count="20" type="cond" truecount="1" falsecount="0"/>
      <line num="341" count="19" type="stmt"/>
      <line num="342" count="19" type="stmt"/>
      <line num="343" count="19" type="stmt"/>
      <line num="344" count="19" type="cond" truecount="1" falsecount="1"/>
      <line num="345" count="19" type="cond" truecount="1" falsecount="0"/>
      <line num="346" count="19" type="cond" truecount="1" falsecount="0"/>
      <line num="347" count="19" type="stmt"/>
      <line num="348" count="19" type="stmt"/>
      <line num="349" count="19" type="cond" truecount="1" falsecount="0"/>
      <line num="350" count="19" type="stmt"/>
      <line num="351" count="19" type="stmt"/>
      <line num="352" count="19" type="stmt"/>
      <line num="354" count="20" type="stmt"/>
      <line num="356" count="76" type="stmt"/>
      <line num="358" count="76" type="stmt"/>
    </file>
    <file name="CampaignPanel.tsx" path="/Users/omercelik/Repositories/goldpath/ui/console/src/CampaignPanel.tsx">
      <metrics statements="361" coveredstatements="361" conditionals="97" coveredconditionals="81" methods="29" coveredmethods="24"/>
      <line num="1" count="1" type="stmt"/>
      <line num="17" count="5" type="cond" truecount="1" falsecount="0"/>
      <line num="18" count="5" type="cond" truecount="1" falsecount="0"/>
      <line num="19" count="5" type="cond" truecount="2" falsecount="0"/>
      <line num="20" count="5" type="stmt"/>
      <line num="23" count="1" type="stmt"/>
      <line num="26" count="1" type="stmt"/>
      <line num="40" count="1" type="stmt"/>
      <line num="41" count="1" type="stmt"/>
      <line num="42" count="1" type="stmt"/>
      <line num="43" count="1" type="stmt"/>
      <line num="44" count="1" type="stmt"/>
      <line num="45" count="1" type="stmt"/>
      <line num="46" count="1" type="stmt"/>
      <line num="47" count="1" type="stmt"/>
      <line num="48" count="1" type="stmt"/>
      <line num="49" count="1" type="stmt"/>
      <line num="56" count="1" type="cond" truecount="1" falsecount="0"/>
      <line num="57" count="115" type="stmt"/>
      <line num="58" count="115" type="cond" truecount="3" falsecount="0"/>
      <line num="59" count="115" type="cond" truecount="3" falsecount="0"/>
      <line num="60" count="115" type="cond" truecount="1" falsecount="0"/>
      <line num="61" count="115" type="cond" truecount="0" falsecount="1"/>
      <line num="62" count="115" type="cond" truecount="0" falsecount="1"/>
      <line num="63" count="115" type="cond" truecount="0" falsecount="1"/>
      <line num="64" count="115" type="cond" truecount="0" falsecount="1"/>
      <line num="65" count="115" type="cond" truecount="1" falsecount="0"/>
      <line num="66" count="115" type="cond" truecount="1" falsecount="0"/>
      <line num="67" count="115" type="cond" truecount="1" falsecount="0"/>
      <line num="68" count="115" type="stmt"/>
      <line num="69" count="115" type="stmt"/>
      <line num="72" count="1" type="cond" truecount="1" falsecount="0"/>
      <line num="73" count="4" type="stmt"/>
      <line num="74" count="4" type="stmt"/>
      <line num="75" count="4" type="cond" truecount="0" falsecount="1"/>
      <line num="76" count="4" type="cond" truecount="0" falsecount="1"/>
      <line num="77" count="4" type="cond" truecount="0" falsecount="1"/>
      <line num="78" count="4" type="cond" truecount="0" falsecount="1"/>
      <line num="79" count="4" type="cond" truecount="1" falsecount="0"/>
      <line num="80" count="4" type="cond" truecount="1" falsecount="0"/>
      <line num="81" count="4" type="stmt"/>
      <line num="82" count="4" type="stmt"/>
      <line num="89" count="1" type="cond" truecount="1" falsecount="0"/>
      <line num="90" count="111" type="stmt"/>
      <line num="91" count="111" type="stmt"/>
      <line num="92" count="111" type="stmt"/>
      <line num="93" count="111" type="stmt"/>
      <line num="94" count="111" type="stmt"/>
      <line num="95" count="111" type="stmt"/>
      <line num="96" count="111" type="stmt"/>
      <line num="97" count="111" type="stmt"/>
      <line num="98" count="111" type="stmt"/>
      <line num="101" count="111" type="stmt"/>
      <line num="103" count="111" type="cond" truecount="2" falsecount="0"/>
      <line num="104" count="111" type="cond" truecount="1" falsecount="0"/>
      <line num="105" count="5" type="stmt"/>
      <line num="106" count="5" type="stmt"/>
      <line num="107" count="5" type="stmt"/>
      <line num="109" count="111" type="stmt"/>
      <line num="110" count="111" type="cond" truecount="1" falsecount="0"/>
      <line num="112" count="25" type="cond" truecount="2" falsecount="0"/>
      <line num="113" count="24" type="stmt"/>
      <line num="114" count="24" type="stmt"/>
      <line num="115" count="25" type="stmt"/>
      <line num="116" count="111" type="stmt"/>
      <line num="117" count="111" type="stmt"/>
      <line num="119" count="111" type="cond" truecount="1" falsecount="0"/>
      <line num="120" count="32" type="stmt"/>
      <line num="121" count="32" type="stmt"/>
      <line num="122" count="111" type="stmt"/>
      <line num="126" count="111" type="cond" truecount="1" falsecount="0"/>
      <line num="127" count="38" type="cond" truecount="1" falsecount="0"/>
      <line num="128" count="18" type="stmt"/>
      <line num="129" count="18" type="stmt"/>
      <line num="130" count="18" type="stmt"/>
      <line num="131" count="18" type="stmt"/>
      <line num="132" count="18" type="cond" truecount="1" falsecount="0"/>
      <line num="134" count="20" type="stmt"/>
      <line num="135" count="20" type="stmt"/>
      <line num="136" count="20" type="cond" truecount="1" falsecount="0"/>
      <line num="137" count="20" type="cond" truecount="0" falsecount="1"/>
      <line num="138" count="20" type="stmt"/>
      <line num="139" count="20" type="stmt"/>
      <line num="140" count="20" type="stmt"/>
      <line num="141" count="20" type="stmt"/>
      <line num="142" count="20" type="stmt"/>
      <line num="143" count="20" type="cond" truecount="1" falsecount="0"/>
      <line num="144" count="20" type="stmt"/>
      <line num="145" count="20" type="stmt"/>
      <line num="146" count="111" type="stmt"/>
      <line num="148" count="111" type="stmt"/>
      <line num="149" count="111" type="stmt"/>
      <line num="151" count="111" type="stmt"/>
      <line num="152" count="111" type="stmt"/>
      <line num="153" count="111" type="cond" truecount="0" falsecount="1"/>
      <line num="155" count="111" type="stmt"/>
      <line num="156" count="111" type="stmt"/>
      <line num="157" count="111" type="stmt"/>
      <line num="158" count="111" type="stmt"/>
      <line num="160" count="111" type="stmt"/>
      <line num="161" count="111" type="stmt"/>
      <line num="162" count="111" type="stmt"/>
      <line num="163" count="111" type="stmt"/>
      <line num="164" count="111" type="stmt"/>
      <line num="165" count="111" type="cond" truecount="1" falsecount="0"/>
      <line num="166" count="1" type="stmt"/>
      <line num="167" count="1" type="stmt"/>
      <line num="168" count="1" type="stmt"/>
      <line num="170" count="111" type="stmt"/>
      <line num="171" count="111" type="cond" truecount="1" falsecount="0"/>
      <line num="172" count="777" type="stmt"/>
      <line num="173" count="777" type="stmt"/>
      <line num="174" count="777" type="stmt"/>
      <line num="175" count="111" type="stmt"/>
      <line num="176" count="111" type="stmt"/>
      <line num="181" count="111" type="stmt"/>
      <line num="182" count="111" type="stmt"/>
      <line num="183" count="111" type="stmt"/>
      <line num="184" count="111" type="stmt"/>
      <line num="186" count="111" type="stmt"/>
      <line num="187" count="111" type="stmt"/>
      <line num="189" count="111" type="stmt"/>
      <line num="190" count="111" type="stmt"/>
      <line num="191" count="111" type="stmt"/>
      <line num="192" count="111" type="stmt"/>
      <line num="193" count="111" type="stmt"/>
      <line num="194" count="111" type="cond" truecount="1" falsecount="0"/>
      <line num="195" count="52" type="cond" truecount="1" falsecount="0"/>
      <line num="196" count="52" type="stmt"/>
      <line num="197" count="52" type="stmt"/>
      <line num="199" count="111" type="stmt"/>
      <line num="200" count="111" type="cond" truecount="1" falsecount="0"/>
      <line num="201" count="111" type="cond" truecount="1" falsecount="0"/>
      <line num="202" count="111" type="cond" truecount="1" falsecount="0"/>
      <line num="203" count="111" type="cond" truecount="1" falsecount="0"/>
      <line num="204" count="111" type="cond" truecount="1" falsecount="0"/>
      <line num="205" count="111" type="cond" truecount="1" falsecount="0"/>
      <line num="206" count="111" type="stmt"/>
      <line num="207" count="111" type="stmt"/>
      <line num="208" count="111" type="cond" truecount="1" falsecount="0"/>
      <line num="209" count="111" type="cond" truecount="2" falsecount="0"/>
      <line num="210" count="111" type="stmt"/>
      <line num="211" count="111" type="stmt"/>
      <line num="213" count="111" type="cond" truecount="1" falsecount="0"/>
      <line num="214" count="29" type="stmt"/>
      <line num="215" count="29" type="stmt"/>
      <line num="216" count="29" type="stmt"/>
      <line num="217" count="29" type="stmt"/>
      <line num="218" count="29" type="stmt"/>
      <line num="219" count="29" type="stmt"/>
      <line num="220" count="29" type="cond" truecount="2" falsecount="1"/>
      <line num="222" count="1" type="stmt"/>
      <line num="224" count="29" type="cond" truecount="1" falsecount="0"/>
      <line num="225" count="26" type="stmt"/>
      <line num="226" count="26" type="stmt"/>
      <line num="227" count="26" type="stmt"/>
      <line num="228" count="26" type="stmt"/>
      <line num="229" count="26" type="cond" truecount="1" falsecount="0"/>
      <line num="230" count="26" type="stmt"/>
      <line num="231" count="26" type="stmt"/>
      <line num="232" count="26" type="stmt"/>
      <line num="233" count="26" type="stmt"/>
      <line num="234" count="26" type="stmt"/>
      <line num="235" count="26" type="stmt"/>
      <line num="236" count="26" type="stmt"/>
      <line num="237" count="26" type="cond" truecount="1" falsecount="1"/>
      <line num="238" count="26" type="stmt"/>
      <line num="239" count="26" type="stmt"/>
      <line num="240" count="26" type="stmt"/>
      <line num="241" count="26" type="stmt"/>
      <line num="242" count="26" type="stmt"/>
      <line num="244" count="29" type="cond" truecount="1" falsecount="0"/>
      <line num="245" count="2" type="stmt"/>
      <line num="246" count="2" type="stmt"/>
      <line num="247" count="2" type="stmt"/>
      <line num="248" count="2" type="stmt"/>
      <line num="249" count="2" type="stmt"/>
      <line num="250" count="2" type="stmt"/>
      <line num="251" count="2" type="stmt"/>
      <line num="252" count="2" type="stmt"/>
      <line num="253" count="2" type="stmt"/>
      <line num="254" count="2" type="stmt"/>
      <line num="255" count="2" type="stmt"/>
      <line num="256" count="2" type="stmt"/>
      <line num="257" count="2" type="stmt"/>
      <line num="258" count="2" type="stmt"/>
      <line num="259" count="2" type="stmt"/>
      <line num="260" count="2" type="stmt"/>
      <line num="261" count="2" type="stmt"/>
      <line num="262" count="2" type="stmt"/>
      <line num="264" count="29" type="stmt"/>
      <line num="266" count="29" type="cond" truecount="2" falsecount="0"/>
      <line num="268" count="8" type="cond" truecount="4" falsecount="0"/>
      <line num="269" count="8" type="stmt"/>
      <line num="270" count="8" type="stmt"/>
      <line num="272" count="29" type="cond" truecount="2" falsecount="0"/>
      <line num="273" count="2" type="stmt"/>
      <line num="276" count="29" type="stmt"/>
      <line num="277" count="29" type="stmt"/>
      <line num="278" count="29" type="stmt"/>
      <line num="279" count="29" type="stmt"/>
      <line num="280" count="29" type="stmt"/>
      <line num="281" count="29" type="cond" truecount="0" falsecount="1"/>
      <line num="282" count="29" type="stmt"/>
      <line num="283" count="29" type="stmt"/>
      <line num="284" count="29" type="stmt"/>
      <line num="285" count="29" type="stmt"/>
      <line num="286" count="29" type="stmt"/>
      <line num="287" count="29" type="stmt"/>
      <line num="288" count="29" type="cond" truecount="0" falsecount="1"/>
      <line num="289" count="29" type="stmt"/>
      <line num="290" count="29" type="stmt"/>
      <line num="291" count="29" type="stmt"/>
      <line num="292" count="29" type="stmt"/>
      <line num="293" count="29" type="stmt"/>
      <line num="294" count="29" type="stmt"/>
      <line num="295" count="29" type="stmt"/>
      <line num="296" count="29" type="stmt"/>
      <line num="297" count="29" type="stmt"/>
      <line num="298" count="29" type="stmt"/>
      <line num="299" count="29" type="stmt"/>
      <line num="300" count="29" type="stmt"/>
      <line num="301" count="29" type="stmt"/>
      <line num="303" count="29" type="stmt"/>
      <line num="305" count="29" type="stmt"/>
      <line num="306" count="29" type="stmt"/>
      <line num="307" count="29" type="stmt"/>
      <line num="308" count="29" type="stmt"/>
      <line num="309" count="29" type="stmt"/>
      <line num="310" count="29" type="cond" truecount="2" falsecount="0"/>
      <line num="311" count="29" type="stmt"/>
      <line num="312" count="29" type="stmt"/>
      <line num="313" count="29" type="stmt"/>
      <line num="314" count="29" type="stmt"/>
      <line num="315" count="29" type="stmt"/>
      <line num="316" count="29" type="cond" truecount="2" falsecount="0"/>
      <line num="317" count="28" type="cond" truecount="1" falsecount="0"/>
      <line num="318" count="1" type="stmt"/>
      <line num="319" count="29" type="stmt"/>
      <line num="320" count="29" type="cond" truecount="2" falsecount="0"/>
      <line num="321" count="29" type="stmt"/>
      <line num="322" count="29" type="stmt"/>
      <line num="323" count="29" type="stmt"/>
      <line num="324" count="29" type="stmt"/>
      <line num="325" count="29" type="stmt"/>
      <line num="326" count="29" type="stmt"/>
      <line num="327" count="29" type="stmt"/>
      <line num="328" count="29" type="stmt"/>
      <line num="329" count="29" type="stmt"/>
      <line num="330" count="29" type="stmt"/>
      <line num="331" count="29" type="cond" truecount="0" falsecount="1"/>
      <line num="332" count="29" type="stmt"/>
      <line num="333" count="29" type="stmt"/>
      <line num="335" count="29" type="cond" truecount="1" falsecount="0"/>
      <line num="336" count="26" type="stmt"/>
      <line num="337" count="26" type="stmt"/>
      <line num="339" count="26" type="stmt"/>
      <line num="340" count="26" type="stmt"/>
      <line num="342" count="26" type="stmt"/>
      <line num="343" count="26" type="stmt"/>
      <line num="344" count="26" type="stmt"/>
      <line num="345" count="26" type="stmt"/>
      <line num="346" count="26" type="stmt"/>
      <line num="347" count="26" type="cond" truecount="1" falsecount="0"/>
      <line num="348" count="78" type="stmt"/>
      <line num="349" count="78" type="cond" truecount="1" falsecount="0"/>
      <line num="350" count="78" type="stmt"/>
      <line num="351" count="78" type="stmt"/>
      <line num="352" count="78" type="stmt"/>
      <line num="353" count="78" type="stmt"/>
      <line num="354" count="78" type="stmt"/>
      <line num="355" count="78" type="stmt"/>
      <line num="356" count="78" type="cond" truecount="1" falsecount="0"/>
      <line num="357" count="78" type="stmt"/>
      <line num="358" count="78" type="stmt"/>
      <line num="359" count="26" type="stmt"/>
      <line num="361" count="26" type="stmt"/>
      <line num="362" count="26" type="stmt"/>
      <line num="363" count="26" type="stmt"/>
      <line num="364" count="26" type="stmt"/>
      <line num="365" count="26" type="cond" truecount="1" falsecount="0"/>
      <line num="366" count="52" type="stmt"/>
      <line num="367" count="52" type="stmt"/>
      <line num="368" count="52" type="stmt"/>
      <line num="369" count="52" type="stmt"/>
      <line num="370" count="52" type="stmt"/>
      <line num="371" count="52" type="stmt"/>
      <line num="372" count="52" type="stmt"/>
      <line num="373" count="52" type="stmt"/>
      <line num="374" count="52" type="stmt"/>
      <line num="375" count="52" type="stmt"/>
      <line num="376" count="26" type="stmt"/>
      <line num="377" count="26" type="stmt"/>
      <line num="379" count="26" type="stmt"/>
      <line num="380" count="26" type="stmt"/>
      <line num="381" count="26" type="stmt"/>
      <line num="382" count="26" type="stmt"/>
      <line num="383" count="26" type="stmt"/>
      <line num="384" count="26" type="stmt"/>
      <line num="385" count="26" type="stmt"/>
      <line num="386" count="26" type="stmt"/>
      <line num="387" count="26" type="stmt"/>
      <line num="388" count="26" type="stmt"/>
      <line num="389" count="26" type="stmt"/>
      <line num="390" count="26" type="stmt"/>
      <line num="391" count="26" type="stmt"/>
      <line num="392" count="26" type="cond" truecount="1" falsecount="0"/>
      <line num="393" count="26" type="stmt"/>
      <line num="395" count="26" type="stmt"/>
      <line num="396" count="26" type="stmt"/>
      <line num="397" count="26" type="stmt"/>
      <line num="398" count="26" type="stmt"/>
      <line num="399" count="26" type="stmt"/>
      <line num="400" count="26" type="stmt"/>
      <line num="401" count="26" type="stmt"/>
      <line num="403" count="26" type="stmt"/>
      <line num="404" count="26" type="cond" truecount="1" falsecount="0"/>
      <line num="405" count="3" type="stmt"/>
      <line num="406" count="3" type="stmt"/>
      <line num="407" count="3" type="stmt"/>
      <line num="408" count="3" type="cond" truecount="1" falsecount="0"/>
      <line num="409" count="3" type="cond" truecount="1" falsecount="0"/>
      <line num="410" count="1" type="stmt"/>
      <line num="411" count="1" type="stmt"/>
      <line num="412" count="1" type="stmt"/>
      <line num="413" count="3" type="stmt"/>
      <line num="414" count="3" type="stmt"/>
      <line num="416" count="26" type="stmt"/>
      <line num="417" count="26" type="stmt"/>
      <line num="420" count="29" type="stmt"/>
      <line num="421" count="29" type="cond" truecount="2" falsecount="0"/>
      <line num="422" count="29" type="stmt"/>
      <line num="423" count="29" type="cond" truecount="1" falsecount="0"/>
      <line num="424" count="1" type="stmt"/>
      <line num="425" count="1" type="stmt"/>
      <line num="426" count="1" type="cond" truecount="1" falsecount="0"/>
      <line num="427" count="1" type="stmt"/>
      <line num="428" count="1" type="stmt"/>
      <line num="429" count="1" type="cond" truecount="0" falsecount="1"/>
      <line num="430" count="1" type="stmt"/>
      <line num="431" count="1" type="stmt"/>
      <line num="432" count="1" type="stmt"/>
      <line num="433" count="1" type="stmt"/>
      <line num="434" count="1" type="stmt"/>
      <line num="436" count="1" type="stmt"/>
      <line num="437" count="1" type="stmt"/>
      <line num="440" count="29" type="stmt"/>
      <line num="446" count="29" type="stmt"/>
      <line num="447" count="29" type="cond" truecount="1" falsecount="0"/>
      <line num="448" count="1" type="stmt"/>
      <line num="449" count="1" type="stmt"/>
      <line num="450" count="1" type="stmt"/>
      <line num="451" count="1" type="stmt"/>
      <line num="452" count="1" type="stmt"/>
      <line num="453" count="1" type="stmt"/>
      <line num="454" count="29" type="stmt"/>
      <line num="455" count="29" type="cond" truecount="1" falsecount="0"/>
      <line num="456" count="29" type="stmt"/>
      <line num="457" count="29" type="stmt"/>
      <line num="459" count="111" type="stmt"/>
      <line num="461" count="111" type="stmt"/>
    </file>
    <file name="Console.tsx" path="/Users/omercelik/Repositories/goldpath/ui/console/src/Console.tsx">
      <metrics statements="61" coveredstatements="61" conditionals="37" coveredconditionals="35" methods="3" coveredmethods="1"/>
      <line num="1" count="1" type="stmt"/>
      <line num="21" count="1" type="stmt"/>
      <line num="22" count="1" type="stmt"/>
      <line num="23" count="1" type="stmt"/>
      <line num="24" count="1" type="stmt"/>
      <line num="25" count="1" type="stmt"/>
      <line num="26" count="1" type="stmt"/>
      <line num="27" count="1" type="stmt"/>
      <line num="36" count="1" type="cond" truecount="1" falsecount="0"/>
      <line num="37" count="20" type="cond" truecount="1" falsecount="0"/>
      <line num="38" count="20" type="stmt"/>
      <line num="39" count="20" type="stmt"/>
      <line num="40" count="20" type="stmt"/>
      <line num="42" count="20" type="cond" truecount="1" falsecount="0"/>
      <line num="43" count="10" type="stmt"/>
      <line num="44" count="10" type="cond" truecount="1" falsecount="0"/>
      <line num="45" count="10" type="cond" truecount="0" falsecount="1"/>
      <line num="46" count="10" type="stmt"/>
      <line num="47" count="10" type="cond" truecount="1" falsecount="0"/>
      <line num="48" count="10" type="cond" truecount="1" falsecount="0"/>
      <line num="49" count="10" type="stmt"/>
      <line num="50" count="10" type="cond" truecount="1" falsecount="0"/>
      <line num="51" count="10" type="stmt"/>
      <line num="52" count="10" type="stmt"/>
      <line num="53" count="20" type="stmt"/>
      <line num="55" count="20" type="cond" truecount="1" falsecount="0"/>
      <line num="56" count="10" type="cond" truecount="2" falsecount="0"/>
      <line num="57" count="18" type="stmt"/>
      <line num="58" count="18" type="stmt"/>
      <line num="59" count="18" type="stmt"/>
      <line num="60" count="10" type="cond" truecount="1" falsecount="0"/>
      <line num="61" count="10" type="stmt"/>
      <line num="63" count="20" type="stmt"/>
      <line num="64" count="20" type="stmt"/>
      <line num="65" count="20" type="stmt"/>
      <line num="66" count="20" type="stmt"/>
      <line num="67" count="20" type="stmt"/>
      <line num="68" count="20" type="stmt"/>
      <line num="69" count="20" type="stmt"/>
      <line num="71" count="20" type="cond" truecount="1" falsecount="0"/>
      <line num="73" count="20" type="cond" truecount="2" falsecount="0"/>
      <line num="74" count="1" type="stmt"/>
      <line num="76" count="1" type="stmt"/>
      <line num="79" count="20" type="cond" truecount="2" falsecount="0"/>
      <line num="80" count="2" type="stmt"/>
      <line num="81" count="2" type="stmt"/>
      <line num="82" count="2" type="cond" truecount="2" falsecount="0"/>
      <line num="83" count="2" type="stmt"/>
      <line num="86" count="20" type="cond" truecount="2" falsecount="0"/>
      <line num="89" count="1" type="stmt"/>
      <line num="90" count="1" type="stmt"/>
      <line num="91" count="1" type="cond" truecount="0" falsecount="1"/>
      <line num="92" count="1" type="stmt"/>
      <line num="95" count="20" type="cond" truecount="3" falsecount="0"/>
      <line num="96" count="2" type="stmt"/>
      <line num="99" count="20" type="cond" truecount="3" falsecount="0"/>
      <line num="101" count="20" type="cond" truecount="3" falsecount="0"/>
      <line num="103" count="20" type="cond" truecount="3" falsecount="0"/>
      <line num="105" count="20" type="cond" truecount="3" falsecount="0"/>
      <line num="106" count="20" type="stmt"/>
      <line num="108" count="20" type="stmt"/>
    </file>
    <file name="NotificationPanel.tsx" path="/Users/omercelik/Repositories/goldpath/ui/console/src/NotificationPanel.tsx">
      <metrics statements="246" coveredstatements="245" conditionals="76" coveredconditionals="69" methods="14" coveredmethods="13"/>
      <line num="1" count="1" type="stmt"/>
      <line num="10" count="1" type="stmt"/>
      <line num="13" count="1" type="stmt"/>
      <line num="14" count="1" type="stmt"/>
      <line num="15" count="1" type="stmt"/>
      <line num="16" count="1" type="stmt"/>
      <line num="17" count="1" type="stmt"/>
      <line num="25" count="1" type="cond" truecount="1" falsecount="0"/>
      <line num="26" count="33" type="cond" truecount="2" falsecount="0"/>
      <line num="27" count="32" type="stmt"/>
      <line num="28" count="33" type="cond" truecount="1" falsecount="1"/>
      <line num="29" count="32" type="stmt"/>
      <line num="30" count="33" type="cond" truecount="1" falsecount="0"/>
      <line num="31" count="33" type="cond" truecount="2" falsecount="0"/>
      <line num="32" count="33" type="cond" truecount="1" falsecount="0"/>
      <line num="33" count="1" type="stmt"/>
      <line num="34" count="1" type="stmt"/>
      <line num="43" count="1" type="cond" truecount="1" falsecount="0"/>
      <line num="44" count="44" type="stmt"/>
      <line num="45" count="44" type="stmt"/>
      <line num="46" count="44" type="stmt"/>
      <line num="47" count="44" type="stmt"/>
      <line num="48" count="44" type="stmt"/>
      <line num="49" count="44" type="stmt"/>
      <line num="50" count="44" type="stmt"/>
      <line num="51" count="44" type="stmt"/>
      <line num="53" count="44" type="stmt"/>
      <line num="55" count="44" type="cond" truecount="1" falsecount="0"/>
      <line num="56" count="13" type="stmt"/>
      <line num="57" count="13" type="stmt"/>
      <line num="58" count="13" type="stmt"/>
      <line num="59" count="13" type="cond" truecount="1" falsecount="0"/>
      <line num="60" count="13" type="cond" truecount="1" falsecount="0"/>
      <line num="61" count="13" type="cond" truecount="1" falsecount="0"/>
      <line num="62" count="13" type="stmt"/>
      <line num="63" count="13" type="stmt"/>
      <line num="64" count="44" type="stmt"/>
      <line num="66" count="44" type="stmt"/>
      <line num="67" count="44" type="cond" truecount="1" falsecount="0"/>
      <line num="70" count="19" type="stmt"/>
      <line num="71" count="19" type="cond" truecount="1" falsecount="0"/>
      <line num="72" count="2" type="cond" truecount="1" falsecount="0"/>
      <line num="73" count="17" type="cond" truecount="1" falsecount="0"/>
      <line num="74" count="2" type="cond" truecount="1" falsecount="0"/>
      <line num="75" count="15" type="cond" truecount="3" falsecount="0"/>
      <line num="76" count="13" type="stmt"/>
      <line num="77" count="19" type="stmt"/>
      <line num="78" count="44" type="stmt"/>
      <line num="79" count="44" type="stmt"/>
      <line num="83" count="44" type="cond" truecount="1" falsecount="0"/>
      <line num="84" count="19" type="cond" truecount="1" falsecount="0"/>
      <line num="85" count="13" type="stmt"/>
      <line num="86" count="13" type="stmt"/>
      <line num="87" count="13" type="cond" truecount="1" falsecount="0"/>
      <line num="89" count="6" type="stmt"/>
      <line num="90" count="6" type="stmt"/>
      <line num="91" count="6" type="stmt"/>
      <line num="92" count="6" type="cond" truecount="1" falsecount="0"/>
      <line num="93" count="6" type="stmt"/>
      <line num="94" count="6" type="cond" truecount="1" falsecount="0"/>
      <line num="95" count="6" type="stmt"/>
      <line num="96" count="6" type="stmt"/>
      <line num="97" count="44" type="stmt"/>
      <line num="99" count="44" type="cond" truecount="2" falsecount="1"/>
      <line num="101" count="44" type="stmt"/>
      <line num="102" count="44" type="stmt"/>
      <line num="103" count="44" type="cond" truecount="1" falsecount="0"/>
      <line num="105" count="44" type="cond" truecount="1" falsecount="0"/>
      <line num="106" count="29" type="stmt"/>
      <line num="107" count="29" type="stmt"/>
      <line num="108" count="29" type="cond" truecount="1" falsecount="1"/>
      <line num="109" count="29" type="stmt"/>
      <line num="110" count="29" type="stmt"/>
      <line num="113" count="44" type="stmt"/>
      <line num="114" count="44" type="stmt"/>
      <line num="115" count="44" type="stmt"/>
      <line num="116" count="44" type="cond" truecount="2" falsecount="0"/>
      <line num="117" count="29" type="stmt"/>
      <line num="118" count="29" type="stmt"/>
      <line num="120" count="29" type="stmt"/>
      <line num="121" count="29" type="stmt"/>
      <line num="122" count="29" type="stmt"/>
      <line num="123" count="29" type="stmt"/>
      <line num="124" count="29" type="cond" truecount="1" falsecount="0"/>
      <line num="125" count="58" type="stmt"/>
      <line num="126" count="58" type="stmt"/>
      <line num="127" count="58" type="stmt"/>
      <line num="128" count="29" type="stmt"/>
      <line num="129" count="29" type="cond" truecount="0" falsecount="2"/>
      <line num="130" count="0" type="stmt"/>
      <line num="132" count="29" type="stmt"/>
      <line num="133" count="44" type="stmt"/>
      <line num="134" count="44" type="cond" truecount="2" falsecount="0"/>
      <line num="135" count="44" type="stmt"/>
      <line num="136" count="44" type="stmt"/>
      <line num="138" count="44" type="stmt"/>
      <line num="139" count="44" type="stmt"/>
      <line num="140" count="44" type="cond" truecount="1" falsecount="0"/>
      <line num="141" count="132" type="stmt"/>
      <line num="142" count="132" type="stmt"/>
      <line num="143" count="132" type="stmt"/>
      <line num="144" count="132" type="stmt"/>
      <line num="145" count="132" type="cond" truecount="2" falsecount="0"/>
      <line num="146" count="132" type="stmt"/>
      <line num="147" count="132" type="cond" truecount="1" falsecount="0"/>
      <line num="148" count="4" type="stmt"/>
      <line num="149" count="4" type="stmt"/>
      <line num="150" count="4" type="stmt"/>
      <line num="152" count="132" type="stmt"/>
      <line num="153" count="132" type="stmt"/>
      <line num="154" count="44" type="stmt"/>
      <line num="156" count="44" type="cond" truecount="1" falsecount="0"/>
      <line num="157" count="36" type="stmt"/>
      <line num="158" count="36" type="stmt"/>
      <line num="160" count="36" type="stmt"/>
      <line num="161" count="36" type="stmt"/>
      <line num="162" count="36" type="stmt"/>
      <line num="163" count="36" type="stmt"/>
      <line num="164" count="36" type="stmt"/>
      <line num="165" count="36" type="cond" truecount="1" falsecount="0"/>
      <line num="166" count="1" type="stmt"/>
      <line num="167" count="1" type="stmt"/>
      <line num="168" count="1" type="stmt"/>
      <line num="170" count="36" type="stmt"/>
      <line num="171" count="36" type="cond" truecount="1" falsecount="0"/>
      <line num="172" count="144" type="stmt"/>
      <line num="173" count="144" type="stmt"/>
      <line num="174" count="144" type="stmt"/>
      <line num="175" count="36" type="stmt"/>
      <line num="176" count="36" type="stmt"/>
      <line num="178" count="36" type="stmt"/>
      <line num="180" count="36" type="stmt"/>
      <line num="181" count="36" type="stmt"/>
      <line num="182" count="36" type="stmt"/>
      <line num="183" count="36" type="stmt"/>
      <line num="184" count="36" type="stmt"/>
      <line num="185" count="36" type="cond" truecount="1" falsecount="0"/>
      <line num="186" count="1" type="stmt"/>
      <line num="187" count="1" type="stmt"/>
      <line num="188" count="1" type="stmt"/>
      <line num="190" count="36" type="stmt"/>
      <line num="191" count="36" type="cond" truecount="2" falsecount="0"/>
      <line num="192" count="21" type="stmt"/>
      <line num="193" count="21" type="stmt"/>
      <line num="194" count="21" type="stmt"/>
      <line num="195" count="36" type="stmt"/>
      <line num="196" count="36" type="stmt"/>
      <line num="197" count="36" type="stmt"/>
      <line num="200" count="44" type="stmt"/>
      <line num="201" count="44" type="stmt"/>
      <line num="202" count="44" type="stmt"/>
      <line num="203" count="44" type="stmt"/>
      <line num="205" count="44" type="stmt"/>
      <line num="206" count="44" type="stmt"/>
      <line num="208" count="44" type="stmt"/>
      <line num="209" count="44" type="stmt"/>
      <line num="210" count="44" type="stmt"/>
      <line num="211" count="44" type="stmt"/>
      <line num="212" count="44" type="stmt"/>
      <line num="213" count="44" type="cond" truecount="1" falsecount="0"/>
      <line num="214" count="29" type="cond" truecount="1" falsecount="0"/>
      <line num="215" count="29" type="stmt"/>
      <line num="216" count="29" type="stmt"/>
      <line num="218" count="44" type="stmt"/>
      <line num="219" count="44" type="cond" truecount="1" falsecount="0"/>
      <line num="220" count="44" type="cond" truecount="1" falsecount="0"/>
      <line num="221" count="44" type="cond" truecount="1" falsecount="0"/>
      <line num="222" count="44" type="cond" truecount="1" falsecount="0"/>
      <line num="223" count="44" type="cond" truecount="1" falsecount="0"/>
      <line num="224" count="44" type="stmt"/>
      <line num="225" count="44" type="stmt"/>
      <line num="226" count="44" type="cond" truecount="1" falsecount="0"/>
      <line num="227" count="44" type="stmt"/>
      <line num="228" count="44" type="cond" truecount="1" falsecount="0"/>
      <line num="229" count="4" type="cond" truecount="1" falsecount="0"/>
      <line num="230" count="40" type="cond" truecount="1" falsecount="0"/>
      <line num="231" count="4" type="cond" truecount="1" falsecount="0"/>
      <line num="232" count="36" type="stmt"/>
      <line num="234" count="44" type="stmt"/>
      <line num="235" count="44" type="stmt"/>
      <line num="238" count="44" type="stmt"/>
      <line num="239" count="44" type="stmt"/>
      <line num="241" count="44" type="cond" truecount="1" falsecount="0"/>
      <line num="242" count="6" type="stmt"/>
      <line num="243" count="6" type="stmt"/>
      <line num="244" count="6" type="stmt"/>
      <line num="245" count="6" type="stmt"/>
      <line num="246" count="6" type="stmt"/>
      <line num="247" count="6" type="stmt"/>
      <line num="248" count="6" type="cond" truecount="0" falsecount="1"/>
      <line num="249" count="6" type="stmt"/>
      <line num="251" count="6" type="stmt"/>
      <line num="252" count="6" type="stmt"/>
      <line num="253" count="6" type="stmt"/>
      <line num="255" count="6" type="stmt"/>
      <line num="256" count="6" type="stmt"/>
      <line num="257" count="6" type="stmt"/>
      <line num="258" count="6" type="stmt"/>
      <line num="259" count="6" type="stmt"/>
      <line num="260" count="6" type="stmt"/>
      <line num="261" count="6" type="stmt"/>
      <line num="262" count="6" type="stmt"/>
      <line num="263" count="6" type="stmt"/>
      <line num="264" count="6" type="stmt"/>
      <line num="265" count="6" type="stmt"/>
      <line num="266" count="6" type="stmt"/>
      <line num="267" count="6" type="stmt"/>
      <line num="268" count="6" type="stmt"/>
      <line num="269" count="6" type="stmt"/>
      <line num="270" count="6" type="stmt"/>
      <line num="271" count="6" type="stmt"/>
      <line num="272" count="6" type="stmt"/>
      <line num="273" count="6" type="stmt"/>
      <line num="274" count="6" type="stmt"/>
      <line num="275" count="6" type="stmt"/>
      <line num="276" count="6" type="stmt"/>
      <line num="277" count="6" type="stmt"/>
      <line num="278" count="6" type="stmt"/>
      <line num="279" count="6" type="cond" truecount="0" falsecount="1"/>
      <line num="280" count="6" type="stmt"/>
      <line num="281" count="6" type="stmt"/>
      <line num="282" count="6" type="stmt"/>
      <line num="283" count="6" type="cond" truecount="3" falsecount="0"/>
      <line num="284" count="6" type="stmt"/>
      <line num="285" count="6" type="stmt"/>
      <line num="286" count="6" type="stmt"/>
      <line num="288" count="6" type="cond" truecount="2" falsecount="0"/>
      <line num="289" count="6" type="stmt"/>
      <line num="290" count="6" type="cond" truecount="1" falsecount="0"/>
      <line num="291" count="1" type="stmt"/>
      <line num="292" count="1" type="stmt"/>
      <line num="293" count="1" type="stmt"/>
      <line num="294" count="1" type="stmt"/>
      <line num="296" count="6" type="cond" truecount="1" falsecount="0"/>
      <line num="297" count="1" type="stmt"/>
      <line num="298" count="1" type="stmt"/>
      <line num="299" count="1" type="stmt"/>
      <line num="300" count="1" type="stmt"/>
      <line num="302" count="6" type="stmt"/>
      <line num="304" count="6" type="cond" truecount="1" falsecount="0"/>
      <line num="306" count="2" type="cond" truecount="2" falsecount="0"/>
      <line num="307" count="2" type="stmt"/>
      <line num="308" count="2" type="stmt"/>
      <line num="310" count="6" type="stmt"/>
      <line num="312" count="44" type="stmt"/>
      <line num="314" count="44" type="stmt"/>
    </file>
    <file name="RunConsole.tsx" path="/Users/omercelik/Repositories/goldpath/ui/console/src/RunConsole.tsx">
      <metrics statements="186" coveredstatements="186" conditionals="57" coveredconditionals="52" methods="16" coveredmethods="14"/>
      <line num="1" count="1" type="stmt"/>
      <line num="13" count="4" type="cond" truecount="1" falsecount="0"/>
      <line num="14" count="4" type="stmt"/>
      <line num="15" count="4" type="cond" truecount="2" falsecount="0"/>
      <line num="16" count="4" type="stmt"/>
      <line num="23" count="1" type="cond" truecount="1" falsecount="0"/>
      <line num="24" count="48" type="stmt"/>
      <line num="25" count="48" type="stmt"/>
      <line num="26" count="48" type="stmt"/>
      <line num="27" count="48" type="stmt"/>
      <line num="28" count="48" type="stmt"/>
      <line num="29" count="48" type="stmt"/>
      <line num="30" count="48" type="stmt"/>
      <line num="32" count="48" type="cond" truecount="1" falsecount="0"/>
      <line num="33" count="11" type="stmt"/>
      <line num="34" count="11" type="stmt"/>
      <line num="35" count="11" type="stmt"/>
      <line num="36" count="11" type="cond" truecount="1" falsecount="0"/>
      <line num="37" count="10" type="cond" truecount="0" falsecount="1"/>
      <line num="38" count="10" type="stmt"/>
      <line num="39" count="10" type="cond" truecount="1" falsecount="1"/>
      <line num="40" count="11" type="stmt"/>
      <line num="41" count="11" type="cond" truecount="1" falsecount="0"/>
      <line num="42" count="11" type="cond" truecount="1" falsecount="0"/>
      <line num="43" count="11" type="stmt"/>
      <line num="44" count="11" type="stmt"/>
      <line num="45" count="48" type="stmt"/>
      <line num="47" count="48" type="cond" truecount="1" falsecount="0"/>
      <line num="48" count="25" type="cond" truecount="2" falsecount="0"/>
      <line num="49" count="14" type="stmt"/>
      <line num="50" count="14" type="stmt"/>
      <line num="51" count="14" type="stmt"/>
      <line num="52" count="14" type="cond" truecount="1" falsecount="0"/>
      <line num="53" count="14" type="stmt"/>
      <line num="54" count="14" type="cond" truecount="1" falsecount="0"/>
      <line num="55" count="14" type="stmt"/>
      <line num="56" count="14" type="stmt"/>
      <line num="57" count="48" type="stmt"/>
      <line num="59" count="48" type="stmt"/>
      <line num="60" count="48" type="cond" truecount="1" falsecount="0"/>
      <line num="63" count="14" type="cond" truecount="0" falsecount="1"/>
      <line num="64" count="14" type="stmt"/>
      <line num="65" count="14" type="stmt"/>
      <line num="66" count="48" type="stmt"/>
      <line num="67" count="48" type="stmt"/>
      <line num="69" count="48" type="cond" truecount="1" falsecount="0"/>
      <line num="74" count="48" type="cond" truecount="1" falsecount="0"/>
      <line num="75" count="20" type="cond" truecount="1" falsecount="0"/>
      <line num="76" count="15" type="stmt"/>
      <line num="77" count="15" type="stmt"/>
      <line num="78" count="15" type="cond" truecount="1" falsecount="0"/>
      <line num="80" count="5" type="stmt"/>
      <line num="81" count="5" type="stmt"/>
      <line num="82" count="5" type="stmt"/>
      <line num="83" count="5" type="cond" truecount="1" falsecount="0"/>
      <line num="84" count="5" type="stmt"/>
      <line num="85" count="5" type="cond" truecount="1" falsecount="0"/>
      <line num="86" count="5" type="stmt"/>
      <line num="87" count="5" type="stmt"/>
      <line num="88" count="48" type="stmt"/>
      <line num="90" count="48" type="cond" truecount="2" falsecount="0"/>
      <line num="92" count="48" type="cond" truecount="2" falsecount="0"/>
      <line num="93" count="11" type="stmt"/>
      <line num="94" count="11" type="cond" truecount="1" falsecount="0"/>
      <line num="96" count="37" type="stmt"/>
      <line num="97" count="37" type="stmt"/>
      <line num="98" count="48" type="cond" truecount="1" falsecount="0"/>
      <line num="100" count="48" type="stmt"/>
      <line num="101" count="48" type="stmt"/>
      <line num="102" count="48" type="stmt"/>
      <line num="103" count="48" type="cond" truecount="1" falsecount="0"/>
      <line num="104" count="43" type="stmt"/>
      <line num="105" count="43" type="stmt"/>
      <line num="106" count="43" type="stmt"/>
      <line num="107" count="43" type="stmt"/>
      <line num="108" count="43" type="cond" truecount="2" falsecount="0"/>
      <line num="109" count="43" type="stmt"/>
      <line num="110" count="43" type="cond" truecount="1" falsecount="0"/>
      <line num="111" count="1" type="stmt"/>
      <line num="112" count="1" type="stmt"/>
      <line num="113" count="1" type="stmt"/>
      <line num="115" count="43" type="stmt"/>
      <line num="116" count="43" type="cond" truecount="0" falsecount="1"/>
      <line num="117" count="43" type="stmt"/>
      <line num="118" count="48" type="stmt"/>
      <line num="119" count="48" type="stmt"/>
      <line num="120" count="48" type="stmt"/>
      <line num="122" count="48" type="cond" truecount="1" falsecount="0"/>
      <line num="123" count="36" type="stmt"/>
      <line num="124" count="36" type="stmt"/>
      <line num="125" count="36" type="stmt"/>
      <line num="126" count="36" type="cond" truecount="1" falsecount="0"/>
      <line num="127" count="27" type="stmt"/>
      <line num="128" count="27" type="stmt"/>
      <line num="129" count="27" type="cond" truecount="1" falsecount="0"/>
      <line num="130" count="27" type="cond" truecount="0" falsecount="1"/>
      <line num="131" count="27" type="stmt"/>
      <line num="132" count="27" type="stmt"/>
      <line num="133" count="27" type="stmt"/>
      <line num="134" count="27" type="stmt"/>
      <line num="135" count="27" type="cond" truecount="1" falsecount="0"/>
      <line num="136" count="27" type="stmt"/>
      <line num="137" count="27" type="stmt"/>
      <line num="138" count="27" type="cond" truecount="1" falsecount="0"/>
      <line num="139" count="3" type="stmt"/>
      <line num="140" count="3" type="stmt"/>
      <line num="141" count="3" type="stmt"/>
      <line num="142" count="3" type="cond" truecount="1" falsecount="0"/>
      <line num="143" count="3" type="stmt"/>
      <line num="144" count="3" type="cond" truecount="1" falsecount="0"/>
      <line num="146" count="24" type="stmt"/>
      <line num="147" count="24" type="stmt"/>
      <line num="148" count="24" type="stmt"/>
      <line num="149" count="24" type="stmt"/>
      <line num="150" count="24" type="stmt"/>
      <line num="151" count="24" type="stmt"/>
      <line num="152" count="24" type="stmt"/>
      <line num="154" count="27" type="stmt"/>
      <line num="155" count="27" type="stmt"/>
      <line num="156" count="36" type="stmt"/>
      <line num="157" count="36" type="stmt"/>
      <line num="158" count="36" type="stmt"/>
      <line num="161" count="48" type="cond" truecount="1" falsecount="0"/>
      <line num="162" count="36" type="stmt"/>
      <line num="163" count="36" type="stmt"/>
      <line num="164" count="36" type="stmt"/>
      <line num="165" count="36" type="stmt"/>
      <line num="166" count="36" type="stmt"/>
      <line num="167" count="36" type="cond" truecount="1" falsecount="0"/>
      <line num="168" count="20" type="cond" truecount="1" falsecount="0"/>
      <line num="169" count="20" type="stmt"/>
      <line num="170" count="20" type="stmt"/>
      <line num="171" count="36" type="stmt"/>
      <line num="172" count="36" type="cond" truecount="1" falsecount="0"/>
      <line num="173" count="36" type="cond" truecount="1" falsecount="0"/>
      <line num="174" count="36" type="cond" truecount="1" falsecount="0"/>
      <line num="175" count="36" type="stmt"/>
      <line num="176" count="36" type="stmt"/>
      <line num="177" count="36" type="cond" truecount="1" falsecount="0"/>
      <line num="178" count="36" type="stmt"/>
      <line num="179" count="36" type="stmt"/>
      <line num="180" count="36" type="stmt"/>
      <line num="183" count="48" type="cond" truecount="1" falsecount="0"/>
      <line num="184" count="7" type="stmt"/>
      <line num="185" count="7" type="stmt"/>
      <line num="186" count="7" type="stmt"/>
      <line num="187" count="7" type="stmt"/>
      <line num="188" count="7" type="stmt"/>
      <line num="189" count="7" type="stmt"/>
      <line num="190" count="7" type="stmt"/>
      <line num="191" count="7" type="stmt"/>
      <line num="192" count="7" type="stmt"/>
      <line num="193" count="7" type="stmt"/>
      <line num="194" count="7" type="cond" truecount="1" falsecount="0"/>
      <line num="195" count="6" type="stmt"/>
      <line num="196" count="6" type="stmt"/>
      <line num="199" count="6" type="stmt"/>
      <line num="200" count="6" type="cond" truecount="1" falsecount="0"/>
      <line num="201" count="6" type="stmt"/>
      <line num="202" count="6" type="stmt"/>
      <line num="204" count="7" type="stmt"/>
      <line num="205" count="7" type="stmt"/>
      <line num="207" count="7" type="stmt"/>
      <line num="209" count="7" type="stmt"/>
      <line num="210" count="7" type="stmt"/>
      <line num="211" count="7" type="cond" truecount="1" falsecount="0"/>
      <line num="212" count="14" type="stmt"/>
      <line num="213" count="14" type="stmt"/>
      <line num="214" count="14" type="stmt"/>
      <line num="215" count="7" type="stmt"/>
      <line num="216" count="7" type="stmt"/>
      <line num="218" count="7" type="stmt"/>
      <line num="219" count="7" type="cond" truecount="2" falsecount="0"/>
      <line num="220" count="7" type="stmt"/>
      <line num="221" count="7" type="stmt"/>
      <line num="222" count="7" type="cond" truecount="1" falsecount="0"/>
      <line num="223" count="6" type="stmt"/>
      <line num="224" count="6" type="stmt"/>
      <line num="225" count="6" type="stmt"/>
      <line num="226" count="6" type="stmt"/>
      <line num="227" count="6" type="stmt"/>
      <line num="228" count="7" type="stmt"/>
      <line num="229" count="7" type="stmt"/>
      <line num="230" count="7" type="stmt"/>
      <line num="232" count="48" type="stmt"/>
      <line num="234" count="48" type="stmt"/>
    </file>
    <file name="adminClient.ts" path="/Users/omercelik/Repositories/goldpath/ui/console/src/adminClient.ts">
      <metrics statements="236" coveredstatements="236" conditionals="91" coveredconditionals="79" methods="44" coveredmethods="44"/>
      <line num="13" count="1" type="stmt"/>
      <line num="21" count="1" type="stmt"/>
      <line num="22" count="1" type="stmt"/>
      <line num="23" count="1" type="stmt"/>
      <line num="24" count="1" type="stmt"/>
      <line num="25" count="1" type="stmt"/>
      <line num="26" count="1" type="stmt"/>
      <line num="27" count="1" type="stmt"/>
      <line num="44" count="16" type="cond" truecount="1" falsecount="0"/>
      <line num="45" count="16" type="stmt"/>
      <line num="46" count="16" type="cond" truecount="1" falsecount="0"/>
      <line num="47" count="16" type="cond" truecount="2" falsecount="0"/>
      <line num="48" count="16" type="cond" truecount="1" falsecount="0"/>
      <line num="49" count="4" type="stmt"/>
      <line num="50" count="4" type="stmt"/>
      <line num="51" count="16" type="stmt"/>
      <line num="300" count="1" type="stmt"/>
      <line num="301" count="1" type="cond" truecount="1" falsecount="0"/>
      <line num="302" count="20" type="stmt"/>
      <line num="303" count="20" type="stmt"/>
      <line num="304" count="20" type="stmt"/>
      <line num="305" count="1" type="stmt"/>
      <line num="307" count="1" type="stmt"/>
      <line num="308" count="1" type="cond" truecount="1" falsecount="0"/>
      <line num="309" count="94" type="stmt"/>
      <line num="311" count="1" type="cond" truecount="1" falsecount="0"/>
      <line num="312" count="94" type="stmt"/>
      <line num="317" count="94" type="cond" truecount="0" falsecount="2"/>
      <line num="318" count="94" type="stmt"/>
      <line num="320" count="1" type="cond" truecount="1" falsecount="0"/>
      <line num="321" count="313" type="stmt"/>
      <line num="322" count="313" type="stmt"/>
      <line num="323" count="313" type="stmt"/>
      <line num="324" count="313" type="stmt"/>
      <line num="325" count="313" type="cond" truecount="2" falsecount="0"/>
      <line num="326" count="300" type="stmt"/>
      <line num="327" count="313" type="stmt"/>
      <line num="340" count="1" type="cond" truecount="1" falsecount="0"/>
      <line num="341" count="15" type="stmt"/>
      <line num="342" count="15" type="cond" truecount="1" falsecount="0"/>
      <line num="343" count="75" type="stmt"/>
      <line num="344" count="75" type="stmt"/>
      <line num="345" count="75" type="stmt"/>
      <line num="346" count="75" type="stmt"/>
      <line num="347" count="75" type="cond" truecount="1" falsecount="0"/>
      <line num="348" count="75" type="cond" truecount="3" falsecount="0"/>
      <line num="349" count="75" type="cond" truecount="2" falsecount="0"/>
      <line num="350" count="8" type="stmt"/>
      <line num="351" count="8" type="cond" truecount="1" falsecount="0"/>
      <line num="353" count="75" type="cond" truecount="2" falsecount="0"/>
      <line num="354" count="8" type="stmt"/>
      <line num="355" count="8" type="cond" truecount="1" falsecount="0"/>
      <line num="357" count="75" type="cond" truecount="0" falsecount="1"/>
      <line num="358" count="75" type="cond" truecount="1" falsecount="0"/>
      <line num="359" count="5" type="stmt"/>
      <line num="360" count="5" type="stmt"/>
      <line num="361" count="15" type="stmt"/>
      <line num="362" count="15" type="stmt"/>
      <line num="363" count="15" type="stmt"/>
      <line num="364" count="15" type="stmt"/>
      <line num="366" count="1" type="cond" truecount="1" falsecount="0"/>
      <line num="367" count="12" type="stmt"/>
      <line num="368" count="12" type="stmt"/>
      <line num="370" count="1" type="cond" truecount="1" falsecount="0"/>
      <line num="371" count="15" type="stmt"/>
      <line num="372" count="15" type="stmt"/>
      <line num="374" count="1" type="cond" truecount="1" falsecount="0"/>
      <line num="375" count="16" type="stmt"/>
      <line num="376" count="16" type="cond" truecount="0" falsecount="1"/>
      <line num="378" count="16" type="cond" truecount="0" falsecount="1"/>
      <line num="379" count="16" type="stmt"/>
      <line num="380" count="16" type="stmt"/>
      <line num="381" count="16" type="stmt"/>
      <line num="382" count="16" type="stmt"/>
      <line num="384" count="1" type="cond" truecount="1" falsecount="0"/>
      <line num="385" count="5" type="stmt"/>
      <line num="386" count="5" type="stmt"/>
      <line num="389" count="1" type="cond" truecount="1" falsecount="0"/>
      <line num="390" count="25" type="stmt"/>
      <line num="391" count="25" type="stmt"/>
      <line num="392" count="25" type="stmt"/>
      <line num="393" count="25" type="cond" truecount="2" falsecount="0"/>
      <line num="394" count="25" type="cond" truecount="2" falsecount="0"/>
      <line num="395" count="25" type="stmt"/>
      <line num="396" count="25" type="cond" truecount="2" falsecount="0"/>
      <line num="397" count="20" type="stmt"/>
      <line num="398" count="20" type="cond" truecount="1" falsecount="0"/>
      <line num="400" count="5" type="stmt"/>
      <line num="401" count="25" type="stmt"/>
      <line num="403" count="1" type="cond" truecount="1" falsecount="0"/>
      <line num="404" count="4" type="stmt"/>
      <line num="405" count="4" type="stmt"/>
      <line num="407" count="1" type="cond" truecount="1" falsecount="0"/>
      <line num="408" count="1" type="stmt"/>
      <line num="409" count="1" type="stmt"/>
      <line num="411" count="1" type="cond" truecount="1" falsecount="0"/>
      <line num="412" count="1" type="stmt"/>
      <line num="413" count="1" type="stmt"/>
      <line num="415" count="1" type="cond" truecount="1" falsecount="0"/>
      <line num="416" count="2" type="stmt"/>
      <line num="417" count="2" type="stmt"/>
      <line num="424" count="1" type="cond" truecount="1" falsecount="0"/>
      <line num="425" count="1" type="stmt"/>
      <line num="426" count="1" type="stmt"/>
      <line num="428" count="1" type="cond" truecount="1" falsecount="0"/>
      <line num="429" count="23" type="stmt"/>
      <line num="430" count="23" type="stmt"/>
      <line num="439" count="1" type="cond" truecount="1" falsecount="0"/>
      <line num="440" count="24" type="stmt"/>
      <line num="441" count="24" type="cond" truecount="1" falsecount="0"/>
      <line num="442" count="24" type="cond" truecount="0" falsecount="1"/>
      <line num="443" count="24" type="stmt"/>
      <line num="444" count="24" type="stmt"/>
      <line num="447" count="1" type="cond" truecount="1" falsecount="0"/>
      <line num="448" count="15" type="stmt"/>
      <line num="449" count="15" type="cond" truecount="0" falsecount="1"/>
      <line num="450" count="15" type="cond" truecount="0" falsecount="1"/>
      <line num="451" count="15" type="stmt"/>
      <line num="452" count="15" type="stmt"/>
      <line num="453" count="15" type="stmt"/>
      <line num="454" count="15" type="stmt"/>
      <line num="456" count="1" type="cond" truecount="1" falsecount="0"/>
      <line num="457" count="4" type="stmt"/>
      <line num="458" count="4" type="stmt"/>
      <line num="460" count="1" type="cond" truecount="1" falsecount="0"/>
      <line num="462" count="1" type="stmt"/>
      <line num="463" count="1" type="stmt"/>
      <line num="469" count="1" type="cond" truecount="1" falsecount="0"/>
      <line num="470" count="2" type="stmt"/>
      <line num="471" count="2" type="cond" truecount="0" falsecount="1"/>
      <line num="472" count="2" type="stmt"/>
      <line num="473" count="2" type="stmt"/>
      <line num="474" count="2" type="stmt"/>
      <line num="475" count="2" type="stmt"/>
      <line num="476" count="2" type="stmt"/>
      <line num="477" count="2" type="stmt"/>
      <line num="478" count="2" type="stmt"/>
      <line num="479" count="2" type="cond" truecount="1" falsecount="0"/>
      <line num="480" count="1" type="stmt"/>
      <line num="481" count="2" type="stmt"/>
      <line num="483" count="1" type="cond" truecount="1" falsecount="0"/>
      <line num="484" count="15" type="stmt"/>
      <line num="485" count="15" type="stmt"/>
      <line num="487" count="1" type="cond" truecount="1" falsecount="0"/>
      <line num="488" count="25" type="stmt"/>
      <line num="489" count="25" type="cond" truecount="1" falsecount="0"/>
      <line num="490" count="25" type="cond" truecount="0" falsecount="1"/>
      <line num="491" count="25" type="stmt"/>
      <line num="492" count="25" type="stmt"/>
      <line num="494" count="1" type="cond" truecount="1" falsecount="0"/>
      <line num="495" count="20" type="stmt"/>
      <line num="496" count="20" type="stmt"/>
      <line num="499" count="1" type="cond" truecount="1" falsecount="0"/>
      <line num="500" count="20" type="stmt"/>
      <line num="501" count="20" type="stmt"/>
      <line num="502" count="20" type="stmt"/>
      <line num="503" count="20" type="stmt"/>
      <line num="505" count="1" type="cond" truecount="1" falsecount="0"/>
      <line num="506" count="20" type="stmt"/>
      <line num="507" count="20" type="stmt"/>
      <line num="508" count="20" type="stmt"/>
      <line num="509" count="20" type="stmt"/>
      <line num="511" count="1" type="cond" truecount="1" falsecount="0"/>
      <line num="512" count="4" type="stmt"/>
      <line num="513" count="4" type="stmt"/>
      <line num="515" count="1" type="cond" truecount="1" falsecount="0"/>
      <line num="516" count="1" type="stmt"/>
      <line num="517" count="1" type="stmt"/>
      <line num="519" count="1" type="cond" truecount="1" falsecount="0"/>
      <line num="521" count="1" type="stmt"/>
      <line num="522" count="1" type="stmt"/>
      <line num="524" count="1" type="cond" truecount="1" falsecount="0"/>
      <line num="525" count="1" type="stmt"/>
      <line num="526" count="1" type="stmt"/>
      <line num="528" count="1" type="cond" truecount="1" falsecount="0"/>
      <line num="529" count="13" type="stmt"/>
      <line num="530" count="13" type="stmt"/>
      <line num="532" count="1" type="cond" truecount="1" falsecount="0"/>
      <line num="533" count="15" type="stmt"/>
      <line num="534" count="15" type="cond" truecount="1" falsecount="0"/>
      <line num="535" count="15" type="cond" truecount="1" falsecount="0"/>
      <line num="536" count="15" type="cond" truecount="0" falsecount="1"/>
      <line num="537" count="15" type="stmt"/>
      <line num="538" count="15" type="stmt"/>
      <line num="540" count="1" type="cond" truecount="1" falsecount="0"/>
      <line num="541" count="7" type="stmt"/>
      <line num="542" count="7" type="stmt"/>
      <line num="545" count="1" type="cond" truecount="1" falsecount="0"/>
      <line num="546" count="2" type="stmt"/>
      <line num="547" count="2" type="stmt"/>
      <line num="549" count="1" type="cond" truecount="1" falsecount="0"/>
      <line num="550" count="2" type="stmt"/>
      <line num="551" count="2" type="stmt"/>
      <line num="553" count="1" type="cond" truecount="1" falsecount="0"/>
      <line num="554" count="21" type="stmt"/>
      <line num="555" count="21" type="stmt"/>
      <line num="558" count="1" type="cond" truecount="1" falsecount="0"/>
      <line num="559" count="14" type="stmt"/>
      <line num="560" count="14" type="stmt"/>
      <line num="561" count="14" type="stmt"/>
      <line num="562" count="14" type="stmt"/>
      <line num="563" count="14" type="stmt"/>
      <line num="564" count="14" type="cond" truecount="2" falsecount="0"/>
      <line num="565" count="14" type="cond" truecount="1" falsecount="1"/>
      <line num="566" count="13" type="stmt"/>
      <line num="567" count="14" type="stmt"/>
      <line num="569" count="1" type="cond" truecount="1" falsecount="0"/>
      <line num="570" count="22" type="stmt"/>
      <line num="571" count="22" type="stmt"/>
      <line num="572" count="22" type="stmt"/>
      <line num="574" count="1" type="cond" truecount="1" falsecount="0"/>
      <line num="575" count="21" type="stmt"/>
      <line num="576" count="21" type="stmt"/>
      <line num="578" count="1" type="cond" truecount="1" falsecount="0"/>
      <line num="580" count="1" type="stmt"/>
      <line num="581" count="1" type="stmt"/>
      <line num="583" count="1" type="cond" truecount="1" falsecount="0"/>
      <line num="584" count="2" type="stmt"/>
      <line num="585" count="2" type="stmt"/>
      <line num="587" count="1" type="cond" truecount="1" falsecount="0"/>
      <line num="588" count="1" type="stmt"/>
      <line num="589" count="1" type="stmt"/>
      <line num="590" count="1" type="stmt"/>
      <line num="591" count="1" type="stmt"/>
      <line num="592" count="1" type="stmt"/>
      <line num="598" count="1" type="cond" truecount="1" falsecount="0"/>
      <line num="599" count="4" type="stmt"/>
      <line num="600" count="4" type="stmt"/>
      <line num="601" count="4" type="stmt"/>
      <line num="602" count="4" type="stmt"/>
      <line num="603" count="4" type="stmt"/>
      <line num="604" count="4" type="stmt"/>
      <line num="605" count="4" type="cond" truecount="2" falsecount="0"/>
      <line num="606" count="3" type="stmt"/>
      <line num="607" count="4" type="stmt"/>
      <line num="608" count="1" type="stmt"/>
    </file>
  </project>
</coverage>
