{"/Users/omercelik/Repositories/goldpath/ui/console/src/ArchivalPanel.tsx": {"path":"/Users/omercelik/Repositories/goldpath/ui/console/src/ArchivalPanel.tsx","all":false,"statementMap":{"0":{"start":{"line":1,"column":0},"end":{"line":1,"column":57}},"19":{"start":{"line":20,"column":0},"end":{"line":20,"column":97}},"20":{"start":{"line":21,"column":0},"end":{"line":21,"column":28}},"21":{"start":{"line":22,"column":0},"end":{"line":22,"column":108}},"22":{"start":{"line":23,"column":0},"end":{"line":23,"column":1}},"30":{"start":{"line":31,"column":0},"end":{"line":31,"column":68}},"31":{"start":{"line":32,"column":0},"end":{"line":32,"column":89}},"32":{"start":{"line":33,"column":0},"end":{"line":33,"column":59}},"33":{"start":{"line":34,"column":0},"end":{"line":34,"column":45}},"34":{"start":{"line":35,"column":0},"end":{"line":35,"column":64}},"35":{"start":{"line":36,"column":0},"end":{"line":36,"column":64}},"36":{"start":{"line":37,"column":0},"end":{"line":37,"column":62}},"37":{"start":{"line":38,"column":0},"end":{"line":38,"column":106}},"39":{"start":{"line":40,"column":0},"end":{"line":40,"column":72}},"40":{"start":{"line":41,"column":0},"end":{"line":41,"column":60}},"41":{"start":{"line":42,"column":0},"end":{"line":42,"column":58}},"42":{"start":{"line":43,"column":0},"end":{"line":43,"column":54}},"45":{"start":{"line":46,"column":0},"end":{"line":46,"column":67}},"47":{"start":{"line":48,"column":0},"end":{"line":48,"column":62}},"48":{"start":{"line":49,"column":0},"end":{"line":49,"column":43}},"49":{"start":{"line":50,"column":0},"end":{"line":50,"column":23}},"50":{"start":{"line":51,"column":0},"end":{"line":51,"column":14}},"51":{"start":{"line":52,"column":0},"end":{"line":52,"column":4}},"53":{"start":{"line":54,"column":0},"end":{"line":54,"column":19}},"54":{"start":{"line":55,"column":0},"end":{"line":55,"column":20}},"55":{"start":{"line":56,"column":0},"end":{"line":56,"column":10}},"56":{"start":{"line":57,"column":0},"end":{"line":57,"column":27}},"57":{"start":{"line":58,"column":0},"end":{"line":58,"column":24}},"58":{"start":{"line":59,"column":0},"end":{"line":59,"column":26}},"59":{"start":{"line":60,"column":0},"end":{"line":60,"column":30}},"60":{"start":{"line":61,"column":0},"end":{"line":61,"column":68}},"61":{"start":{"line":62,"column":0},"end":{"line":62,"column":8}},"62":{"start":{"line":63,"column":0},"end":{"line":63,"column":84}},"63":{"start":{"line":64,"column":0},"end":{"line":64,"column":18}},"64":{"start":{"line":65,"column":0},"end":{"line":65,"column":19}},"65":{"start":{"line":66,"column":0},"end":{"line":66,"column":6}},"66":{"start":{"line":67,"column":0},"end":{"line":67,"column":29}},"69":{"start":{"line":70,"column":0},"end":{"line":70,"column":19}},"70":{"start":{"line":71,"column":0},"end":{"line":71,"column":41}},"71":{"start":{"line":72,"column":0},"end":{"line":72,"column":20}},"72":{"start":{"line":73,"column":0},"end":{"line":73,"column":10}},"73":{"start":{"line":74,"column":0},"end":{"line":74,"column":41}},"74":{"start":{"line":75,"column":0},"end":{"line":75,"column":47}},"75":{"start":{"line":76,"column":0},"end":{"line":76,"column":76}},"76":{"start":{"line":77,"column":0},"end":{"line":77,"column":18}},"77":{"start":{"line":78,"column":0},"end":{"line":78,"column":19}},"78":{"start":{"line":79,"column":0},"end":{"line":79,"column":6}},"79":{"start":{"line":80,"column":0},"end":{"line":80,"column":51}},"81":{"start":{"line":82,"column":0},"end":{"line":82,"column":32}},"82":{"start":{"line":83,"column":0},"end":{"line":83,"column":123}},"83":{"start":{"line":84,"column":0},"end":{"line":84,"column":42}},"84":{"start":{"line":85,"column":0},"end":{"line":85,"column":4}},"86":{"start":{"line":87,"column":0},"end":{"line":87,"column":35}},"87":{"start":{"line":88,"column":0},"end":{"line":88,"column":111}},"88":{"start":{"line":89,"column":0},"end":{"line":89,"column":27}},"89":{"start":{"line":90,"column":0},"end":{"line":90,"column":4}},"91":{"start":{"line":92,"column":0},"end":{"line":92,"column":24}},"92":{"start":{"line":93,"column":0},"end":{"line":93,"column":31}},"93":{"start":{"line":94,"column":0},"end":{"line":94,"column":25}},"94":{"start":{"line":95,"column":0},"end":{"line":95,"column":21}},"95":{"start":{"line":96,"column":0},"end":{"line":96,"column":29}},"96":{"start":{"line":97,"column":0},"end":{"line":97,"column":19}},"97":{"start":{"line":98,"column":0},"end":{"line":98,"column":25}},"98":{"start":{"line":99,"column":0},"end":{"line":99,"column":4}},"100":{"start":{"line":101,"column":0},"end":{"line":101,"column":64}},"102":{"start":{"line":103,"column":0},"end":{"line":103,"column":22}},"103":{"start":{"line":104,"column":0},"end":{"line":104,"column":26}},"104":{"start":{"line":105,"column":0},"end":{"line":105,"column":9}},"105":{"start":{"line":106,"column":0},"end":{"line":106,"column":51}},"106":{"start":{"line":107,"column":0},"end":{"line":107,"column":57}},"108":{"start":{"line":109,"column":0},"end":{"line":109,"column":31}},"109":{"start":{"line":110,"column":0},"end":{"line":110,"column":78}},"110":{"start":{"line":111,"column":0},"end":{"line":111,"column":96}},"111":{"start":{"line":112,"column":0},"end":{"line":112,"column":13}},"112":{"start":{"line":113,"column":0},"end":{"line":113,"column":28}},"113":{"start":{"line":114,"column":0},"end":{"line":114,"column":42}},"114":{"start":{"line":115,"column":0},"end":{"line":115,"column":5}},"115":{"start":{"line":116,"column":0},"end":{"line":116,"column":4}},"117":{"start":{"line":118,"column":0},"end":{"line":118,"column":34}},"119":{"start":{"line":120,"column":0},"end":{"line":120,"column":10}},"120":{"start":{"line":121,"column":0},"end":{"line":121,"column":60}},"121":{"start":{"line":122,"column":0},"end":{"line":122,"column":55}},"123":{"start":{"line":124,"column":0},"end":{"line":124,"column":15}},"124":{"start":{"line":125,"column":0},"end":{"line":125,"column":84}},"125":{"start":{"line":126,"column":0},"end":{"line":126,"column":34}},"126":{"start":{"line":127,"column":0},"end":{"line":127,"column":49}},"127":{"start":{"line":128,"column":0},"end":{"line":128,"column":126}},"128":{"start":{"line":129,"column":0},"end":{"line":129,"column":73}},"129":{"start":{"line":130,"column":0},"end":{"line":130,"column":83}},"130":{"start":{"line":131,"column":0},"end":{"line":131,"column":100}},"131":{"start":{"line":132,"column":0},"end":{"line":132,"column":51}},"132":{"start":{"line":133,"column":0},"end":{"line":133,"column":21}},"133":{"start":{"line":134,"column":0},"end":{"line":134,"column":92}},"135":{"start":{"line":136,"column":0},"end":{"line":136,"column":129}},"136":{"start":{"line":137,"column":0},"end":{"line":137,"column":40}},"137":{"start":{"line":138,"column":0},"end":{"line":138,"column":27}},"138":{"start":{"line":139,"column":0},"end":{"line":139,"column":50}},"139":{"start":{"line":140,"column":0},"end":{"line":140,"column":98}},"140":{"start":{"line":141,"column":0},"end":{"line":141,"column":54}},"142":{"start":{"line":143,"column":0},"end":{"line":143,"column":23}},"143":{"start":{"line":144,"column":0},"end":{"line":144,"column":18}},"144":{"start":{"line":145,"column":0},"end":{"line":145,"column":21}},"145":{"start":{"line":146,"column":0},"end":{"line":146,"column":17}},"146":{"start":{"line":147,"column":0},"end":{"line":147,"column":13}},"147":{"start":{"line":148,"column":0},"end":{"line":148,"column":117}},"148":{"start":{"line":149,"column":0},"end":{"line":149,"column":13}},"149":{"start":{"line":150,"column":0},"end":{"line":150,"column":16}},"151":{"start":{"line":152,"column":0},"end":{"line":152,"column":24}},"152":{"start":{"line":153,"column":0},"end":{"line":153,"column":44}},"153":{"start":{"line":154,"column":0},"end":{"line":154,"column":108}},"154":{"start":{"line":155,"column":0},"end":{"line":155,"column":17}},"157":{"start":{"line":158,"column":0},"end":{"line":158,"column":20}},"158":{"start":{"line":159,"column":0},"end":{"line":159,"column":46}},"159":{"start":{"line":160,"column":0},"end":{"line":160,"column":45}},"160":{"start":{"line":161,"column":0},"end":{"line":161,"column":49}},"161":{"start":{"line":162,"column":0},"end":{"line":162,"column":97}},"162":{"start":{"line":163,"column":0},"end":{"line":163,"column":21}},"164":{"start":{"line":165,"column":0},"end":{"line":165,"column":14}},"165":{"start":{"line":166,"column":0},"end":{"line":166,"column":49}},"166":{"start":{"line":167,"column":0},"end":{"line":167,"column":105}},"167":{"start":{"line":168,"column":0},"end":{"line":168,"column":23}},"168":{"start":{"line":169,"column":0},"end":{"line":169,"column":45}},"169":{"start":{"line":170,"column":0},"end":{"line":170,"column":53}},"170":{"start":{"line":171,"column":0},"end":{"line":171,"column":130}},"171":{"start":{"line":172,"column":0},"end":{"line":172,"column":76}},"172":{"start":{"line":173,"column":0},"end":{"line":173,"column":77}},"173":{"start":{"line":174,"column":0},"end":{"line":174,"column":74}},"174":{"start":{"line":175,"column":0},"end":{"line":175,"column":23}},"175":{"start":{"line":176,"column":0},"end":{"line":176,"column":19}},"176":{"start":{"line":177,"column":0},"end":{"line":177,"column":19}},"177":{"start":{"line":178,"column":0},"end":{"line":178,"column":15}},"179":{"start":{"line":180,"column":0},"end":{"line":180,"column":18}},"182":{"start":{"line":183,"column":0},"end":{"line":183,"column":15}},"183":{"start":{"line":184,"column":0},"end":{"line":184,"column":84}},"184":{"start":{"line":185,"column":0},"end":{"line":185,"column":56}},"185":{"start":{"line":186,"column":0},"end":{"line":186,"column":79}},"187":{"start":{"line":188,"column":0},"end":{"line":188,"column":19}},"188":{"start":{"line":189,"column":0},"end":{"line":189,"column":34}},"189":{"start":{"line":190,"column":0},"end":{"line":190,"column":105}},"190":{"start":{"line":191,"column":0},"end":{"line":191,"column":32}},"191":{"start":{"line":192,"column":0},"end":{"line":192,"column":36}},"192":{"start":{"line":193,"column":0},"end":{"line":193,"column":50}},"193":{"start":{"line":194,"column":0},"end":{"line":194,"column":31}},"194":{"start":{"line":195,"column":0},"end":{"line":195,"column":34}},"195":{"start":{"line":196,"column":0},"end":{"line":196,"column":16}},"197":{"start":{"line":198,"column":0},"end":{"line":198,"column":53}},"198":{"start":{"line":199,"column":0},"end":{"line":199,"column":64}},"199":{"start":{"line":200,"column":0},"end":{"line":200,"column":32}},"200":{"start":{"line":201,"column":0},"end":{"line":201,"column":25}},"201":{"start":{"line":202,"column":0},"end":{"line":202,"column":17}},"202":{"start":{"line":203,"column":0},"end":{"line":203,"column":21}},"203":{"start":{"line":204,"column":0},"end":{"line":204,"column":18}},"204":{"start":{"line":205,"column":0},"end":{"line":205,"column":79}},"206":{"start":{"line":207,"column":0},"end":{"line":207,"column":18}},"207":{"start":{"line":208,"column":0},"end":{"line":208,"column":40}},"208":{"start":{"line":209,"column":0},"end":{"line":209,"column":110}},"209":{"start":{"line":210,"column":0},"end":{"line":210,"column":25}},"210":{"start":{"line":211,"column":0},"end":{"line":211,"column":62}},"211":{"start":{"line":212,"column":0},"end":{"line":212,"column":70}},"212":{"start":{"line":213,"column":0},"end":{"line":213,"column":14}},"213":{"start":{"line":214,"column":0},"end":{"line":214,"column":18}},"214":{"start":{"line":215,"column":0},"end":{"line":215,"column":17}},"215":{"start":{"line":216,"column":0},"end":{"line":216,"column":105}},"216":{"start":{"line":217,"column":0},"end":{"line":217,"column":28}},"217":{"start":{"line":218,"column":0},"end":{"line":218,"column":11}},"219":{"start":{"line":220,"column":0},"end":{"line":220,"column":19}},"220":{"start":{"line":221,"column":0},"end":{"line":221,"column":14}},"222":{"start":{"line":223,"column":0},"end":{"line":223,"column":47}},"224":{"start":{"line":225,"column":0},"end":{"line":225,"column":12}},"225":{"start":{"line":226,"column":0},"end":{"line":226,"column":16}},"227":{"start":{"line":228,"column":0},"end":{"line":228,"column":30}},"228":{"start":{"line":229,"column":0},"end":{"line":229,"column":28}},"229":{"start":{"line":230,"column":0},"end":{"line":230,"column":114}},"230":{"start":{"line":231,"column":0},"end":{"line":231,"column":17}},"233":{"start":{"line":234,"column":0},"end":{"line":234,"column":17}},"234":{"start":{"line":235,"column":0},"end":{"line":235,"column":93}},"235":{"start":{"line":236,"column":0},"end":{"line":236,"column":66}},"236":{"start":{"line":237,"column":0},"end":{"line":237,"column":48}},"237":{"start":{"line":238,"column":0},"end":{"line":238,"column":90}},"238":{"start":{"line":239,"column":0},"end":{"line":239,"column":17}},"239":{"start":{"line":240,"column":0},"end":{"line":240,"column":76}},"240":{"start":{"line":241,"column":0},"end":{"line":241,"column":95}},"241":{"start":{"line":242,"column":0},"end":{"line":242,"column":59}},"242":{"start":{"line":243,"column":0},"end":{"line":243,"column":25}},"243":{"start":{"line":244,"column":0},"end":{"line":244,"column":28}},"244":{"start":{"line":245,"column":0},"end":{"line":245,"column":119}},"245":{"start":{"line":246,"column":0},"end":{"line":246,"column":77}},"246":{"start":{"line":247,"column":0},"end":{"line":247,"column":131}},"247":{"start":{"line":248,"column":0},"end":{"line":248,"column":31}},"248":{"start":{"line":249,"column":0},"end":{"line":249,"column":21}},"249":{"start":{"line":250,"column":0},"end":{"line":250,"column":16}},"250":{"start":{"line":251,"column":0},"end":{"line":251,"column":25}},"251":{"start":{"line":252,"column":0},"end":{"line":252,"column":33}},"252":{"start":{"line":253,"column":0},"end":{"line":253,"column":104}},"253":{"start":{"line":254,"column":0},"end":{"line":254,"column":96}},"254":{"start":{"line":255,"column":0},"end":{"line":255,"column":31}},"255":{"start":{"line":256,"column":0},"end":{"line":256,"column":21}},"256":{"start":{"line":257,"column":0},"end":{"line":257,"column":16}},"257":{"start":{"line":258,"column":0},"end":{"line":258,"column":25}},"258":{"start":{"line":259,"column":0},"end":{"line":259,"column":29}},"261":{"start":{"line":262,"column":0},"end":{"line":262,"column":174}},"262":{"start":{"line":263,"column":0},"end":{"line":263,"column":74}},"263":{"start":{"line":264,"column":0},"end":{"line":264,"column":121}},"264":{"start":{"line":265,"column":0},"end":{"line":265,"column":31}},"265":{"start":{"line":266,"column":0},"end":{"line":266,"column":21}},"266":{"start":{"line":267,"column":0},"end":{"line":267,"column":27}},"267":{"start":{"line":268,"column":0},"end":{"line":268,"column":16}},"268":{"start":{"line":269,"column":0},"end":{"line":269,"column":19}},"269":{"start":{"line":270,"column":0},"end":{"line":270,"column":16}},"271":{"start":{"line":272,"column":0},"end":{"line":272,"column":51}},"272":{"start":{"line":273,"column":0},"end":{"line":273,"column":122}},"273":{"start":{"line":274,"column":0},"end":{"line":274,"column":31}},"274":{"start":{"line":275,"column":0},"end":{"line":275,"column":21}},"276":{"start":{"line":277,"column":0},"end":{"line":277,"column":41}},"277":{"start":{"line":278,"column":0},"end":{"line":278,"column":108}},"280":{"start":{"line":281,"column":0},"end":{"line":281,"column":87}},"281":{"start":{"line":282,"column":0},"end":{"line":282,"column":17}},"282":{"start":{"line":283,"column":0},"end":{"line":283,"column":57}},"283":{"start":{"line":284,"column":0},"end":{"line":284,"column":41}},"284":{"start":{"line":285,"column":0},"end":{"line":285,"column":18}},"285":{"start":{"line":286,"column":0},"end":{"line":286,"column":17}},"286":{"start":{"line":287,"column":0},"end":{"line":287,"column":60}},"287":{"start":{"line":288,"column":0},"end":{"line":288,"column":18}},"288":{"start":{"line":289,"column":0},"end":{"line":289,"column":50}},"289":{"start":{"line":290,"column":0},"end":{"line":290,"column":19}},"290":{"start":{"line":291,"column":0},"end":{"line":291,"column":18}},"291":{"start":{"line":292,"column":0},"end":{"line":292,"column":17}},"292":{"start":{"line":293,"column":0},"end":{"line":293,"column":60}},"293":{"start":{"line":294,"column":0},"end":{"line":294,"column":44}},"294":{"start":{"line":295,"column":0},"end":{"line":295,"column":18}},"295":{"start":{"line":296,"column":0},"end":{"line":296,"column":17}},"296":{"start":{"line":297,"column":0},"end":{"line":297,"column":65}},"297":{"start":{"line":298,"column":0},"end":{"line":298,"column":72}},"298":{"start":{"line":299,"column":0},"end":{"line":299,"column":18}},"299":{"start":{"line":300,"column":0},"end":{"line":300,"column":17}},"300":{"start":{"line":301,"column":0},"end":{"line":301,"column":68}},"301":{"start":{"line":302,"column":0},"end":{"line":302,"column":74}},"302":{"start":{"line":303,"column":0},"end":{"line":303,"column":18}},"303":{"start":{"line":304,"column":0},"end":{"line":304,"column":17}},"304":{"start":{"line":305,"column":0},"end":{"line":305,"column":59}},"305":{"start":{"line":306,"column":0},"end":{"line":306,"column":88}},"306":{"start":{"line":307,"column":0},"end":{"line":307,"column":18}},"307":{"start":{"line":308,"column":0},"end":{"line":308,"column":15}},"309":{"start":{"line":310,"column":0},"end":{"line":310,"column":30}},"312":{"start":{"line":313,"column":0},"end":{"line":313,"column":53}},"313":{"start":{"line":314,"column":0},"end":{"line":314,"column":103}},"314":{"start":{"line":315,"column":0},"end":{"line":315,"column":141}},"315":{"start":{"line":316,"column":0},"end":{"line":316,"column":16}},"318":{"start":{"line":319,"column":0},"end":{"line":319,"column":32}},"319":{"start":{"line":320,"column":0},"end":{"line":320,"column":19}},"320":{"start":{"line":321,"column":0},"end":{"line":321,"column":105}},"321":{"start":{"line":322,"column":0},"end":{"line":322,"column":66}},"323":{"start":{"line":324,"column":0},"end":{"line":324,"column":68}},"324":{"start":{"line":325,"column":0},"end":{"line":325,"column":21}},"327":{"start":{"line":328,"column":0},"end":{"line":328,"column":121}},"328":{"start":{"line":329,"column":0},"end":{"line":329,"column":32}},"329":{"start":{"line":330,"column":0},"end":{"line":330,"column":112}},"330":{"start":{"line":331,"column":0},"end":{"line":331,"column":32}},"331":{"start":{"line":332,"column":0},"end":{"line":332,"column":20}},"333":{"start":{"line":334,"column":0},"end":{"line":334,"column":16}},"334":{"start":{"line":335,"column":0},"end":{"line":335,"column":18}},"337":{"start":{"line":338,"column":0},"end":{"line":338,"column":15}},"338":{"start":{"line":339,"column":0},"end":{"line":339,"column":64}},"339":{"start":{"line":340,"column":0},"end":{"line":340,"column":84}},"340":{"start":{"line":341,"column":0},"end":{"line":341,"column":83}},"341":{"start":{"line":342,"column":0},"end":{"line":342,"column":122}},"343":{"start":{"line":344,"column":0},"end":{"line":344,"column":18}},"344":{"start":{"line":345,"column":0},"end":{"line":345,"column":14}},"345":{"start":{"line":346,"column":0},"end":{"line":346,"column":31}},"346":{"start":{"line":347,"column":0},"end":{"line":347,"column":56}},"347":{"start":{"line":348,"column":0},"end":{"line":348,"column":20}},"348":{"start":{"line":349,"column":0},"end":{"line":349,"column":67}},"349":{"start":{"line":350,"column":0},"end":{"line":350,"column":110}},"350":{"start":{"line":351,"column":0},"end":{"line":351,"column":67}},"351":{"start":{"line":352,"column":0},"end":{"line":352,"column":148}},"352":{"start":{"line":353,"column":0},"end":{"line":353,"column":13}},"353":{"start":{"line":354,"column":0},"end":{"line":354,"column":30}},"354":{"start":{"line":355,"column":0},"end":{"line":355,"column":29}},"355":{"start":{"line":356,"column":0},"end":{"line":356,"column":33}},"356":{"start":{"line":357,"column":0},"end":{"line":357,"column":106}},"358":{"start":{"line":359,"column":0},"end":{"line":359,"column":60}},"360":{"start":{"line":361,"column":0},"end":{"line":361,"column":14}},"361":{"start":{"line":362,"column":0},"end":{"line":362,"column":12}},"362":{"start":{"line":363,"column":0},"end":{"line":363,"column":30}},"363":{"start":{"line":364,"column":0},"end":{"line":364,"column":44}},"364":{"start":{"line":365,"column":0},"end":{"line":365,"column":95}},"365":{"start":{"line":366,"column":0},"end":{"line":366,"column":10}},"366":{"start":{"line":367,"column":0},"end":{"line":367,"column":16}},"368":{"start":{"line":369,"column":0},"end":{"line":369,"column":15}},"369":{"start":{"line":370,"column":0},"end":{"line":370,"column":84}},"370":{"start":{"line":371,"column":0},"end":{"line":371,"column":35}},"371":{"start":{"line":372,"column":0},"end":{"line":372,"column":42}},"372":{"start":{"line":373,"column":0},"end":{"line":373,"column":20}},"373":{"start":{"line":374,"column":0},"end":{"line":374,"column":116}},"374":{"start":{"line":375,"column":0},"end":{"line":375,"column":77}},"375":{"start":{"line":376,"column":0},"end":{"line":376,"column":67}},"376":{"start":{"line":377,"column":0},"end":{"line":377,"column":92}},"377":{"start":{"line":378,"column":0},"end":{"line":378,"column":73}},"378":{"start":{"line":379,"column":0},"end":{"line":379,"column":12}},"379":{"start":{"line":380,"column":0},"end":{"line":380,"column":33}},"380":{"start":{"line":381,"column":0},"end":{"line":381,"column":48}},"381":{"start":{"line":382,"column":0},"end":{"line":382,"column":55}},"382":{"start":{"line":383,"column":0},"end":{"line":383,"column":10}},"384":{"start":{"line":385,"column":0},"end":{"line":385,"column":47}},"386":{"start":{"line":387,"column":0},"end":{"line":387,"column":12}},"387":{"start":{"line":388,"column":0},"end":{"line":388,"column":16}},"388":{"start":{"line":389,"column":0},"end":{"line":389,"column":10}},"390":{"start":{"line":391,"column":0},"end":{"line":391,"column":1}}},"s":{"0":1,"19":4,"20":4,"21":4,"22":4,"30":1,"31":118,"32":118,"33":118,"34":118,"35":118,"36":118,"37":118,"39":118,"40":118,"41":118,"42":118,"45":118,"47":118,"48":118,"49":4,"50":4,"51":4,"53":118,"54":21,"55":21,"56":21,"57":21,"58":20,"59":20,"60":20,"61":21,"62":21,"63":21,"64":21,"65":21,"66":118,"69":118,"70":46,"71":13,"72":13,"73":13,"74":13,"75":13,"76":13,"77":13,"78":13,"79":118,"81":118,"82":118,"83":118,"84":118,"86":118,"87":118,"88":118,"89":118,"91":118,"92":9,"93":9,"94":9,"95":9,"96":9,"97":9,"98":9,"100":118,"102":4,"103":4,"104":4,"105":4,"106":3,"108":3,"109":2,"110":1,"111":4,"112":1,"113":1,"114":1,"115":4,"117":118,"119":118,"120":118,"121":118,"123":118,"124":118,"125":118,"126":118,"127":108,"128":108,"129":108,"130":108,"131":108,"132":108,"133":108,"135":108,"136":108,"137":108,"138":108,"139":108,"140":108,"142":108,"143":108,"144":108,"145":108,"146":118,"147":118,"148":118,"149":118,"151":118,"152":1,"153":1,"154":1,"157":118,"158":6,"159":6,"160":4,"161":4,"162":4,"164":2,"165":2,"166":2,"167":2,"168":2,"169":2,"170":2,"171":2,"172":2,"173":2,"174":2,"175":2,"176":2,"177":2,"179":6,"182":118,"183":118,"184":118,"185":118,"187":118,"188":118,"189":118,"190":118,"191":118,"192":1,"193":1,"194":1,"195":1,"197":118,"198":108,"199":108,"200":108,"201":118,"202":118,"203":118,"204":118,"206":118,"207":118,"208":118,"209":118,"210":118,"211":118,"212":118,"213":118,"214":118,"215":118,"216":118,"217":118,"219":118,"220":118,"222":118,"224":118,"225":118,"227":118,"228":10,"229":10,"230":10,"233":118,"234":17,"235":17,"236":17,"237":17,"238":17,"239":17,"240":17,"241":17,"242":17,"243":17,"244":17,"245":17,"246":17,"247":17,"248":17,"249":17,"250":17,"251":17,"252":17,"253":17,"254":17,"255":17,"256":17,"257":17,"258":17,"261":17,"262":17,"263":17,"264":17,"265":17,"266":17,"267":17,"268":17,"269":17,"271":17,"272":6,"273":6,"274":6,"276":17,"277":2,"280":17,"281":17,"282":17,"283":17,"284":17,"285":17,"286":17,"287":17,"288":17,"289":17,"290":17,"291":17,"292":17,"293":17,"294":17,"295":17,"296":17,"297":17,"298":17,"299":17,"300":17,"301":17,"302":17,"303":17,"304":17,"305":17,"306":17,"307":17,"309":17,"312":1,"313":1,"314":1,"315":1,"318":17,"319":17,"320":17,"321":17,"323":17,"324":17,"327":17,"328":17,"329":1,"330":1,"331":1,"333":17,"334":17,"337":118,"338":118,"339":118,"340":118,"341":118,"343":118,"344":118,"345":118,"346":118,"347":118,"348":118,"349":118,"350":118,"351":118,"352":118,"353":118,"354":118,"355":88,"356":1,"358":87,"360":118,"361":118,"362":118,"363":118,"364":118,"365":118,"366":118,"368":118,"369":118,"370":118,"371":118,"372":118,"373":118,"374":118,"375":118,"376":118,"377":118,"378":118,"379":118,"380":118,"381":118,"382":118,"384":118,"386":118,"387":118,"388":118,"390":118},"branchMap":{"0":{"type":"branch","line":20,"loc":{"start":{"line":20,"column":0},"end":{"line":23,"column":1}},"locations":[{"start":{"line":20,"column":0},"end":{"line":23,"column":1}}]},"1":{"type":"branch","line":21,"loc":{"start":{"line":21,"column":23},"end":{"line":22,"column":21}},"locations":[{"start":{"line":21,"column":23},"end":{"line":22,"column":21}}]},"2":{"type":"branch","line":22,"loc":{"start":{"line":22,"column":16},"end":{"line":22,"column":63}},"locations":[{"start":{"line":22,"column":16},"end":{"line":22,"column":63}}]},"3":{"type":"branch","line":22,"loc":{"start":{"line":22,"column":59},"end":{"line":22,"column":108}},"locations":[{"start":{"line":22,"column":59},"end":{"line":22,"column":108}}]},"4":{"type":"branch","line":31,"loc":{"start":{"line":31,"column":7},"end":{"line":391,"column":1}},"locations":[{"start":{"line":31,"column":7},"end":{"line":391,"column":1}}]},"5":{"type":"branch","line":118,"loc":{"start":{"line":118,"column":16},"end":{"line":118,"column":34}},"locations":[{"start":{"line":118,"column":16},"end":{"line":118,"column":34}}]},"6":{"type":"branch","line":122,"loc":{"start":{"line":122,"column":7},"end":{"line":122,"column":55}},"locations":[{"start":{"line":122,"column":7},"end":{"line":122,"column":55}}]},"7":{"type":"branch","line":127,"loc":{"start":{"line":127,"column":12},"end":{"line":127,"column":31}},"locations":[{"start":{"line":127,"column":12},"end":{"line":127,"column":31}}]},"8":{"type":"branch","line":148,"loc":{"start":{"line":148,"column":11},"end":{"line":148,"column":35}},"locations":[{"start":{"line":148,"column":11},"end":{"line":148,"column":35}}]},"9":{"type":"branch","line":148,"loc":{"start":{"line":148,"column":35},"end":{"line":148,"column":117}},"locations":[{"start":{"line":148,"column":35},"end":{"line":148,"column":117}}]},"10":{"type":"branch","line":152,"loc":{"start":{"line":152,"column":7},"end":{"line":155,"column":17}},"locations":[{"start":{"line":152,"column":7},"end":{"line":155,"column":17}}]},"11":{"type":"branch","line":158,"loc":{"start":{"line":158,"column":7},"end":{"line":180,"column":18}},"locations":[{"start":{"line":158,"column":7},"end":{"line":180,"column":18}}]},"12":{"type":"branch","line":160,"loc":{"start":{"line":160,"column":40},"end":{"line":163,"column":21}},"locations":[{"start":{"line":160,"column":40},"end":{"line":163,"column":21}}]},"13":{"type":"branch","line":163,"loc":{"start":{"line":163,"column":12},"end":{"line":178,"column":15}},"locations":[{"start":{"line":163,"column":12},"end":{"line":178,"column":15}}]},"14":{"type":"branch","line":198,"loc":{"start":{"line":198,"column":16},"end":{"line":198,"column":35}},"locations":[{"start":{"line":198,"column":16},"end":{"line":198,"column":35}}]},"15":{"type":"branch","line":228,"loc":{"start":{"line":228,"column":7},"end":{"line":228,"column":30}},"locations":[{"start":{"line":228,"column":7},"end":{"line":228,"column":30}}]},"16":{"type":"branch","line":228,"loc":{"start":{"line":228,"column":20},"end":{"line":231,"column":17}},"locations":[{"start":{"line":228,"column":20},"end":{"line":231,"column":17}}]},"17":{"type":"branch","line":234,"loc":{"start":{"line":234,"column":7},"end":{"line":335,"column":18}},"locations":[{"start":{"line":234,"column":7},"end":{"line":335,"column":18}}]},"18":{"type":"branch","line":240,"loc":{"start":{"line":240,"column":19},"end":{"line":240,"column":76}},"locations":[{"start":{"line":240,"column":19},"end":{"line":240,"column":76}}]},"19":{"type":"branch","line":272,"loc":{"start":{"line":272,"column":11},"end":{"line":272,"column":51}},"locations":[{"start":{"line":272,"column":11},"end":{"line":272,"column":51}}]},"20":{"type":"branch","line":272,"loc":{"start":{"line":272,"column":39},"end":{"line":275,"column":21}},"locations":[{"start":{"line":272,"column":39},"end":{"line":275,"column":21}}]},"21":{"type":"branch","line":273,"loc":{"start":{"line":273,"column":43},"end":{"line":273,"column":62}},"locations":[{"start":{"line":273,"column":43},"end":{"line":273,"column":62}}]},"22":{"type":"branch","line":273,"loc":{"start":{"line":273,"column":50},"end":{"line":273,"column":72}},"locations":[{"start":{"line":273,"column":50},"end":{"line":273,"column":72}}]},"23":{"type":"branch","line":273,"loc":{"start":{"line":273,"column":95},"end":{"line":273,"column":113}},"locations":[{"start":{"line":273,"column":95},"end":{"line":273,"column":113}}]},"24":{"type":"branch","line":273,"loc":{"start":{"line":273,"column":102},"end":{"line":273,"column":122}},"locations":[{"start":{"line":273,"column":102},"end":{"line":273,"column":122}}]},"25":{"type":"branch","line":277,"loc":{"start":{"line":277,"column":11},"end":{"line":277,"column":29}},"locations":[{"start":{"line":277,"column":11},"end":{"line":277,"column":29}}]},"26":{"type":"branch","line":277,"loc":{"start":{"line":277,"column":29},"end":{"line":278,"column":108}},"locations":[{"start":{"line":277,"column":29},"end":{"line":278,"column":108}}]},"27":{"type":"branch","line":306,"loc":{"start":{"line":306,"column":57},"end":{"line":306,"column":83}},"locations":[{"start":{"line":306,"column":57},"end":{"line":306,"column":83}}]},"28":{"type":"branch","line":310,"loc":{"start":{"line":310,"column":17},"end":{"line":316,"column":16}},"locations":[{"start":{"line":310,"column":17},"end":{"line":316,"column":16}}]},"29":{"type":"branch","line":315,"loc":{"start":{"line":315,"column":94},"end":{"line":315,"column":140}},"locations":[{"start":{"line":315,"column":94},"end":{"line":315,"column":140}}]},"30":{"type":"branch","line":324,"loc":{"start":{"line":324,"column":15},"end":{"line":324,"column":50}},"locations":[{"start":{"line":324,"column":15},"end":{"line":324,"column":50}}]},"31":{"type":"branch","line":324,"loc":{"start":{"line":324,"column":32},"end":{"line":324,"column":68}},"locations":[{"start":{"line":324,"column":32},"end":{"line":324,"column":68}}]},"32":{"type":"branch","line":329,"loc":{"start":{"line":329,"column":13},"end":{"line":332,"column":20}},"locations":[{"start":{"line":329,"column":13},"end":{"line":332,"column":20}}]},"33":{"type":"branch","line":365,"loc":{"start":{"line":365,"column":24},"end":{"line":365,"column":76}},"locations":[{"start":{"line":365,"column":24},"end":{"line":365,"column":76}}]},"34":{"type":"branch","line":365,"loc":{"start":{"line":365,"column":40},"end":{"line":365,"column":95}},"locations":[{"start":{"line":365,"column":40},"end":{"line":365,"column":95}}]},"35":{"type":"branch","line":48,"loc":{"start":{"line":48,"column":18},"end":{"line":48,"column":62}},"locations":[{"start":{"line":48,"column":18},"end":{"line":48,"column":62}}]},"36":{"type":"branch","line":48,"loc":{"start":{"line":48,"column":40},"end":{"line":48,"column":60}},"locations":[{"start":{"line":48,"column":40},"end":{"line":48,"column":60}}]},"37":{"type":"branch","line":49,"loc":{"start":{"line":49,"column":17},"end":{"line":52,"column":4}},"locations":[{"start":{"line":49,"column":17},"end":{"line":52,"column":4}}]},"38":{"type":"branch","line":54,"loc":{"start":{"line":54,"column":12},"end":{"line":67,"column":5}},"locations":[{"start":{"line":54,"column":12},"end":{"line":67,"column":5}}]},"39":{"type":"branch","line":58,"loc":{"start":{"line":58,"column":12},"end":{"line":62,"column":7}},"locations":[{"start":{"line":58,"column":12},"end":{"line":62,"column":7}}]},"40":{"type":"branch","line":59,"loc":{"start":{"line":59,"column":19},"end":{"line":59,"column":26}},"locations":[{"start":{"line":59,"column":19},"end":{"line":59,"column":26}}]},"41":{"type":"branch","line":61,"loc":{"start":{"line":61,"column":22},"end":{"line":61,"column":66}},"locations":[{"start":{"line":61,"column":22},"end":{"line":61,"column":66}}]},"42":{"type":"branch","line":61,"loc":{"start":{"line":61,"column":35},"end":{"line":61,"column":64}},"locations":[{"start":{"line":61,"column":35},"end":{"line":61,"column":64}}]},"43":{"type":"branch","line":61,"loc":{"start":{"line":61,"column":56},"end":{"line":61,"column":66}},"locations":[{"start":{"line":61,"column":56},"end":{"line":61,"column":66}}]},"44":{"type":"branch","line":63,"loc":{"start":{"line":63,"column":13},"end":{"line":63,"column":82}},"locations":[{"start":{"line":63,"column":13},"end":{"line":63,"column":82}}]},"45":{"type":"branch","line":64,"loc":{"start":{"line":64,"column":11},"end":{"line":66,"column":6}},"locations":[{"start":{"line":64,"column":11},"end":{"line":66,"column":6}}]},"46":{"type":"branch","line":70,"loc":{"start":{"line":70,"column":12},"end":{"line":80,"column":5}},"locations":[{"start":{"line":70,"column":12},"end":{"line":80,"column":5}}]},"47":{"type":"branch","line":71,"loc":{"start":{"line":71,"column":9},"end":{"line":71,"column":34}},"locations":[{"start":{"line":71,"column":9},"end":{"line":71,"column":34}}]},"48":{"type":"branch","line":71,"loc":{"start":{"line":71,"column":34},"end":{"line":71,"column":41}},"locations":[{"start":{"line":71,"column":34},"end":{"line":71,"column":41}}]},"49":{"type":"branch","line":71,"loc":{"start":{"line":71,"column":34},"end":{"line":79,"column":6}},"locations":[{"start":{"line":71,"column":34},"end":{"line":79,"column":6}}]},"50":{"type":"branch","line":75,"loc":{"start":{"line":75,"column":12},"end":{"line":75,"column":46}},"locations":[{"start":{"line":75,"column":12},"end":{"line":75,"column":46}}]},"51":{"type":"branch","line":77,"loc":{"start":{"line":77,"column":11},"end":{"line":79,"column":6}},"locations":[{"start":{"line":77,"column":11},"end":{"line":79,"column":6}}]},"52":{"type":"branch","line":83,"loc":{"start":{"line":83,"column":4},"end":{"line":83,"column":123}},"locations":[{"start":{"line":83,"column":4},"end":{"line":83,"column":123}}]},"53":{"type":"branch","line":83,"loc":{"start":{"line":83,"column":100},"end":{"line":83,"column":123}},"locations":[{"start":{"line":83,"column":100},"end":{"line":83,"column":123}}]},"54":{"type":"branch","line":88,"loc":{"start":{"line":88,"column":4},"end":{"line":88,"column":111}},"locations":[{"start":{"line":88,"column":4},"end":{"line":88,"column":111}}]},"55":{"type":"branch","line":88,"loc":{"start":{"line":88,"column":88},"end":{"line":88,"column":111}},"locations":[{"start":{"line":88,"column":88},"end":{"line":88,"column":111}}]},"56":{"type":"branch","line":92,"loc":{"start":{"line":92,"column":17},"end":{"line":99,"column":4}},"locations":[{"start":{"line":92,"column":17},"end":{"line":99,"column":4}}]},"57":{"type":"branch","line":94,"loc":{"start":{"line":94,"column":18},"end":{"line":94,"column":25}},"locations":[{"start":{"line":94,"column":18},"end":{"line":94,"column":25}}]},"58":{"type":"branch","line":101,"loc":{"start":{"line":101,"column":17},"end":{"line":116,"column":4}},"locations":[{"start":{"line":101,"column":17},"end":{"line":116,"column":4}}]},"59":{"type":"branch","line":106,"loc":{"start":{"line":106,"column":49},"end":{"line":109,"column":31}},"locations":[{"start":{"line":106,"column":49},"end":{"line":109,"column":31}}]},"60":{"type":"branch","line":109,"loc":{"start":{"line":109,"column":30},"end":{"line":110,"column":78}},"locations":[{"start":{"line":109,"column":30},"end":{"line":110,"column":78}}]},"61":{"type":"branch","line":110,"loc":{"start":{"line":110,"column":77},"end":{"line":111,"column":96}},"locations":[{"start":{"line":110,"column":77},"end":{"line":111,"column":96}}]},"62":{"type":"branch","line":112,"loc":{"start":{"line":112,"column":4},"end":{"line":115,"column":5}},"locations":[{"start":{"line":112,"column":4},"end":{"line":115,"column":5}}]},"63":{"type":"branch","line":127,"loc":{"start":{"line":127,"column":35},"end":{"line":146,"column":17}},"locations":[{"start":{"line":127,"column":35},"end":{"line":146,"column":17}}]},"64":{"type":"branch","line":131,"loc":{"start":{"line":131,"column":63},"end":{"line":131,"column":84}},"locations":[{"start":{"line":131,"column":63},"end":{"line":131,"column":84}}]},"65":{"type":"branch","line":131,"loc":{"start":{"line":131,"column":67},"end":{"line":131,"column":96}},"locations":[{"start":{"line":131,"column":67},"end":{"line":131,"column":96}}]},"66":{"type":"branch","line":141,"loc":{"start":{"line":141,"column":27},"end":{"line":141,"column":54}},"locations":[{"start":{"line":141,"column":27},"end":{"line":141,"column":54}}]},"67":{"type":"branch","line":170,"loc":{"start":{"line":170,"column":39},"end":{"line":175,"column":23}},"locations":[{"start":{"line":170,"column":39},"end":{"line":175,"column":23}}]},"68":{"type":"branch","line":192,"loc":{"start":{"line":192,"column":24},"end":{"line":196,"column":16}},"locations":[{"start":{"line":192,"column":24},"end":{"line":196,"column":16}}]},"69":{"type":"branch","line":198,"loc":{"start":{"line":198,"column":39},"end":{"line":201,"column":25}},"locations":[{"start":{"line":198,"column":39},"end":{"line":201,"column":25}}]},"70":{"type":"branch","line":211,"loc":{"start":{"line":211,"column":24},"end":{"line":211,"column":62}},"locations":[{"start":{"line":211,"column":24},"end":{"line":211,"column":62}}]},"71":{"type":"branch","line":212,"loc":{"start":{"line":212,"column":25},"end":{"line":212,"column":70}},"locations":[{"start":{"line":212,"column":25},"end":{"line":212,"column":70}}]},"72":{"type":"branch","line":212,"loc":{"start":{"line":212,"column":50},"end":{"line":212,"column":70}},"locations":[{"start":{"line":212,"column":50},"end":{"line":212,"column":70}}]},"73":{"type":"branch","line":247,"loc":{"start":{"line":247,"column":25},"end":{"line":247,"column":131}},"locations":[{"start":{"line":247,"column":25},"end":{"line":247,"column":131}}]},"74":{"type":"branch","line":247,"loc":{"start":{"line":247,"column":109},"end":{"line":247,"column":128}},"locations":[{"start":{"line":247,"column":109},"end":{"line":247,"column":128}}]},"75":{"type":"branch","line":254,"loc":{"start":{"line":254,"column":25},"end":{"line":254,"column":96}},"locations":[{"start":{"line":254,"column":25},"end":{"line":254,"column":96}}]},"76":{"type":"branch","line":264,"loc":{"start":{"line":264,"column":25},"end":{"line":264,"column":121}},"locations":[{"start":{"line":264,"column":25},"end":{"line":264,"column":121}}]},"77":{"type":"branch","line":264,"loc":{"start":{"line":264,"column":102},"end":{"line":264,"column":118}},"locations":[{"start":{"line":264,"column":102},"end":{"line":264,"column":118}}]},"78":{"type":"branch","line":322,"loc":{"start":{"line":322,"column":23},"end":{"line":322,"column":66}},"locations":[{"start":{"line":322,"column":23},"end":{"line":322,"column":66}}]},"79":{"type":"branch","line":322,"loc":{"start":{"line":322,"column":47},"end":{"line":322,"column":64}},"locations":[{"start":{"line":322,"column":47},"end":{"line":322,"column":64}}]},"80":{"type":"branch","line":342,"loc":{"start":{"line":342,"column":69},"end":{"line":342,"column":120}},"locations":[{"start":{"line":342,"column":69},"end":{"line":342,"column":120}}]},"81":{"type":"branch","line":349,"loc":{"start":{"line":349,"column":39},"end":{"line":349,"column":65}},"locations":[{"start":{"line":349,"column":39},"end":{"line":349,"column":65}}]},"82":{"type":"branch","line":350,"loc":{"start":{"line":350,"column":35},"end":{"line":350,"column":108}},"locations":[{"start":{"line":350,"column":35},"end":{"line":350,"column":108}}]},"83":{"type":"branch","line":351,"loc":{"start":{"line":351,"column":36},"end":{"line":351,"column":65}},"locations":[{"start":{"line":351,"column":36},"end":{"line":351,"column":65}}]},"84":{"type":"branch","line":352,"loc":{"start":{"line":352,"column":38},"end":{"line":352,"column":146}},"locations":[{"start":{"line":352,"column":38},"end":{"line":352,"column":146}}]},"85":{"type":"branch","line":355,"loc":{"start":{"line":355,"column":20},"end":{"line":359,"column":60}},"locations":[{"start":{"line":355,"column":20},"end":{"line":359,"column":60}}]},"86":{"type":"branch","line":356,"loc":{"start":{"line":356,"column":21},"end":{"line":357,"column":106}},"locations":[{"start":{"line":356,"column":21},"end":{"line":357,"column":106}}]},"87":{"type":"branch","line":357,"loc":{"start":{"line":357,"column":99},"end":{"line":359,"column":60}},"locations":[{"start":{"line":357,"column":99},"end":{"line":359,"column":60}}]},"88":{"type":"branch","line":364,"loc":{"start":{"line":364,"column":18},"end":{"line":364,"column":44}},"locations":[{"start":{"line":364,"column":18},"end":{"line":364,"column":44}}]}},"b":{"0":[4],"1":[3],"2":[2],"3":[1],"4":[118],"5":[1],"6":[1],"7":[18],"8":[100],"9":[0],"10":[1],"11":[6],"12":[4],"13":[2],"14":[18],"15":[27],"16":[10],"17":[17],"18":[1],"19":[8],"20":[6],"21":[4],"22":[2],"23":[4],"24":[2],"25":[8],"26":[2],"27":[0],"28":[1],"29":[0],"30":[1],"31":[16],"32":[1],"33":[1],"34":[117],"35":[4],"36":[4],"37":[4],"38":[21],"39":[20],"40":[0],"41":[19],"42":[15],"43":[0],"44":[1],"45":[21],"46":[46],"47":[13],"48":[33],"49":[13],"50":[13],"51":[13],"52":[22],"53":[20],"54":[21],"55":[19],"56":[9],"57":[0],"58":[4],"59":[3],"60":[2],"61":[1],"62":[1],"63":[108],"64":[87],"65":[21],"66":[4],"67":[2],"68":[1],"69":[108],"70":[48],"71":[48],"72":[0],"73":[1],"74":[0],"75":[2],"76":[1],"77":[0],"78":[1],"79":[1],"80":[1],"81":[88],"82":[88],"83":[88],"84":[88],"85":[88],"86":[1],"87":[87],"88":[88]},"fnMap":{"0":{"name":"asOutcome","decl":{"start":{"line":20,"column":0},"end":{"line":23,"column":1}},"loc":{"start":{"line":20,"column":0},"end":{"line":23,"column":1}},"line":20},"1":{"name":"ArchivalPanel","decl":{"start":{"line":31,"column":7},"end":{"line":391,"column":1}},"loc":{"start":{"line":31,"column":7},"end":{"line":391,"column":1}},"line":31},"2":{"name":"refresh","decl":{"start":{"line":48,"column":18},"end":{"line":48,"column":62}},"loc":{"start":{"line":48,"column":18},"end":{"line":48,"column":62}},"line":48},"3":{"name":"settle","decl":{"start":{"line":49,"column":17},"end":{"line":52,"column":4}},"loc":{"start":{"line":49,"column":17},"end":{"line":52,"column":4}},"line":49},"4":{"name":"lookUp","decl":{"start":{"line":92,"column":17},"end":{"line":99,"column":4}},"loc":{"start":{"line":92,"column":17},"end":{"line":99,"column":4}},"line":92},"5":{"name":"verify","decl":{"start":{"line":101,"column":17},"end":{"line":116,"column":4}},"loc":{"start":{"line":101,"column":17},"end":{"line":116,"column":4}},"line":101},"6":{"name":"execute","decl":{"start":{"line":141,"column":27},"end":{"line":141,"column":54}},"loc":{"start":{"line":141,"column":27},"end":{"line":141,"column":54}},"line":141},"7":{"name":"onChange","decl":{"start":{"line":192,"column":24},"end":{"line":196,"column":16}},"loc":{"start":{"line":192,"column":24},"end":{"line":196,"column":16}},"line":192},"8":{"name":"onChange","decl":{"start":{"line":211,"column":24},"end":{"line":211,"column":62}},"loc":{"start":{"line":211,"column":24},"end":{"line":211,"column":62}},"line":211},"9":{"name":"onKeyDown","decl":{"start":{"line":212,"column":25},"end":{"line":212,"column":70}},"loc":{"start":{"line":212,"column":25},"end":{"line":212,"column":70}},"line":212},"10":{"name":"execute","decl":{"start":{"line":247,"column":25},"end":{"line":247,"column":131}},"loc":{"start":{"line":247,"column":25},"end":{"line":247,"column":131}},"line":247},"11":{"name":"execute","decl":{"start":{"line":254,"column":25},"end":{"line":254,"column":96}},"loc":{"start":{"line":254,"column":25},"end":{"line":254,"column":96}},"line":254},"12":{"name":"execute","decl":{"start":{"line":264,"column":25},"end":{"line":264,"column":121}},"loc":{"start":{"line":264,"column":25},"end":{"line":264,"column":121}},"line":264},"13":{"name":"onClick","decl":{"start":{"line":322,"column":23},"end":{"line":322,"column":66}},"loc":{"start":{"line":322,"column":23},"end":{"line":322,"column":66}},"line":322},"14":{"name":"onChange","decl":{"start":{"line":342,"column":69},"end":{"line":342,"column":120}},"loc":{"start":{"line":342,"column":69},"end":{"line":342,"column":120}},"line":342},"15":{"name":"cell","decl":{"start":{"line":349,"column":39},"end":{"line":349,"column":65}},"loc":{"start":{"line":349,"column":39},"end":{"line":349,"column":65}},"line":349},"16":{"name":"cell","decl":{"start":{"line":350,"column":35},"end":{"line":350,"column":108}},"loc":{"start":{"line":350,"column":35},"end":{"line":350,"column":108}},"line":350},"17":{"name":"cell","decl":{"start":{"line":351,"column":36},"end":{"line":351,"column":65}},"loc":{"start":{"line":351,"column":36},"end":{"line":351,"column":65}},"line":351},"18":{"name":"cell","decl":{"start":{"line":352,"column":38},"end":{"line":352,"column":146}},"loc":{"start":{"line":352,"column":38},"end":{"line":352,"column":146}},"line":352},"19":{"name":"cell","decl":{"start":{"line":355,"column":20},"end":{"line":359,"column":60}},"loc":{"start":{"line":355,"column":20},"end":{"line":359,"column":60}},"line":355},"20":{"name":"rowKey","decl":{"start":{"line":364,"column":18},"end":{"line":364,"column":44}},"loc":{"start":{"line":364,"column":18},"end":{"line":364,"column":44}},"line":364},"21":{"name":"cell","decl":{"start":{"line":374,"column":39},"end":{"line":374,"column":114}},"loc":{"start":{"line":374,"column":39},"end":{"line":374,"column":114}},"line":374},"22":{"name":"cell","decl":{"start":{"line":375,"column":44},"end":{"line":375,"column":75}},"loc":{"start":{"line":375,"column":44},"end":{"line":375,"column":75}},"line":375},"23":{"name":"cell","decl":{"start":{"line":376,"column":34},"end":{"line":376,"column":65}},"loc":{"start":{"line":376,"column":34},"end":{"line":376,"column":65}},"line":376},"24":{"name":"cell","decl":{"start":{"line":377,"column":55},"end":{"line":377,"column":90}},"loc":{"start":{"line":377,"column":55},"end":{"line":377,"column":90}},"line":377},"25":{"name":"cell","decl":{"start":{"line":378,"column":38},"end":{"line":378,"column":71}},"loc":{"start":{"line":378,"column":38},"end":{"line":378,"column":71}},"line":378},"26":{"name":"rowKey","decl":{"start":{"line":381,"column":18},"end":{"line":381,"column":48}},"loc":{"start":{"line":381,"column":18},"end":{"line":381,"column":48}},"line":381}},"f":{"0":4,"1":118,"2":4,"3":4,"4":9,"5":4,"6":4,"7":1,"8":48,"9":48,"10":1,"11":2,"12":1,"13":1,"14":1,"15":88,"16":88,"17":88,"18":88,"19":88,"20":88,"21":0,"22":0,"23":0,"24":0,"25":0,"26":0}}
,"/Users/omercelik/Repositories/goldpath/ui/console/src/BulkPanel.tsx": {"path":"/Users/omercelik/Repositories/goldpath/ui/console/src/BulkPanel.tsx","all":false,"statementMap":{"0":{"start":{"line":1,"column":0},"end":{"line":1,"column":65}},"10":{"start":{"line":11,"column":0},"end":{"line":11,"column":97}},"11":{"start":{"line":12,"column":0},"end":{"line":12,"column":28}},"12":{"start":{"line":13,"column":0},"end":{"line":13,"column":108}},"13":{"start":{"line":14,"column":0},"end":{"line":14,"column":1}},"16":{"start":{"line":17,"column":0},"end":{"line":17,"column":16}},"17":{"start":{"line":18,"column":0},"end":{"line":18,"column":13}},"18":{"start":{"line":19,"column":0},"end":{"line":19,"column":15}},"19":{"start":{"line":20,"column":0},"end":{"line":20,"column":14}},"20":{"start":{"line":21,"column":0},"end":{"line":21,"column":13}},"21":{"start":{"line":22,"column":0},"end":{"line":22,"column":13}},"22":{"start":{"line":23,"column":0},"end":{"line":23,"column":14}},"23":{"start":{"line":24,"column":0},"end":{"line":24,"column":14}},"24":{"start":{"line":25,"column":0},"end":{"line":25,"column":26}},"25":{"start":{"line":26,"column":0},"end":{"line":26,"column":11}},"28":{"start":{"line":29,"column":0},"end":{"line":29,"column":26}},"35":{"start":{"line":36,"column":0},"end":{"line":36,"column":55}},"36":{"start":{"line":37,"column":0},"end":{"line":37,"column":86}},"37":{"start":{"line":38,"column":0},"end":{"line":38,"column":49}},"38":{"start":{"line":39,"column":0},"end":{"line":39,"column":68}},"39":{"start":{"line":40,"column":0},"end":{"line":40,"column":71}},"40":{"start":{"line":41,"column":0},"end":{"line":41,"column":58}},"43":{"start":{"line":44,"column":0},"end":{"line":44,"column":69}},"44":{"start":{"line":45,"column":0},"end":{"line":45,"column":54}},"45":{"start":{"line":46,"column":0},"end":{"line":46,"column":51}},"46":{"start":{"line":47,"column":0},"end":{"line":47,"column":59}},"47":{"start":{"line":48,"column":0},"end":{"line":48,"column":54}},"49":{"start":{"line":50,"column":0},"end":{"line":50,"column":62}},"52":{"start":{"line":53,"column":0},"end":{"line":53,"column":44}},"53":{"start":{"line":54,"column":0},"end":{"line":54,"column":25}},"54":{"start":{"line":55,"column":0},"end":{"line":55,"column":14}},"55":{"start":{"line":56,"column":0},"end":{"line":56,"column":4}},"57":{"start":{"line":58,"column":0},"end":{"line":58,"column":19}},"58":{"start":{"line":59,"column":0},"end":{"line":59,"column":20}},"59":{"start":{"line":60,"column":0},"end":{"line":60,"column":10}},"60":{"start":{"line":61,"column":0},"end":{"line":61,"column":24}},"61":{"start":{"line":62,"column":0},"end":{"line":62,"column":24}},"62":{"start":{"line":63,"column":0},"end":{"line":63,"column":26}},"63":{"start":{"line":64,"column":0},"end":{"line":64,"column":30}},"64":{"start":{"line":65,"column":0},"end":{"line":65,"column":68}},"65":{"start":{"line":66,"column":0},"end":{"line":66,"column":8}},"66":{"start":{"line":67,"column":0},"end":{"line":67,"column":81}},"67":{"start":{"line":68,"column":0},"end":{"line":68,"column":18}},"68":{"start":{"line":69,"column":0},"end":{"line":69,"column":19}},"69":{"start":{"line":70,"column":0},"end":{"line":70,"column":6}},"70":{"start":{"line":71,"column":0},"end":{"line":71,"column":29}},"72":{"start":{"line":73,"column":0},"end":{"line":73,"column":34}},"73":{"start":{"line":74,"column":0},"end":{"line":74,"column":53}},"76":{"start":{"line":77,"column":0},"end":{"line":77,"column":84}},"77":{"start":{"line":78,"column":0},"end":{"line":78,"column":50}},"78":{"start":{"line":79,"column":0},"end":{"line":79,"column":6}},"79":{"start":{"line":80,"column":0},"end":{"line":80,"column":34}},"80":{"start":{"line":81,"column":0},"end":{"line":81,"column":4}},"83":{"start":{"line":84,"column":0},"end":{"line":84,"column":33}},"84":{"start":{"line":85,"column":0},"end":{"line":85,"column":52}},"85":{"start":{"line":86,"column":0},"end":{"line":86,"column":80}},"86":{"start":{"line":87,"column":0},"end":{"line":87,"column":106}},"87":{"start":{"line":88,"column":0},"end":{"line":88,"column":33}},"89":{"start":{"line":90,"column":0},"end":{"line":90,"column":106}},"90":{"start":{"line":91,"column":0},"end":{"line":91,"column":6}},"91":{"start":{"line":92,"column":0},"end":{"line":92,"column":39}},"92":{"start":{"line":93,"column":0},"end":{"line":93,"column":4}},"96":{"start":{"line":97,"column":0},"end":{"line":97,"column":19}},"97":{"start":{"line":98,"column":0},"end":{"line":98,"column":74}},"98":{"start":{"line":99,"column":0},"end":{"line":99,"column":19}},"100":{"start":{"line":101,"column":0},"end":{"line":101,"column":19}},"101":{"start":{"line":102,"column":0},"end":{"line":102,"column":22}},"102":{"start":{"line":103,"column":0},"end":{"line":103,"column":24}},"103":{"start":{"line":104,"column":0},"end":{"line":104,"column":13}},"104":{"start":{"line":105,"column":0},"end":{"line":105,"column":5}},"106":{"start":{"line":107,"column":0},"end":{"line":107,"column":20}},"107":{"start":{"line":108,"column":0},"end":{"line":108,"column":10}},"108":{"start":{"line":109,"column":0},"end":{"line":109,"column":24}},"109":{"start":{"line":110,"column":0},"end":{"line":110,"column":50}},"110":{"start":{"line":111,"column":0},"end":{"line":111,"column":80}},"111":{"start":{"line":112,"column":0},"end":{"line":112,"column":18}},"112":{"start":{"line":113,"column":0},"end":{"line":113,"column":19}},"113":{"start":{"line":114,"column":0},"end":{"line":114,"column":6}},"114":{"start":{"line":115,"column":0},"end":{"line":115,"column":41}},"118":{"start":{"line":119,"column":0},"end":{"line":119,"column":52}},"119":{"start":{"line":120,"column":0},"end":{"line":120,"column":66}},"120":{"start":{"line":121,"column":0},"end":{"line":121,"column":9}},"121":{"start":{"line":122,"column":0},"end":{"line":122,"column":63}},"125":{"start":{"line":126,"column":0},"end":{"line":126,"column":30}},"126":{"start":{"line":127,"column":0},"end":{"line":127,"column":16}},"127":{"start":{"line":128,"column":0},"end":{"line":128,"column":100}},"128":{"start":{"line":129,"column":0},"end":{"line":129,"column":13}},"129":{"start":{"line":130,"column":0},"end":{"line":130,"column":42}},"130":{"start":{"line":131,"column":0},"end":{"line":131,"column":5}},"131":{"start":{"line":132,"column":0},"end":{"line":132,"column":4}},"133":{"start":{"line":134,"column":0},"end":{"line":134,"column":39}},"134":{"start":{"line":135,"column":0},"end":{"line":135,"column":86}},"135":{"start":{"line":136,"column":0},"end":{"line":136,"column":3}},"137":{"start":{"line":138,"column":0},"end":{"line":138,"column":94}},"139":{"start":{"line":140,"column":0},"end":{"line":140,"column":10}},"140":{"start":{"line":141,"column":0},"end":{"line":141,"column":56}},"141":{"start":{"line":142,"column":0},"end":{"line":142,"column":55}},"143":{"start":{"line":144,"column":0},"end":{"line":144,"column":30}},"144":{"start":{"line":145,"column":0},"end":{"line":145,"column":45}},"145":{"start":{"line":146,"column":0},"end":{"line":146,"column":18}},"146":{"start":{"line":147,"column":0},"end":{"line":147,"column":34}},"147":{"start":{"line":148,"column":0},"end":{"line":148,"column":67}},"148":{"start":{"line":149,"column":0},"end":{"line":149,"column":141}},"149":{"start":{"line":150,"column":0},"end":{"line":150,"column":14}},"150":{"start":{"line":151,"column":0},"end":{"line":151,"column":25}},"151":{"start":{"line":152,"column":0},"end":{"line":152,"column":17}},"154":{"start":{"line":155,"column":0},"end":{"line":155,"column":15}},"155":{"start":{"line":156,"column":0},"end":{"line":156,"column":87}},"156":{"start":{"line":157,"column":0},"end":{"line":157,"column":34}},"157":{"start":{"line":158,"column":0},"end":{"line":158,"column":52}},"158":{"start":{"line":159,"column":0},"end":{"line":159,"column":129}},"159":{"start":{"line":160,"column":0},"end":{"line":160,"column":76}},"160":{"start":{"line":161,"column":0},"end":{"line":161,"column":87}},"161":{"start":{"line":162,"column":0},"end":{"line":162,"column":70}},"162":{"start":{"line":163,"column":0},"end":{"line":163,"column":39}},"163":{"start":{"line":164,"column":0},"end":{"line":164,"column":23}},"164":{"start":{"line":165,"column":0},"end":{"line":165,"column":17}},"165":{"start":{"line":166,"column":0},"end":{"line":166,"column":77}},"166":{"start":{"line":167,"column":0},"end":{"line":167,"column":74}},"168":{"start":{"line":169,"column":0},"end":{"line":169,"column":17}},"169":{"start":{"line":170,"column":0},"end":{"line":170,"column":13}},"170":{"start":{"line":171,"column":0},"end":{"line":171,"column":13}},"171":{"start":{"line":172,"column":0},"end":{"line":172,"column":16}},"173":{"start":{"line":174,"column":0},"end":{"line":174,"column":15}},"174":{"start":{"line":175,"column":0},"end":{"line":175,"column":82}},"175":{"start":{"line":176,"column":0},"end":{"line":176,"column":59}},"176":{"start":{"line":177,"column":0},"end":{"line":177,"column":85}},"178":{"start":{"line":179,"column":0},"end":{"line":179,"column":18}},"179":{"start":{"line":180,"column":0},"end":{"line":180,"column":17}},"180":{"start":{"line":181,"column":0},"end":{"line":181,"column":32}},"181":{"start":{"line":182,"column":0},"end":{"line":182,"column":87}},"182":{"start":{"line":183,"column":0},"end":{"line":183,"column":30}},"183":{"start":{"line":184,"column":0},"end":{"line":184,"column":67}},"185":{"start":{"line":186,"column":0},"end":{"line":186,"column":54}},"186":{"start":{"line":187,"column":0},"end":{"line":187,"column":68}},"187":{"start":{"line":188,"column":0},"end":{"line":188,"column":33}},"188":{"start":{"line":189,"column":0},"end":{"line":189,"column":23}},"189":{"start":{"line":190,"column":0},"end":{"line":190,"column":15}},"190":{"start":{"line":191,"column":0},"end":{"line":191,"column":19}},"191":{"start":{"line":192,"column":0},"end":{"line":192,"column":16}},"192":{"start":{"line":193,"column":0},"end":{"line":193,"column":27}},"193":{"start":{"line":194,"column":0},"end":{"line":194,"column":23}},"194":{"start":{"line":195,"column":0},"end":{"line":195,"column":35}},"197":{"start":{"line":198,"column":0},"end":{"line":198,"column":232}},"198":{"start":{"line":199,"column":0},"end":{"line":199,"column":74}},"199":{"start":{"line":200,"column":0},"end":{"line":200,"column":12}},"200":{"start":{"line":201,"column":0},"end":{"line":201,"column":20}},"201":{"start":{"line":202,"column":0},"end":{"line":202,"column":23}},"202":{"start":{"line":203,"column":0},"end":{"line":203,"column":28}},"203":{"start":{"line":204,"column":0},"end":{"line":204,"column":65}},"204":{"start":{"line":205,"column":0},"end":{"line":205,"column":30}},"205":{"start":{"line":206,"column":0},"end":{"line":206,"column":14}},"207":{"start":{"line":208,"column":0},"end":{"line":208,"column":14}},"208":{"start":{"line":209,"column":0},"end":{"line":209,"column":47}},"209":{"start":{"line":210,"column":0},"end":{"line":210,"column":114}},"211":{"start":{"line":212,"column":0},"end":{"line":212,"column":12}},"212":{"start":{"line":213,"column":0},"end":{"line":213,"column":16}},"214":{"start":{"line":215,"column":0},"end":{"line":215,"column":15}},"215":{"start":{"line":216,"column":0},"end":{"line":216,"column":83}},"216":{"start":{"line":217,"column":0},"end":{"line":217,"column":64}},"217":{"start":{"line":218,"column":0},"end":{"line":218,"column":80}},"219":{"start":{"line":220,"column":0},"end":{"line":220,"column":18}},"220":{"start":{"line":221,"column":0},"end":{"line":221,"column":17}},"221":{"start":{"line":222,"column":0},"end":{"line":222,"column":27}},"222":{"start":{"line":223,"column":0},"end":{"line":223,"column":87}},"223":{"start":{"line":224,"column":0},"end":{"line":224,"column":25}},"224":{"start":{"line":225,"column":0},"end":{"line":225,"column":34}},"225":{"start":{"line":226,"column":0},"end":{"line":226,"column":43}},"226":{"start":{"line":227,"column":0},"end":{"line":227,"column":34}},"227":{"start":{"line":228,"column":0},"end":{"line":228,"column":14}},"229":{"start":{"line":230,"column":0},"end":{"line":230,"column":48}},"230":{"start":{"line":231,"column":0},"end":{"line":231,"column":37}},"231":{"start":{"line":232,"column":0},"end":{"line":232,"column":50}},"232":{"start":{"line":233,"column":0},"end":{"line":233,"column":24}},"233":{"start":{"line":234,"column":0},"end":{"line":234,"column":23}},"234":{"start":{"line":235,"column":0},"end":{"line":235,"column":15}},"235":{"start":{"line":236,"column":0},"end":{"line":236,"column":19}},"236":{"start":{"line":237,"column":0},"end":{"line":237,"column":14}},"238":{"start":{"line":239,"column":0},"end":{"line":239,"column":35}},"239":{"start":{"line":240,"column":0},"end":{"line":240,"column":42}},"240":{"start":{"line":241,"column":0},"end":{"line":241,"column":20}},"241":{"start":{"line":242,"column":0},"end":{"line":242,"column":13}},"242":{"start":{"line":243,"column":0},"end":{"line":243,"column":30}},"243":{"start":{"line":244,"column":0},"end":{"line":244,"column":32}},"244":{"start":{"line":245,"column":0},"end":{"line":245,"column":129}},"245":{"start":{"line":246,"column":0},"end":{"line":246,"column":28}},"246":{"start":{"line":247,"column":0},"end":{"line":247,"column":25}},"248":{"start":{"line":249,"column":0},"end":{"line":249,"column":14}},"249":{"start":{"line":250,"column":0},"end":{"line":250,"column":72}},"250":{"start":{"line":251,"column":0},"end":{"line":251,"column":85}},"251":{"start":{"line":252,"column":0},"end":{"line":252,"column":105}},"252":{"start":{"line":253,"column":0},"end":{"line":253,"column":86}},"253":{"start":{"line":254,"column":0},"end":{"line":254,"column":12}},"254":{"start":{"line":255,"column":0},"end":{"line":255,"column":32}},"255":{"start":{"line":256,"column":0},"end":{"line":256,"column":38}},"256":{"start":{"line":257,"column":0},"end":{"line":257,"column":50}},"257":{"start":{"line":258,"column":0},"end":{"line":258,"column":10}},"258":{"start":{"line":259,"column":0},"end":{"line":259,"column":16}},"260":{"start":{"line":261,"column":0},"end":{"line":261,"column":20}},"261":{"start":{"line":262,"column":0},"end":{"line":262,"column":92}},"262":{"start":{"line":263,"column":0},"end":{"line":263,"column":66}},"263":{"start":{"line":264,"column":0},"end":{"line":264,"column":48}},"264":{"start":{"line":265,"column":0},"end":{"line":265,"column":57}},"265":{"start":{"line":266,"column":0},"end":{"line":266,"column":17}},"266":{"start":{"line":267,"column":0},"end":{"line":267,"column":49}},"267":{"start":{"line":268,"column":0},"end":{"line":268,"column":101}},"268":{"start":{"line":269,"column":0},"end":{"line":269,"column":96}},"269":{"start":{"line":270,"column":0},"end":{"line":270,"column":42}},"270":{"start":{"line":271,"column":0},"end":{"line":271,"column":61}},"271":{"start":{"line":272,"column":0},"end":{"line":272,"column":27}},"272":{"start":{"line":273,"column":0},"end":{"line":273,"column":33}},"273":{"start":{"line":274,"column":0},"end":{"line":274,"column":99}},"274":{"start":{"line":275,"column":0},"end":{"line":275,"column":53}},"275":{"start":{"line":276,"column":0},"end":{"line":276,"column":100}},"276":{"start":{"line":277,"column":0},"end":{"line":277,"column":33}},"277":{"start":{"line":278,"column":0},"end":{"line":278,"column":23}},"278":{"start":{"line":279,"column":0},"end":{"line":279,"column":18}},"279":{"start":{"line":280,"column":0},"end":{"line":280,"column":27}},"280":{"start":{"line":281,"column":0},"end":{"line":281,"column":32}},"281":{"start":{"line":282,"column":0},"end":{"line":282,"column":68}},"283":{"start":{"line":284,"column":0},"end":{"line":284,"column":71}},"284":{"start":{"line":285,"column":0},"end":{"line":285,"column":92}},"285":{"start":{"line":286,"column":0},"end":{"line":286,"column":33}},"286":{"start":{"line":287,"column":0},"end":{"line":287,"column":23}},"287":{"start":{"line":288,"column":0},"end":{"line":288,"column":29}},"288":{"start":{"line":289,"column":0},"end":{"line":289,"column":18}},"289":{"start":{"line":290,"column":0},"end":{"line":290,"column":21}},"291":{"start":{"line":292,"column":0},"end":{"line":292,"column":16}},"293":{"start":{"line":294,"column":0},"end":{"line":294,"column":53}},"296":{"start":{"line":297,"column":0},"end":{"line":297,"column":124}},"297":{"start":{"line":298,"column":0},"end":{"line":298,"column":32}},"298":{"start":{"line":299,"column":0},"end":{"line":299,"column":21}},"301":{"start":{"line":302,"column":0},"end":{"line":302,"column":42}},"302":{"start":{"line":303,"column":0},"end":{"line":303,"column":113}},"305":{"start":{"line":306,"column":0},"end":{"line":306,"column":87}},"306":{"start":{"line":307,"column":0},"end":{"line":307,"column":17}},"307":{"start":{"line":308,"column":0},"end":{"line":308,"column":56}},"308":{"start":{"line":309,"column":0},"end":{"line":309,"column":43}},"309":{"start":{"line":310,"column":0},"end":{"line":310,"column":18}},"310":{"start":{"line":311,"column":0},"end":{"line":311,"column":17}},"311":{"start":{"line":312,"column":0},"end":{"line":312,"column":51}},"312":{"start":{"line":313,"column":0},"end":{"line":313,"column":43}},"313":{"start":{"line":314,"column":0},"end":{"line":314,"column":18}},"314":{"start":{"line":315,"column":0},"end":{"line":315,"column":17}},"315":{"start":{"line":316,"column":0},"end":{"line":316,"column":53}},"316":{"start":{"line":317,"column":0},"end":{"line":317,"column":110}},"317":{"start":{"line":318,"column":0},"end":{"line":318,"column":18}},"318":{"start":{"line":319,"column":0},"end":{"line":319,"column":17}},"319":{"start":{"line":320,"column":0},"end":{"line":320,"column":63}},"320":{"start":{"line":321,"column":0},"end":{"line":321,"column":18}},"321":{"start":{"line":322,"column":0},"end":{"line":322,"column":140}},"322":{"start":{"line":323,"column":0},"end":{"line":323,"column":19}},"323":{"start":{"line":324,"column":0},"end":{"line":324,"column":18}},"324":{"start":{"line":325,"column":0},"end":{"line":325,"column":15}},"326":{"start":{"line":327,"column":0},"end":{"line":327,"column":34}},"329":{"start":{"line":330,"column":0},"end":{"line":330,"column":62}},"330":{"start":{"line":331,"column":0},"end":{"line":331,"column":116}},"331":{"start":{"line":332,"column":0},"end":{"line":332,"column":34}},"332":{"start":{"line":333,"column":0},"end":{"line":333,"column":76}},"333":{"start":{"line":334,"column":0},"end":{"line":334,"column":16}},"336":{"start":{"line":337,"column":0},"end":{"line":337,"column":66}},"337":{"start":{"line":338,"column":0},"end":{"line":338,"column":81}},"338":{"start":{"line":339,"column":0},"end":{"line":339,"column":15}},"339":{"start":{"line":340,"column":0},"end":{"line":340,"column":40}},"340":{"start":{"line":341,"column":0},"end":{"line":341,"column":38}},"341":{"start":{"line":342,"column":0},"end":{"line":342,"column":52}},"342":{"start":{"line":343,"column":0},"end":{"line":343,"column":24}},"343":{"start":{"line":344,"column":0},"end":{"line":344,"column":113}},"344":{"start":{"line":345,"column":0},"end":{"line":345,"column":62}},"345":{"start":{"line":346,"column":0},"end":{"line":346,"column":66}},"346":{"start":{"line":347,"column":0},"end":{"line":347,"column":16}},"347":{"start":{"line":348,"column":0},"end":{"line":348,"column":35}},"348":{"start":{"line":349,"column":0},"end":{"line":349,"column":46}},"349":{"start":{"line":350,"column":0},"end":{"line":350,"column":24}},"350":{"start":{"line":351,"column":0},"end":{"line":351,"column":65}},"351":{"start":{"line":352,"column":0},"end":{"line":352,"column":14}},"353":{"start":{"line":354,"column":0},"end":{"line":354,"column":18}},"355":{"start":{"line":356,"column":0},"end":{"line":356,"column":10}},"357":{"start":{"line":358,"column":0},"end":{"line":358,"column":1}}},"s":{"0":1,"10":5,"11":5,"12":5,"13":5,"16":1,"17":1,"18":1,"19":1,"20":1,"21":1,"22":1,"23":1,"24":1,"25":1,"28":1,"35":1,"36":76,"37":76,"38":76,"39":76,"40":76,"43":76,"44":76,"45":76,"46":76,"47":76,"49":76,"52":76,"53":5,"54":5,"55":5,"57":76,"58":23,"59":23,"60":23,"61":23,"62":22,"63":22,"64":22,"65":23,"66":23,"67":23,"68":23,"69":23,"70":76,"72":76,"73":76,"76":24,"77":22,"78":24,"79":76,"80":76,"83":76,"84":76,"85":15,"86":15,"87":15,"89":15,"90":15,"91":76,"92":76,"96":76,"97":27,"98":76,"100":76,"101":32,"102":17,"103":17,"104":17,"106":15,"107":15,"108":15,"109":15,"110":15,"111":15,"112":15,"113":15,"114":76,"118":76,"119":2,"120":2,"121":2,"125":1,"126":1,"127":1,"128":1,"129":1,"130":1,"131":2,"133":76,"134":17,"135":17,"137":76,"139":76,"140":76,"141":76,"143":76,"144":55,"145":55,"146":55,"147":55,"148":55,"149":55,"150":55,"151":55,"154":76,"155":76,"156":76,"157":76,"158":57,"159":57,"160":57,"161":112,"162":112,"163":112,"164":57,"165":57,"166":1,"168":57,"169":76,"170":76,"171":76,"173":76,"174":76,"175":76,"176":76,"178":76,"179":76,"180":76,"181":76,"182":76,"183":76,"185":76,"186":57,"187":57,"188":57,"189":76,"190":76,"191":76,"192":76,"193":76,"194":76,"197":76,"198":76,"199":76,"200":76,"201":4,"202":4,"203":4,"204":4,"205":4,"207":76,"208":76,"209":76,"211":76,"212":76,"214":76,"215":76,"216":76,"217":76,"219":76,"220":76,"221":76,"222":76,"223":76,"224":76,"225":1,"226":1,"227":1,"229":76,"230":76,"231":472,"232":472,"233":472,"234":76,"235":76,"236":76,"238":76,"239":76,"240":76,"241":76,"242":76,"243":76,"244":40,"245":40,"246":40,"248":76,"249":76,"250":76,"251":76,"252":76,"253":76,"254":76,"255":76,"256":76,"257":76,"258":76,"260":76,"261":20,"262":20,"263":20,"264":20,"265":20,"266":20,"267":20,"268":20,"269":20,"270":17,"271":17,"272":17,"273":17,"274":17,"275":17,"276":17,"277":17,"278":17,"279":17,"280":17,"281":17,"283":17,"284":17,"285":17,"286":17,"287":17,"288":17,"289":17,"291":20,"293":20,"296":8,"297":8,"298":8,"301":20,"302":2,"305":20,"306":20,"307":20,"308":20,"309":20,"310":20,"311":20,"312":20,"313":20,"314":20,"315":20,"316":20,"317":20,"318":20,"319":20,"320":20,"321":20,"322":20,"323":20,"324":20,"326":20,"329":1,"330":1,"331":1,"332":1,"333":1,"336":20,"337":20,"338":20,"339":20,"340":19,"341":19,"342":19,"343":19,"344":19,"345":19,"346":19,"347":19,"348":19,"349":19,"350":19,"351":19,"353":20,"355":76,"357":76},"branchMap":{"0":{"type":"branch","line":11,"loc":{"start":{"line":11,"column":0},"end":{"line":14,"column":1}},"locations":[{"start":{"line":11,"column":0},"end":{"line":14,"column":1}}]},"1":{"type":"branch","line":12,"loc":{"start":{"line":12,"column":23},"end":{"line":13,"column":21}},"locations":[{"start":{"line":12,"column":23},"end":{"line":13,"column":21}}]},"2":{"type":"branch","line":13,"loc":{"start":{"line":13,"column":16},"end":{"line":13,"column":63}},"locations":[{"start":{"line":13,"column":16},"end":{"line":13,"column":63}}]},"3":{"type":"branch","line":13,"loc":{"start":{"line":13,"column":59},"end":{"line":13,"column":108}},"locations":[{"start":{"line":13,"column":59},"end":{"line":13,"column":108}}]},"4":{"type":"branch","line":36,"loc":{"start":{"line":36,"column":7},"end":{"line":358,"column":1}},"locations":[{"start":{"line":36,"column":7},"end":{"line":358,"column":1}}]},"5":{"type":"branch","line":134,"loc":{"start":{"line":134,"column":22},"end":{"line":134,"column":38}},"locations":[{"start":{"line":134,"column":22},"end":{"line":134,"column":38}}]},"6":{"type":"branch","line":134,"loc":{"start":{"line":134,"column":38},"end":{"line":138,"column":34}},"locations":[{"start":{"line":134,"column":38},"end":{"line":138,"column":34}}]},"7":{"type":"branch","line":134,"loc":{"start":{"line":134,"column":38},"end":{"line":136,"column":3}},"locations":[{"start":{"line":134,"column":38},"end":{"line":136,"column":3}}]},"8":{"type":"branch","line":136,"loc":{"start":{"line":136,"column":2},"end":{"line":138,"column":34}},"locations":[{"start":{"line":136,"column":2},"end":{"line":138,"column":34}}]},"9":{"type":"branch","line":138,"loc":{"start":{"line":138,"column":19},"end":{"line":138,"column":38}},"locations":[{"start":{"line":138,"column":19},"end":{"line":138,"column":38}}]},"10":{"type":"branch","line":142,"loc":{"start":{"line":142,"column":7},"end":{"line":142,"column":55}},"locations":[{"start":{"line":142,"column":7},"end":{"line":142,"column":55}}]},"11":{"type":"branch","line":144,"loc":{"start":{"line":144,"column":24},"end":{"line":152,"column":17}},"locations":[{"start":{"line":144,"column":24},"end":{"line":152,"column":17}}]},"12":{"type":"branch","line":158,"loc":{"start":{"line":158,"column":12},"end":{"line":158,"column":31}},"locations":[{"start":{"line":158,"column":12},"end":{"line":158,"column":31}}]},"13":{"type":"branch","line":186,"loc":{"start":{"line":186,"column":14},"end":{"line":186,"column":33}},"locations":[{"start":{"line":186,"column":14},"end":{"line":186,"column":33}}]},"14":{"type":"branch","line":201,"loc":{"start":{"line":201,"column":11},"end":{"line":206,"column":14}},"locations":[{"start":{"line":201,"column":11},"end":{"line":206,"column":14}}]},"15":{"type":"branch","line":261,"loc":{"start":{"line":261,"column":7},"end":{"line":354,"column":18}},"locations":[{"start":{"line":261,"column":7},"end":{"line":354,"column":18}}]},"16":{"type":"branch","line":269,"loc":{"start":{"line":269,"column":22},"end":{"line":269,"column":96}},"locations":[{"start":{"line":269,"column":22},"end":{"line":269,"column":96}}]},"17":{"type":"branch","line":270,"loc":{"start":{"line":270,"column":32},"end":{"line":290,"column":21}},"locations":[{"start":{"line":270,"column":32},"end":{"line":290,"column":21}}]},"18":{"type":"branch","line":294,"loc":{"start":{"line":294,"column":11},"end":{"line":294,"column":53}},"locations":[{"start":{"line":294,"column":11},"end":{"line":294,"column":53}}]},"19":{"type":"branch","line":294,"loc":{"start":{"line":294,"column":41},"end":{"line":299,"column":21}},"locations":[{"start":{"line":294,"column":41},"end":{"line":299,"column":21}}]},"20":{"type":"branch","line":297,"loc":{"start":{"line":297,"column":44},"end":{"line":297,"column":63}},"locations":[{"start":{"line":297,"column":44},"end":{"line":297,"column":63}}]},"21":{"type":"branch","line":297,"loc":{"start":{"line":297,"column":51},"end":{"line":297,"column":73}},"locations":[{"start":{"line":297,"column":51},"end":{"line":297,"column":73}}]},"22":{"type":"branch","line":297,"loc":{"start":{"line":297,"column":97},"end":{"line":297,"column":115}},"locations":[{"start":{"line":297,"column":97},"end":{"line":297,"column":115}}]},"23":{"type":"branch","line":297,"loc":{"start":{"line":297,"column":104},"end":{"line":297,"column":124}},"locations":[{"start":{"line":297,"column":104},"end":{"line":297,"column":124}}]},"24":{"type":"branch","line":302,"loc":{"start":{"line":302,"column":11},"end":{"line":302,"column":30}},"locations":[{"start":{"line":302,"column":11},"end":{"line":302,"column":30}}]},"25":{"type":"branch","line":302,"loc":{"start":{"line":302,"column":30},"end":{"line":303,"column":113}},"locations":[{"start":{"line":302,"column":30},"end":{"line":303,"column":113}}]},"26":{"type":"branch","line":317,"loc":{"start":{"line":317,"column":52},"end":{"line":317,"column":72}},"locations":[{"start":{"line":317,"column":52},"end":{"line":317,"column":72}}]},"27":{"type":"branch","line":317,"loc":{"start":{"line":317,"column":56},"end":{"line":317,"column":84}},"locations":[{"start":{"line":317,"column":56},"end":{"line":317,"column":84}}]},"28":{"type":"branch","line":322,"loc":{"start":{"line":322,"column":81},"end":{"line":322,"column":101}},"locations":[{"start":{"line":322,"column":81},"end":{"line":322,"column":101}}]},"29":{"type":"branch","line":327,"loc":{"start":{"line":327,"column":20},"end":{"line":334,"column":16}},"locations":[{"start":{"line":327,"column":20},"end":{"line":334,"column":16}}]},"30":{"type":"branch","line":331,"loc":{"start":{"line":331,"column":47},"end":{"line":331,"column":71}},"locations":[{"start":{"line":331,"column":47},"end":{"line":331,"column":71}}]},"31":{"type":"branch","line":331,"loc":{"start":{"line":331,"column":85},"end":{"line":331,"column":108}},"locations":[{"start":{"line":331,"column":85},"end":{"line":331,"column":108}}]},"32":{"type":"branch","line":333,"loc":{"start":{"line":333,"column":67},"end":{"line":333,"column":76}},"locations":[{"start":{"line":333,"column":67},"end":{"line":333,"column":76}}]},"33":{"type":"branch","line":338,"loc":{"start":{"line":338,"column":55},"end":{"line":338,"column":78}},"locations":[{"start":{"line":338,"column":55},"end":{"line":338,"column":78}}]},"34":{"type":"branch","line":338,"loc":{"start":{"line":338,"column":59},"end":{"line":338,"column":81}},"locations":[{"start":{"line":338,"column":59},"end":{"line":338,"column":81}}]},"35":{"type":"branch","line":340,"loc":{"start":{"line":340,"column":34},"end":{"line":352,"column":14}},"locations":[{"start":{"line":340,"column":34},"end":{"line":352,"column":14}}]},"36":{"type":"branch","line":50,"loc":{"start":{"line":50,"column":18},"end":{"line":50,"column":62}},"locations":[{"start":{"line":50,"column":18},"end":{"line":50,"column":62}}]},"37":{"type":"branch","line":50,"loc":{"start":{"line":50,"column":40},"end":{"line":50,"column":60}},"locations":[{"start":{"line":50,"column":40},"end":{"line":50,"column":60}}]},"38":{"type":"branch","line":53,"loc":{"start":{"line":53,"column":17},"end":{"line":56,"column":4}},"locations":[{"start":{"line":53,"column":17},"end":{"line":56,"column":4}}]},"39":{"type":"branch","line":58,"loc":{"start":{"line":58,"column":12},"end":{"line":71,"column":5}},"locations":[{"start":{"line":58,"column":12},"end":{"line":71,"column":5}}]},"40":{"type":"branch","line":62,"loc":{"start":{"line":62,"column":12},"end":{"line":66,"column":7}},"locations":[{"start":{"line":62,"column":12},"end":{"line":66,"column":7}}]},"41":{"type":"branch","line":63,"loc":{"start":{"line":63,"column":19},"end":{"line":63,"column":26}},"locations":[{"start":{"line":63,"column":19},"end":{"line":63,"column":26}}]},"42":{"type":"branch","line":65,"loc":{"start":{"line":65,"column":22},"end":{"line":65,"column":66}},"locations":[{"start":{"line":65,"column":22},"end":{"line":65,"column":66}}]},"43":{"type":"branch","line":65,"loc":{"start":{"line":65,"column":35},"end":{"line":65,"column":64}},"locations":[{"start":{"line":65,"column":35},"end":{"line":65,"column":64}}]},"44":{"type":"branch","line":65,"loc":{"start":{"line":65,"column":53},"end":{"line":65,"column":64}},"locations":[{"start":{"line":65,"column":53},"end":{"line":65,"column":64}}]},"45":{"type":"branch","line":65,"loc":{"start":{"line":65,"column":56},"end":{"line":65,"column":66}},"locations":[{"start":{"line":65,"column":56},"end":{"line":65,"column":66}}]},"46":{"type":"branch","line":67,"loc":{"start":{"line":67,"column":13},"end":{"line":67,"column":79}},"locations":[{"start":{"line":67,"column":13},"end":{"line":67,"column":79}}]},"47":{"type":"branch","line":68,"loc":{"start":{"line":68,"column":11},"end":{"line":70,"column":6}},"locations":[{"start":{"line":68,"column":11},"end":{"line":70,"column":6}}]},"48":{"type":"branch","line":74,"loc":{"start":{"line":74,"column":4},"end":{"line":79,"column":6}},"locations":[{"start":{"line":74,"column":4},"end":{"line":79,"column":6}}]},"49":{"type":"branch","line":77,"loc":{"start":{"line":77,"column":56},"end":{"line":77,"column":76}},"locations":[{"start":{"line":77,"column":56},"end":{"line":77,"column":76}}]},"50":{"type":"branch","line":77,"loc":{"start":{"line":77,"column":82},"end":{"line":78,"column":50}},"locations":[{"start":{"line":77,"column":82},"end":{"line":78,"column":50}}]},"51":{"type":"branch","line":85,"loc":{"start":{"line":85,"column":4},"end":{"line":91,"column":6}},"locations":[{"start":{"line":85,"column":4},"end":{"line":91,"column":6}}]},"52":{"type":"branch","line":86,"loc":{"start":{"line":86,"column":23},"end":{"line":86,"column":80}},"locations":[{"start":{"line":86,"column":23},"end":{"line":86,"column":80}}]},"53":{"type":"branch","line":87,"loc":{"start":{"line":87,"column":69},"end":{"line":87,"column":95}},"locations":[{"start":{"line":87,"column":69},"end":{"line":87,"column":95}}]},"54":{"type":"branch","line":87,"loc":{"start":{"line":87,"column":91},"end":{"line":87,"column":98}},"locations":[{"start":{"line":87,"column":91},"end":{"line":87,"column":98}}]},"55":{"type":"branch","line":90,"loc":{"start":{"line":90,"column":58},"end":{"line":90,"column":74}},"locations":[{"start":{"line":90,"column":58},"end":{"line":90,"column":74}}]},"56":{"type":"branch","line":90,"loc":{"start":{"line":90,"column":67},"end":{"line":90,"column":81}},"locations":[{"start":{"line":90,"column":67},"end":{"line":90,"column":81}}]},"57":{"type":"branch","line":90,"loc":{"start":{"line":90,"column":74},"end":{"line":90,"column":104}},"locations":[{"start":{"line":90,"column":74},"end":{"line":90,"column":104}}]},"58":{"type":"branch","line":97,"loc":{"start":{"line":97,"column":12},"end":{"line":99,"column":5}},"locations":[{"start":{"line":97,"column":12},"end":{"line":99,"column":5}}]},"59":{"type":"branch","line":101,"loc":{"start"
[...]
mn":63},"end":{"line":378,"column":73}}]},"32":{"type":"branch","line":384,"loc":{"start":{"line":384,"column":2},"end":{"line":386,"column":3}},"locations":[{"start":{"line":384,"column":2},"end":{"line":386,"column":3}}]},"33":{"type":"branch","line":389,"loc":{"start":{"line":389,"column":2},"end":{"line":401,"column":3}},"locations":[{"start":{"line":389,"column":2},"end":{"line":401,"column":3}}]},"34":{"type":"branch","line":393,"loc":{"start":{"line":393,"column":24},"end":{"line":393,"column":69}},"locations":[{"start":{"line":393,"column":24},"end":{"line":393,"column":69}}]},"35":{"type":"branch","line":393,"loc":{"start":{"line":393,"column":65},"end":{"line":393,"column":136}},"locations":[{"start":{"line":393,"column":65},"end":{"line":393,"column":136}}]},"36":{"type":"branch","line":394,"loc":{"start":{"line":394,"column":21},"end":{"line":394,"column":45}},"locations":[{"start":{"line":394,"column":21},"end":{"line":394,"column":45}}]},"37":{"type":"branch","line":394,"loc":{"start":{"line":394,"column":33},"end":{"line":394,"column":66}},"locations":[{"start":{"line":394,"column":33},"end":{"line":394,"column":66}}]},"38":{"type":"branch","line":396,"loc":{"start":{"line":396,"column":28},"end":{"line":396,"column":60}},"locations":[{"start":{"line":396,"column":28},"end":{"line":396,"column":60}}]},"39":{"type":"branch","line":396,"loc":{"start":{"line":396,"column":60},"end":{"line":398,"column":5}},"locations":[{"start":{"line":396,"column":60},"end":{"line":398,"column":5}}]},"40":{"type":"branch","line":398,"loc":{"start":{"line":398,"column":4},"end":{"line":400,"column":53}},"locations":[{"start":{"line":398,"column":4},"end":{"line":400,"column":53}}]},"41":{"type":"branch","line":403,"loc":{"start":{"line":403,"column":2},"end":{"line":405,"column":3}},"locations":[{"start":{"line":403,"column":2},"end":{"line":405,"column":3}}]},"42":{"type":"branch","line":407,"loc":{"start":{"line":407,"column":2},"end":{"line":409,"column":3}},"locations":[{"start":{"line":407,"column":2},"end":{"line":409,"column":3}}]},"43":{"type":"branch","line":411,"loc":{"start":{"line":411,"column":2},"end":{"line":413,"column":3}},"locations":[{"start":{"line":411,"column":2},"end":{"line":413,"column":3}}]},"44":{"type":"branch","line":415,"loc":{"start":{"line":415,"column":2},"end":{"line":417,"column":3}},"locations":[{"start":{"line":415,"column":2},"end":{"line":417,"column":3}}]},"45":{"type":"branch","line":424,"loc":{"start":{"line":424,"column":2},"end":{"line":426,"column":3}},"locations":[{"start":{"line":424,"column":2},"end":{"line":426,"column":3}}]},"46":{"type":"branch","line":428,"loc":{"start":{"line":428,"column":2},"end":{"line":430,"column":3}},"locations":[{"start":{"line":428,"column":2},"end":{"line":430,"column":3}}]},"47":{"type":"branch","line":439,"loc":{"start":{"line":439,"column":2},"end":{"line":444,"column":3}},"locations":[{"start":{"line":439,"column":2},"end":{"line":444,"column":3}}]},"48":{"type":"branch","line":441,"loc":{"start":{"line":441,"column":23},"end":{"line":441,"column":57}},"locations":[{"start":{"line":441,"column":23},"end":{"line":441,"column":57}}]},"49":{"type":"branch","line":442,"loc":{"start":{"line":442,"column":63},"end":{"line":442,"column":73}},"locations":[{"start":{"line":442,"column":63},"end":{"line":442,"column":73}}]},"50":{"type":"branch","line":447,"loc":{"start":{"line":447,"column":2},"end":{"line":454,"column":3}},"locations":[{"start":{"line":447,"column":2},"end":{"line":454,"column":3}}]},"51":{"type":"branch","line":449,"loc":{"start":{"line":449,"column":41},"end":{"line":449,"column":54}},"locations":[{"start":{"line":449,"column":41},"end":{"line":449,"column":54}}]},"52":{"type":"branch","line":450,"loc":{"start":{"line":450,"column":63},"end":{"line":450,"column":74}},"locations":[{"start":{"line":450,"column":63},"end":{"line":450,"column":74}}]},"53":{"type":"branch","line":456,"loc":{"start":{"line":456,"column":2},"end":{"line":458,"column":3}},"locations":[{"start":{"line":456,"column":2},"end":{"line":458,"column":3}}]},"54":{"type":"branch","line":460,"loc":{"start":{"line":460,"column":2},"end":{"line":463,"column":3}},"locations":[{"start":{"line":460,"column":2},"end":{"line":463,"column":3}}]},"55":{"type":"branch","line":469,"loc":{"start":{"line":469,"column":2},"end":{"line":481,"column":3}},"locations":[{"start":{"line":469,"column":2},"end":{"line":481,"column":3}}]},"56":{"type":"branch","line":471,"loc":{"start":{"line":471,"column":16},"end":{"line":471,"column":44}},"locations":[{"start":{"line":471,"column":16},"end":{"line":471,"column":44}}]},"57":{"type":"branch","line":479,"loc":{"start":{"line":479,"column":22},"end":{"line":480,"column":52}},"locations":[{"start":{"line":479,"column":22},"end":{"line":480,"column":52}}]},"58":{"type":"branch","line":483,"loc":{"start":{"line":483,"column":2},"end":{"line":485,"column":3}},"locations":[{"start":{"line":483,"column":2},"end":{"line":485,"column":3}}]},"59":{"type":"branch","line":487,"loc":{"start":{"line":487,"column":2},"end":{"line":492,"column":3}},"locations":[{"start":{"line":487,"column":2},"end":{"line":492,"column":3}}]},"60":{"type":"branch","line":489,"loc":{"start":{"line":489,"column":23},"end":{"line":489,"column":57}},"locations":[{"start":{"line":489,"column":23},"end":{"line":489,"column":57}}]},"61":{"type":"branch","line":490,"loc":{"start":{"line":490,"column":63},"end":{"line":490,"column":73}},"locations":[{"start":{"line":490,"column":63},"end":{"line":490,"column":73}}]},"62":{"type":"branch","line":494,"loc":{"start":{"line":494,"column":2},"end":{"line":496,"column":3}},"locations":[{"start":{"line":494,"column":2},"end":{"line":496,"column":3}}]},"63":{"type":"branch","line":499,"loc":{"start":{"line":499,"column":2},"end":{"line":503,"column":3}},"locations":[{"start":{"line":499,"column":2},"end":{"line":503,"column":3}}]},"64":{"type":"branch","line":505,"loc":{"start":{"line":505,"column":2},"end":{"line":509,"column":3}},"locations":[{"start":{"line":505,"column":2},"end":{"line":509,"column":3}}]},"65":{"type":"branch","line":511,"loc":{"start":{"line":511,"column":2},"end":{"line":513,"column":3}},"locations":[{"start":{"line":511,"column":2},"end":{"line":513,"column":3}}]},"66":{"type":"branch","line":515,"loc":{"start":{"line":515,"column":2},"end":{"line":517,"column":3}},"locations":[{"start":{"line":515,"column":2},"end":{"line":517,"column":3}}]},"67":{"type":"branch","line":519,"loc":{"start":{"line":519,"column":2},"end":{"line":522,"column":3}},"locations":[{"start":{"line":519,"column":2},"end":{"line":522,"column":3}}]},"68":{"type":"branch","line":524,"loc":{"start":{"line":524,"column":2},"end":{"line":526,"column":3}},"locations":[{"start":{"line":524,"column":2},"end":{"line":526,"column":3}}]},"69":{"type":"branch","line":528,"loc":{"start":{"line":528,"column":2},"end":{"line":530,"column":3}},"locations":[{"start":{"line":528,"column":2},"end":{"line":530,"column":3}}]},"70":{"type":"branch","line":532,"loc":{"start":{"line":532,"column":2},"end":{"line":538,"column":3}},"locations":[{"start":{"line":532,"column":2},"end":{"line":538,"column":3}}]},"71":{"type":"branch","line":534,"loc":{"start":{"line":534,"column":23},"end":{"line":534,"column":57}},"locations":[{"start":{"line":534,"column":23},"end":{"line":534,"column":57}}]},"72":{"type":"branch","line":535,"loc":{"start":{"line":535,"column":26},"end":{"line":535,"column":66}},"locations":[{"start":{"line":535,"column":26},"end":{"line":535,"column":66}}]},"73":{"type":"branch","line":536,"loc":{"start":{"line":536,"column":63},"end":{"line":536,"column":73}},"locations":[{"start":{"line":536,"column":63},"end":{"line":536,"column":73}}]},"74":{"type":"branch","line":540,"loc":{"start":{"line":540,"column":2},"end":{"line":542,"column":3}},"locations":[{"start":{"line":540,"column":2},"end":{"line":542,"column":3}}]},"75":{"type":"branch","line":545,"loc":{"start":{"line":545,"column":2},"end":{"line":547,"column":3}},"locations":[{"start":{"line":545,"column":2},"end":{"line":547,"column":3}}]},"76":{"type":"branch","line":549,"loc":{"start":{"line":549,"column":2},"end":{"line":551,"column":3}},"locations":[{"start":{"line":549,"column":2},"end":{"line":551,"column":3}}]},"77":{"type":"branch","line":553,"loc":{"start":{"line":553,"column":2},"end":{"line":555,"column":3}},"locations":[{"start":{"line":553,"column":2},"end":{"line":555,"column":3}}]},"78":{"type":"branch","line":558,"loc":{"start":{"line":558,"column":2},"end":{"line":567,"column":3}},"locations":[{"start":{"line":558,"column":2},"end":{"line":567,"column":3}}]},"79":{"type":"branch","line":564,"loc":{"start":{"line":564,"column":33},"end":{"line":564,"column":94}},"locations":[{"start":{"line":564,"column":33},"end":{"line":564,"column":94}}]},"80":{"type":"branch","line":564,"loc":{"start":{"line":564,"column":40},"end":{"line":565,"column":28}},"locations":[{"start":{"line":564,"column":40},"end":{"line":565,"column":28}}]},"81":{"type":"branch","line":565,"loc":{"start":{"line":565,"column":22},"end":{"line":565,"column":71}},"locations":[{"start":{"line":565,"column":22},"end":{"line":565,"column":71}}]},"82":{"type":"branch","line":565,"loc":{"start":{"line":565,"column":69},"end":{"line":566,"column":51}},"locations":[{"start":{"line":565,"column":69},"end":{"line":566,"column":51}}]},"83":{"type":"branch","line":569,"loc":{"start":{"line":569,"column":2},"end":{"line":572,"column":3}},"locations":[{"start":{"line":569,"column":2},"end":{"line":572,"column":3}}]},"84":{"type":"branch","line":574,"loc":{"start":{"line":574,"column":2},"end":{"line":576,"column":3}},"locations":[{"start":{"line":574,"column":2},"end":{"line":576,"column":3}}]},"85":{"type":"branch","line":578,"loc":{"start":{"line":578,"column":2},"end":{"line":581,"column":3}},"locations":[{"start":{"line":578,"column":2},"end":{"line":581,"column":3}}]},"86":{"type":"branch","line":583,"loc":{"start":{"line":583,"column":2},"end":{"line":585,"column":3}},"locations":[{"start":{"line":583,"column":2},"end":{"line":585,"column":3}}]},"87":{"type":"branch","line":587,"loc":{"start":{"line":587,"column":2},"end":{"line":592,"column":3}},"locations":[{"start":{"line":587,"column":2},"end":{"line":592,"column":3}}]},"88":{"type":"branch","line":598,"loc":{"start":{"line":598,"column":2},"end":{"line":607,"column":3}},"locations":[{"start":{"line":598,"column":2},"end":{"line":607,"column":3}}]},"89":{"type":"branch","line":605,"loc":{"start":{"line":605,"column":22},"end":{"line":605,"column":71}},"locations":[{"start":{"line":605,"column":22},"end":{"line":605,"column":71}}]},"90":{"type":"branch","line":605,"loc":{"start":{"line":605,"column":69},"end":{"line":606,"column":53}},"locations":[{"start":{"line":605,"column":69},"end":{"line":606,"column":53}}]}},"b":{"0":[16],"1":[12],"2":[6],"3":[6],"4":[4],"5":[20],"6":[94],"7":[94],"8":[0],"9":[0],"10":[313],"11":[13],"12":[300],"13":[15],"14":[75],"15":[70],"16":[44],"17":[43],"18":[26],"19":[25],"20":[8],"21":[18],"22":[53],"23":[8],"24":[10],"25":[0],"26":[5],"27":[12],"28":[15],"29":[16],"30":[0],"31":[0],"32":[5],"33":[25],"34":[9],"35":[16],"36":[9],"37":[16],"38":[10],"39":[20],"40":[5],"41":[4],"42":[1],"43":[1],"44":[2],"45":[1],"46":[23],"47":[24],"48":[1],"49":[0],"50":[15],"51":[0],"52":[0],"53":[4],"54":[1],"55":[2],"56":[0],"57":[1],"58":[15],"59":[25],"60":[1],"61":[0],"62":[20],"63":[20],"64":[20],"65":[4],"66":[1],"67":[1],"68":[1],"69":[13],"70":[15],"71":[2],"72":[1],"73":[0],"74":[7],"75":[2],"76":[2],"77":[21],"78":[14],"79":[1],"80":[13],"81":[0],"82":[13],"83":[22],"84":[21],"85":[1],"86":[2],"87":[1],"88":[4],"89":[1],"90":[3]},"fnMap":{"0":{"name":"refusalMessage","decl":{"start":{"line":44,"column":0},"end":{"line":51,"column":1}},"loc":{"start":{"line":44,"column":0},"end":{"line":51,"column":1}},"line":44},"1":{"name":"AdminHttpError","decl":{"start":{"line":301,"column":2},"end":{"line":304,"column":3}},"loc":{"start":{"line":301,"column":2},"end":{"line":304,"column":3}},"line":301},"2":{"name":"<instance_members_initializer>","decl":{"start":{"line":308,"column":19},"end":{"line":309,"column":41}},"loc":{"start":{"line":308,"column":19},"end":{"line":309,"column":41}},"line":308},"3":{"name":"AdminClient","decl":{"start":{"line":311,"column":2},"end":{"line":318,"column":3}},"loc":{"start":{"line":311,"column":2},"end":{"line":318,"column":3}},"line":311},"4":{"name":"get","decl":{"start":{"line":320,"column":2},"end":{"line":327,"column":3}},"loc":{"start":{"line":320,"column":2},"end":{"line":327,"column":3}},"line":320},"5":{"name":"discoverCapabilities","decl":{"start":{"line":340,"column":2},"end":{"line":364,"column":3}},"loc":{"start":{"line":340,"column":2},"end":{"line":364,"column":3}},"line":340},"6":{"name":"fleets","decl":{"start":{"line":366,"column":2},"end":{"line":368,"column":3}},"loc":{"start":{"line":366,"column":2},"end":{"line":368,"column":3}},"line":366},"7":{"name":"jobs","decl":{"start":{"line":370,"column":2},"end":{"line":372,"column":3}},"loc":{"start":{"line":370,"column":2},"end":{"line":372,"column":3}},"line":370},"8":{"name":"runs","decl":{"start":{"line":374,"column":2},"end":{"line":382,"column":3}},"loc":{"start":{"line":374,"column":2},"end":{"line":382,"column":3}},"line":374},"9":{"name":"run","decl":{"start":{"line":384,"column":2},"end":{"line":386,"column":3}},"loc":{"start":{"line":384,"column":2},"end":{"line":386,"column":3}},"line":384},"10":{"name":"verb","decl":{"start":{"line":389,"column":2},"end":{"line":401,"column":3}},"loc":{"start":{"line":389,"column":2},"end":{"line":401,"column":3}},"line":389},"11":{"name":"triggerJob","decl":{"start":{"line":403,"column":2},"end":{"line":405,"column":3}},"loc":{"start":{"line":403,"column":2},"end":{"line":405,"column":3}},"line":403},"12":{"name":"pauseJob","decl":{"start":{"line":407,"column":2},"end":{"line":409,"column":3}},"loc":{"start":{"line":407,"column":2},"end":{"line":409,"column":3}},"line":407},"13":{"name":"resumeJob","decl":{"start":{"line":411,"column":2},"end":{"line":413,"column":3}},"loc":{"start":{"line":411,"column":2},"end":{"line":413,"column":3}},"line":411},"14":{"name":"rerun","decl":{"start":{"line":415,"column":2},"end":{"line":417,"column":3}},"loc":{"start":{"line":415,"column":2},"end":{"line":417,"column":3}},"line":415},"15":{"name":"replayItems","decl":{"start":{"line":424,"column":2},"end":{"line":426,"column":3}},"loc":{"start":{"line":424,"column":2},"end":{"line":426,"column":3}},"line":424},"16":{"name":"bulkDefinitions","decl":{"start":{"line":428,"column":2},"end":{"line":430,"column":3}},"loc":{"start":{"line":428,"column":2},"end":{"line":430,"column":3}},"line":428},"17":{"name":"bulkBatches","decl":{"start":{"line":439,"column":2},"end":{"line":444,"column":3}},"loc":{"start":{"line":439,"column":2},"end":{"line":444,"column":3}},"line":439},"18":{"name":"bulkErrors","decl":{"start":{"line":447,"column":2},"end":{"line":454,"column":3}},"loc":{"start":{"line":447,"column":2},"end":{"line":454,"column":3}},"line":447},"19":{"name":"approveBatch","decl":{"start":{"line":456,"column":2},"end":{"line":458,"column":3}},"loc":{"start":{"line":456,"column":2},"end":{"line":458,"column":3}},"line":456},"20":{"name":"rejectBatch","decl":{"start":{"line":460,"column":2},"end":{"line":463,"column":3}},"loc":{"start":{"line":460,"column":2},"end":{"line":463,"column":3}},"line":460},"21":{"name":"uploadBatch","decl":{"start":{"line":469,"column":2},"end":{"line":481,"column":3}},"loc":{"start":{"line":469,"column":2},"end":{"line":481,"column":3}},"line":469},"22":{"name":"batch","decl":{"start":{"line":483,"column":2},"end":{"line":485,"column":3}},"loc":{"start":{"line":483,"column":2},"end":{"line":485,"column":3}},"line":483},"23":{"name":"campaigns","decl":{"start":{"line":487,"column":2},"end":{"line":492,"column":3}},"loc":{"start":{"line":487,"column":2},"end":{"line":492,"column":3}},"line":487},"24":{"name":"campaign","decl":{"start":{"line":494,"column":2},"end":{"line":496,"column":3}},"loc":{"start":{"line":494,"column":2},"end":{"line":496,"column":3}},"line":494},"25":{"name":"campaignFailures","decl":{"start":{"line":499,"column":2},"end":{"line":503,"column":3}},"loc":{"start":{"line":499,"column":2},"end":{"line":503,"column":3}},"line":499},"26":{"name":"campaignAudit","decl":{"start":{"line":505,"column":2},"end":{"line":509,"column":3}},"loc":{"start":{"line":505,"column":2},"end":{"line":509,"column":3}},"line":505},"27":{"name":"pauseCampaign","decl":{"start":{"line":511,"column":2},"end":{"line":513,"column":3}},"loc":{"start":{"line":511,"column":2},"end":{"line":513,"column":3}},"line":511},"28":{"name":"resumeCampaign","decl":{"start":{"line":515,"column":2},"end":{"line":517,"column":3}},"loc":{"start":{"line":515,"column":2},"end":{"line":517,"column":3}},"line":515},"29":{"name":"abortCampaign","decl":{"start":{"line":519,"column":2},"end":{"line":522,"column":3}},"loc":{"start":{"line":519,"column":2},"end":{"line":522,"column":3}},"line":519},"30":{"name":"throttleCampaign","decl":{"start":{"line":524,"column":2},"end":{"line":526,"column":3}},"loc":{"start":{"line":524,"column":2},"end":{"line":526,"column":3}},"line":524},"31":{"name":"notificationTemplates","decl":{"start":{"line":528,"column":2},"end":{"line":530,"column":3}},"loc":{"start":{"line":528,"column":2},"end":{"line":530,"column":3}},"line":528},"32":{"name":"notifications","decl":{"start":{"line":532,"column":2},"end":{"line":538,"column":3}},"loc":{"start":{"line":532,"column":2},"end":{"line":538,"column":3}},"line":532},"33":{"name":"notification","decl":{"start":{"line":540,"column":2},"end":{"line":542,"column":3}},"loc":{"start":{"line":540,"column":2},"end":{"line":542,"column":3}},"line":540},"34":{"name":"notificationSuppressions","decl":{"start":{"line":545,"column":2},"end":{"line":547,"column":3}},"loc":{"start":{"line":545,"column":2},"end":{"line":547,"column":3}},"line":545},"35":{"name":"notificationFailures","decl":{"start":{"line":549,"column":2},"end":{"line":551,"column":3}},"loc":{"start":{"line":549,"column":2},"end":{"line":551,"column":3}},"line":549},"36":{"name":"archiveDefinitions","decl":{"start":{"line":553,"column":2},"end":{"line":555,"column":3}},"loc":{"start":{"line":553,"column":2},"end":{"line":555,"column":3}},"line":553},"37":{"name":"archiveEntry","decl":{"start":{"line":558,"column":2},"end":{"line":567,"column":3}},"loc":{"start":{"line":558,"column":2},"end":{"line":567,"column":3}},"line":558},"38":{"name":"holds","decl":{"start":{"line":569,"column":2},"end":{"line":572,"column":3}},"loc":{"start":{"line":569,"column":2},"end":{"line":572,"column":3}},"line":569},"39":{"name":"erasures","decl":{"start":{"line":574,"column":2},"end":{"line":576,"column":3}},"loc":{"start":{"line":574,"column":2},"end":{"line":576,"column":3}},"line":574},"40":{"name":"placeHold","decl":{"start":{"line":578,"column":2},"end":{"line":581,"column":3}},"loc":{"start":{"line":578,"column":2},"end":{"line":581,"column":3}},"line":578},"41":{"name":"liftHold","decl":{"start":{"line":583,"column":2},"end":{"line":585,"column":3}},"loc":{"start":{"line":583,"column":2},"end":{"line":585,"column":3}},"line":583},"42":{"name":"erase","decl":{"start":{"line":587,"column":2},"end":{"line":592,"column":3}},"loc":{"start":{"line":587,"column":2},"end":{"line":592,"column":3}},"line":587},"43":{"name":"verifyChain","decl":{"start":{"line":598,"column":2},"end":{"line":607,"column":3}},"loc":{"start":{"line":598,"column":2},"end":{"line":607,"column":3}},"line":598}},"f":{"0":16,"1":20,"2":94,"3":94,"4":313,"5":15,"6":12,"7":15,"8":16,"9":5,"10":25,"11":4,"12":1,"13":1,"14":2,"15":1,"16":23,"17":24,"18":15,"19":4,"20":1,"21":2,"22":15,"23":25,"24":20,"25":20,"26":20,"27":4,"28":1,"29":1,"30":1,"31":13,"32":15,"33":7,"34":2,"35":2,"36":21,"37":14,"38":22,"39":21,"40":1,"41":2,"42":1,"43":4}}
}
