{"/Users/omercelik/Repositories/goldpath/ui/kit/src/adminResult.ts": {"path":"/Users/omercelik/Repositories/goldpath/ui/kit/src/adminResult.ts","all":false,"statementMap":{"14":{"start":{"line":15,"column":0},"end":{"line":15,"column":34}},"15":{"start":{"line":16,"column":0},"end":{"line":16,"column":14}},"16":{"start":{"line":17,"column":0},"end":{"line":17,"column":20}},"17":{"start":{"line":18,"column":0},"end":{"line":18,"column":32}},"18":{"start":{"line":19,"column":0},"end":{"line":19,"column":25}},"19":{"start":{"line":20,"column":0},"end":{"line":20,"column":67}},"20":{"start":{"line":21,"column":0},"end":{"line":21,"column":59}},"21":{"start":{"line":22,"column":0},"end":{"line":22,"column":66}},"22":{"start":{"line":23,"column":0},"end":{"line":23,"column":110}},"23":{"start":{"line":24,"column":0},"end":{"line":24,"column":3}},"25":{"start":{"line":26,"column":0},"end":{"line":26,"column":52}},"26":{"start":{"line":27,"column":0},"end":{"line":27,"column":1}}},"s":{"14":3,"15":3,"16":3,"17":3,"18":3,"19":3,"20":3,"21":2,"22":2,"23":2,"25":1,"26":1},"branchMap":{"0":{"type":"branch","line":15,"loc":{"start":{"line":15,"column":0},"end":{"line":27,"column":1}},"locations":[{"start":{"line":15,"column":0},"end":{"line":27,"column":1}}]},"1":{"type":"branch","line":21,"loc":{"start":{"line":21,"column":26},"end":{"line":21,"column":58}},"locations":[{"start":{"line":21,"column":26},"end":{"line":21,"column":58}}]},"2":{"type":"branch","line":21,"loc":{"start":{"line":21,"column":58},"end":{"line":24,"column":3}},"locations":[{"start":{"line":21,"column":58},"end":{"line":24,"column":3}}]},"3":{"type":"branch","line":23,"loc":{"start":{"line":23,"column":18},"end":{"line":23,"column":65}},"locations":[{"start":{"line":23,"column":18},"end":{"line":23,"column":65}}]},"4":{"type":"branch","line":23,"loc":{"start":{"line":23,"column":61},"end":{"line":23,"column":110}},"locations":[{"start":{"line":23,"column":61},"end":{"line":23,"column":110}}]},"5":{"type":"branch","line":24,"loc":{"start":{"line":24,"column":2},"end":{"line":27,"column":1}},"locations":[{"start":{"line":24,"column":2},"end":{"line":27,"column":1}}]}},"b":{"0":[3],"1":[2],"2":[2],"3":[1],"4":[1],"5":[1]},"fnMap":{"0":{"name":"executeVerb","decl":{"start":{"line":15,"column":0},"end":{"line":27,"column":1}},"loc":{"start":{"line":15,"column":0},"end":{"line":27,"column":1}},"line":15}},"f":{"0":3}}
,"/Users/omercelik/Repositories/goldpath/ui/kit/src/duration.ts": {"path":"/Users/omercelik/Repositories/goldpath/ui/kit/src/duration.ts","all":false,"statementMap":{"9":{"start":{"line":10,"column":0},"end":{"line":10,"column":58}},"10":{"start":{"line":11,"column":0},"end":{"line":11,"column":37}},"11":{"start":{"line":12,"column":0},"end":{"line":12,"column":49}},"12":{"start":{"line":13,"column":0},"end":{"line":13,"column":85}},"13":{"start":{"line":14,"column":0},"end":{"line":14,"column":83}},"14":{"start":{"line":15,"column":0},"end":{"line":15,"column":42}},"15":{"start":{"line":16,"column":0},"end":{"line":16,"column":1}}},"s":{"9":1,"10":6,"11":6,"12":6,"13":6,"14":1,"15":1},"branchMap":{"0":{"type":"branch","line":10,"loc":{"start":{"line":10,"column":7},"end":{"line":16,"column":1}},"locations":[{"start":{"line":10,"column":7},"end":{"line":16,"column":1}}]},"1":{"type":"branch","line":12,"loc":{"start":{"line":12,"column":18},"end":{"line":13,"column":27}},"locations":[{"start":{"line":12,"column":18},"end":{"line":13,"column":27}}]},"2":{"type":"branch","line":13,"loc":{"start":{"line":13,"column":20},"end":{"line":13,"column":85}},"locations":[{"start":{"line":13,"column":20},"end":{"line":13,"column":85}}]},"3":{"type":"branch","line":13,"loc":{"start":{"line":13,"column":52},"end":{"line":14,"column":30}},"locations":[{"start":{"line":13,"column":52},"end":{"line":14,"column":30}}]},"4":{"type":"branch","line":14,"loc":{"start":{"line":14,"column":23},"end":{"line":16,"column":1}},"locations":[{"start":{"line":14,"column":23},"end":{"line":16,"column":1}}]}},"b":{"0":[6],"1":[3],"2":[1],"3":[2],"4":[1]},"fnMap":{"0":{"name":"humanizeSeconds","decl":{"start":{"line":10,"column":7},"end":{"line":16,"column":1}},"loc":{"start":{"line":10,"column":7},"end":{"line":16,"column":1}},"line":10}},"f":{"0":6}}
,"/Users/omercelik/Repositories/goldpath/ui/kit/src/status.ts": {"path":"/Users/omercelik/Repositories/goldpath/ui/kit/src/status.ts","all":false,"statementMap":{"4":{"start":{"line":5,"column":0},"end":{"line":5,"column":41}},"6":{"start":{"line":7,"column":0},"end":{"line":7,"column":23}},"7":{"start":{"line":8,"column":0},"end":{"line":8,"column":18}},"8":{"start":{"line":9,"column":0},"end":{"line":9,"column":19}},"9":{"start":{"line":10,"column":0},"end":{"line":10,"column":23}},"10":{"start":{"line":11,"column":0},"end":{"line":11,"column":20}},"12":{"start":{"line":13,"column":0},"end":{"line":13,"column":19}},"13":{"start":{"line":14,"column":0},"end":{"line":14,"column":21}},"14":{"start":{"line":15,"column":0},"end":{"line":15,"column":44}},"15":{"start":{"line":16,"column":0},"end":{"line":16,"column":87}},"16":{"start":{"line":17,"column":0},"end":{"line":17,"column":20}},"17":{"start":{"line":18,"column":0},"end":{"line":18,"column":34}},"18":{"start":{"line":19,"column":0},"end":{"line":19,"column":21}},"20":{"start":{"line":21,"column":0},"end":{"line":21,"column":64}},"21":{"start":{"line":22,"column":0},"end":{"line":22,"column":82}},"22":{"start":{"line":23,"column":0},"end":{"line":23,"column":20}},"24":{"start":{"line":25,"column":0},"end":{"line":25,"column":20}},"25":{"start":{"line":26,"column":0},"end":{"line":26,"column":18}},"26":{"start":{"line":27,"column":0},"end":{"line":27,"column":24}},"28":{"start":{"line":29,"column":0},"end":{"line":29,"column":20}},"29":{"start":{"line":30,"column":0},"end":{"line":30,"column":29}},"30":{"start":{"line":31,"column":0},"end":{"line":31,"column":22}},"31":{"start":{"line":32,"column":0},"end":{"line":32,"column":2}},"34":{"start":{"line":35,"column":0},"end":{"line":35,"column":64}},"41":{"start":{"line":42,"column":0},"end":{"line":42,"column":91}},"42":{"start":{"line":43,"column":0},"end":{"line":43,"column":51}},"43":{"start":{"line":44,"column":0},"end":{"line":44,"column":1}}},"s":{"4":1,"6":1,"7":1,"8":1,"9":1,"10":1,"12":1,"13":1,"14":1,"15":1,"16":1,"17":1,"18":1,"20":1,"21":1,"22":1,"24":1,"25":1,"26":1,"28":1,"29":1,"30":1,"31":1,"34":1,"41":1,"42":16,"43":16},"branchMap":{"0":{"type":"branch","line":42,"loc":{"start":{"line":42,"column":7},"end":{"line":44,"column":1}},"locations":[{"start":{"line":42,"column":7},"end":{"line":44,"column":1}}]},"1":{"type":"branch","line":43,"loc":{"start":{"line":43,"column":18},"end":{"line":43,"column":41}},"locations":[{"start":{"line":43,"column":18},"end":{"line":43,"column":41}}]},"2":{"type":"branch","line":43,"loc":{"start":{"line":43,"column":23},"end":{"line":43,"column":41}},"locations":[{"start":{"line":43,"column":23},"end":{"line":43,"column":41}}]},"3":{"type":"branch","line":43,"loc":{"start":{"line":43,"column":36},"end":{"line":43,"column":51}},"locations":[{"start":{"line":43,"column":36},"end":{"line":43,"column":51}}]}},"b":{"0":[16],"1":[2],"2":[1],"3":[1]},"fnMap":{"0":{"name":"statusTone","decl":{"start":{"line":42,"column":7},"end":{"line":44,"column":1}},"loc":{"start":{"line":42,"column":7},"end":{"line":44,"column":1}},"line":42}},"f":{"0":16}}
,"/Users/omercelik/Repositories/goldpath/ui/kit/src/components/AppShell.tsx": {"path":"/Users/omercelik/Repositories/goldpath/ui/kit/src/components/AppShell.tsx","all":false,"statementMap":{"0":{"start":{"line":1,"column":0},"end":{"line":1,"column":39}},"41":{"start":{"line":42,"column":0},"end":{"line":42,"column":26}},"42":{"start":{"line":43,"column":0},"end":{"line":43,"column":8}},"43":{"start":{"line":44,"column":0},"end":{"line":44,"column":6}},"44":{"start":{"line":45,"column":0},"end":{"line":45,"column":11}},"45":{"start":{"line":46,"column":0},"end":{"line":46,"column":11}},"46":{"start":{"line":47,"column":0},"end":{"line":47,"column":11}},"47":{"start":{"line":48,"column":0},"end":{"line":48,"column":16}},"48":{"start":{"line":49,"column":0},"end":{"line":49,"column":20}},"49":{"start":{"line":50,"column":0},"end":{"line":50,"column":20}},"50":{"start":{"line":51,"column":0},"end":{"line":51,"column":9}},"51":{"start":{"line":52,"column":0},"end":{"line":52,"column":19}},"52":{"start":{"line":53,"column":0},"end":{"line":53,"column":10}},"53":{"start":{"line":54,"column":0},"end":{"line":54,"column":79}},"54":{"start":{"line":55,"column":0},"end":{"line":55,"column":12}},"55":{"start":{"line":56,"column":0},"end":{"line":56,"column":34}},"56":{"start":{"line":57,"column":0},"end":{"line":57,"column":109}},"61":{"start":{"line":62,"column":0},"end":{"line":62,"column":12}},"62":{"start":{"line":63,"column":0},"end":{"line":63,"column":34}},"63":{"start":{"line":64,"column":0},"end":{"line":64,"column":39}},"64":{"start":{"line":65,"column":0},"end":{"line":65,"column":80}},"66":{"start":{"line":67,"column":0},"end":{"line":67,"column":71}},"67":{"start":{"line":68,"column":0},"end":{"line":68,"column":91}},"68":{"start":{"line":69,"column":0},"end":{"line":69,"column":35}},"69":{"start":{"line":70,"column":0},"end":{"line":70,"column":21}},"70":{"start":{"line":71,"column":0},"end":{"line":71,"column":84}},"71":{"start":{"line":72,"column":0},"end":{"line":72,"column":42}},"72":{"start":{"line":73,"column":0},"end":{"line":73,"column":95}},"73":{"start":{"line":74,"column":0},"end":{"line":74,"column":43}},"75":{"start":{"line":76,"column":0},"end":{"line":76,"column":39}},"76":{"start":{"line":77,"column":0},"end":{"line":77,"column":23}},"78":{"start":{"line":79,"column":0},"end":{"line":79,"column":16}},"80":{"start":{"line":81,"column":0},"end":{"line":81,"column":61}},"81":{"start":{"line":82,"column":0},"end":{"line":82,"column":39}},"82":{"start":{"line":83,"column":0},"end":{"line":83,"column":98}},"83":{"start":{"line":84,"column":0},"end":{"line":84,"column":21}},"84":{"start":{"line":85,"column":0},"end":{"line":85,"column":37}},"85":{"start":{"line":86,"column":0},"end":{"line":86,"column":103}},"86":{"start":{"line":87,"column":0},"end":{"line":87,"column":57}},"87":{"start":{"line":88,"column":0},"end":{"line":88,"column":101}},"89":{"start":{"line":90,"column":0},"end":{"line":90,"column":44}},"90":{"start":{"line":91,"column":0},"end":{"line":91,"column":89}},"91":{"start":{"line":92,"column":0},"end":{"line":92,"column":19}},"92":{"start":{"line":93,"column":0},"end":{"line":93,"column":23}},"93":{"start":{"line":94,"column":0},"end":{"line":94,"column":18}},"96":{"start":{"line":97,"column":0},"end":{"line":97,"column":30}},"97":{"start":{"line":98,"column":0},"end":{"line":98,"column":48}},"98":{"start":{"line":99,"column":0},"end":{"line":99,"column":20}},"99":{"start":{"line":100,"column":0},"end":{"line":100,"column":21}},"100":{"start":{"line":101,"column":0},"end":{"line":101,"column":29}},"101":{"start":{"line":102,"column":0},"end":{"line":102,"column":58}},"102":{"start":{"line":103,"column":0},"end":{"line":103,"column":58}},"103":{"start":{"line":104,"column":0},"end":{"line":104,"column":93}},"104":{"start":{"line":105,"column":0},"end":{"line":105,"column":83}},"105":{"start":{"line":106,"column":0},"end":{"line":106,"column":19}},"106":{"start":{"line":107,"column":0},"end":{"line":107,"column":39}},"108":{"start":{"line":109,"column":0},"end":{"line":109,"column":88}},"109":{"start":{"line":110,"column":0},"end":{"line":110,"column":101}},"110":{"start":{"line":111,"column":0},"end":{"line":111,"column":78}},"111":{"start":{"line":112,"column":0},"end":{"line":112,"column":113}},"113":{"start":{"line":114,"column":0},"end":{"line":114,"column":23}},"115":{"start":{"line":116,"column":0},"end":{"line":116,"column":13}},"117":{"start":{"line":118,"column":0},"end":{"line":118,"column":82}},"118":{"start":{"line":119,"column":0},"end":{"line":119,"column":14}},"119":{"start":{"line":120,"column":0},"end":{"line":120,"column":14}},"121":{"start":{"line":122,"column":0},"end":{"line":122,"column":47}},"123":{"start":{"line":124,"column":0},"end":{"line":124,"column":13}},"124":{"start":{"line":125,"column":0},"end":{"line":125,"column":37}},"125":{"start":{"line":126,"column":0},"end":{"line":126,"column":104}},"126":{"start":{"line":127,"column":0},"end":{"line":127,"column":56}},"128":{"start":{"line":129,"column":0},"end":{"line":129,"column":20}},"129":{"start":{"line":130,"column":0},"end":{"line":130,"column":15}},"130":{"start":{"line":131,"column":0},"end":{"line":131,"column":12}},"131":{"start":{"line":132,"column":0},"end":{"line":132,"column":10}},"133":{"start":{"line":134,"column":0},"end":{"line":134,"column":1}}},"s":{"0":1,"41":1,"42":14,"43":14,"44":14,"45":14,"46":14,"47":14,"48":14,"49":14,"50":14,"51":14,"52":14,"53":14,"54":14,"55":14,"56":14,"61":14,"62":14,"63":14,"64":14,"66":14,"67":14,"68":14,"69":2,"70":2,"71":2,"72":2,"73":2,"75":2,"76":2,"78":14,"80":14,"81":2,"82":2,"83":2,"84":2,"85":2,"86":2,"87":2,"89":2,"90":4,"91":2,"92":2,"93":2,"96":14,"97":39,"98":39,"99":39,"100":39,"101":39,"102":39,"103":39,"104":39,"105":39,"106":39,"108":39,"109":39,"110":39,"111":1,"113":39,"115":14,"117":14,"118":14,"119":14,"121":14,"123":14,"124":14,"125":14,"126":14,"128":14,"129":14,"130":14,"131":14,"133":14},"branchMap":{"0":{"type":"branch","line":42,"loc":{"start":{"line":42,"column":7},"end":{"line":134,"column":1}},"locations":[{"start":{"line":42,"column":7},"end":{"line":134,"column":1}}]},"1":{"type":"branch","line":57,"loc":{"start":{"line":57,"column":70},"end":{"line":57,"column":95}},"locations":[{"start":{"line":57,"column":70},"end":{"line":57,"column":95}}]},"2":{"type":"branch","line":57,"loc":{"start":{"line":57,"column":82},"end":{"line":57,"column":106}},"locations":[{"start":{"line":57,"column":82},"end":{"line":57,"column":106}}]},"3":{"type":"branch","line":68,"loc":{"start":{"line":68,"column":14},"end":{"line":68,"column":91}},"locations":[{"start":{"line":68,"column":14},"end":{"line":68,"column":91}}]},"4":{"type":"branch","line":69,"loc":{"start":{"line":69,"column":13},"end":{"line":77,"column":23}},"locations":[{"start":{"line":69,"column":13},"end":{"line":77,"column":23}}]},"5":{"type":"branch","line":71,"loc":{"start":{"line":71,"column":28},"end":{"line":71,"column":62}},"locations":[{"start":{"line":71,"column":28},"end":{"line":71,"column":62}}]},"6":{"type":"branch","line":71,"loc":{"start":{"line":71,"column":40},"end":{"line":71,"column":84}},"locations":[{"start":{"line":71,"column":40},"end":{"line":71,"column":84}}]},"7":{"type":"branch","line":76,"loc":{"start":{"line":76,"column":17},"end":{"line":76,"column":35}},"locations":[{"start":{"line":76,"column":17},"end":{"line":76,"column":35}}]},"8":{"type":"branch","line":76,"loc":{"start":{"line":76,"column":29},"end":{"line":76,"column":39}},"locations":[{"start":{"line":76,"column":29},"end":{"line":76,"column":39}}]},"9":{"type":"branch","line":81,"loc":{"start":{"line":81,"column":11},"end":{"line":81,"column":46}},"locations":[{"start":{"line":81,"column":11},"end":{"line":81,"column":46}}]},"10":{"type":"branch","line":81,"loc":{"start":{"line":81,"column":41},"end":{"line":81,"column":61}},"locations":[{"start":{"line":81,"column":41},"end":{"line":81,"column":61}}]},"11":{"type":"branch","line":81,"loc":{"start":{"line":81,"column":47},"end":{"line":94,"column":18}},"locations":[{"start":{"line":81,"column":47},"end":{"line":94,"column":18}}]},"12":{"type":"branch","line":87,"loc":{"start":{"line":87,"column":23},"end":{"line":87,"column":57}},"locations":[{"start":{"line":87,"column":23},"end":{"line":87,"column":57}}]},"13":{"type":"branch","line":118,"loc":{"start":{"line":118,"column":11},"end":{"line":118,"column":82}},"locations":[{"start":{"line":118,"column":11},"end":{"line":118,"column":82}}]},"14":{"type":"branch","line":88,"loc":{"start":{"line":88,"column":26},"end":{"line":88,"column":101}},"locations":[{"start":{"line":88,"column":26},"end":{"line":88,"column":101}}]},"15":{"type":"branch","line":88,"loc":{"start":{"line":88,"column":51},"end":{"line":88,"column":87}},"locations":[{"start":{"line":88,"column":51},"end":{"line":88,"column":87}}]},"16":{"type":"branch","line":90,"loc":{"start":{"line":90,"column":30},"end":{"line":91,"column":89}},"locations":[{"start":{"line":90,"column":30},"end":{"line":91,"column":89}}]},"17":{"type":"branch","line":97,"loc":{"start":{"line":97,"column":19},"end":{"line":116,"column":11}},"locations":[{"start":{"line":97,"column":19},"end":{"line":116,"column":11}}]},"18":{"type":"branch","line":102,"loc":{"start":{"line":102,"column":30},"end":{"line":102,"column":48}},"locations":[{"start":{"line":102,"column":30},"end":{"line":102,"column":48}}]},"19":{"type":"branch","line":102,"loc":{"start":{"line":102,"column":39},"end":{"line":102,"column":58}},"locations":[{"start":{"line":102,"column":39},"end":{"line":102,"column":58}}]},"20":{"type":"branch","line":103,"loc":{"start":{"line":103,"column":23},"end":{"line":103,"column":48}},"locations":[{"start":{"line":103,"column":23},"end":{"line":103,"column":48}}]},"21":{"type":"branch","line":103,"loc":{"start":{"line":103,"column":40},"end":{"line":103,"column":58}},"locations":[{"start":{"line":103,"column":40},"end":{"line":103,"column":58}}]},"22":{"type":"branch","line":105,"loc":{"start":{"line":105,"column":18},"end":{"line":105,"column":66}},"locations":[{"start":{"line":105,"column":18},"end":{"line":105,"column":66}}]},"23":{"type":"branch","line":105,"loc":{"start":{"line":105,"column":27},"end":{"line":105,"column":83}},"locations":[{"start":{"line":105,"column":27},"end":{"line":105,"column":83}}]},"24":{"type":"branch","line":109,"loc":{"start":{"line":109,"column":33},"end":{"line":109,"column":57}},"locations":[{"start":{"line":109,"column":33},"end":{"line":109,"column":57}}]},"25":{"type":"branch","line":109,"loc":{"start":{"line":109,"column":45},"end":{"line":109,"column":70}},"locations":[{"start":{"line":109,"column":45},"end":{"line":109,"column":70}}]},"26":{"type":"branch","line":110,"loc":{"start":{"line":110,"column":17},"end":{"line":110,"column":101}},"locations":[{"start":{"line":110,"column":17},"end":{"line":110,"column":101}}]},"27":{"type":"branch","line":111,"loc":{"start":{"line":111,"column":32},"end":{"line":111,"column":63}},"locations":[{"start":{"line":111,"column":32},"end":{"line":111,"column":63}}]},"28":{"type":"branch","line":111,"loc":{"start":{"line":111,"column":58},"end":{"line":111,"column":78}},"locations":[{"start":{"line":111,"column":58},"end":{"line":111,"column":78}}]},"29":{"type":"branch","line":111,"loc":{"start":{"line":111,"column":64},"end":{"line":112,"column":113}},"locations":[{"start":{"line":111,"column":64},"end":{"line":112,"column":113}}]}},"b":{"0":[14],"1":[2],"2":[12],"3":[12],"4":[2],"5":[1],"6":[1],"7":[1],"8":[1],"9":[2],"10":[2],"11":[2],"12":[1],"13":[2],"14":[2],"15":[4],"16":[4],"17":[39],"18":[13],"19":[26],"20":[2],"21":[37],"22":[13],"23":[26],"24":[2],"25":[37],"26":[2],"27":[2],"28":[1],"29":[1]},"fnMap":{"0":{"name":"AppShell","decl":{"start":{"line":42,"column":7},"end":{"line":134,"column":1}},"loc":{"start":{"line":42,"column":7},"end":{"line":134,"column":1}},"line":42},"1":{"name":"onChange","decl":{"start":{"line":88,"column":26},"end":{"line":88,"column":101}},"loc":{"start":{"line":88,"column":26},"end":{"line":88,"column":101}},"line":88}},"f":{"0":14,"1":2}}
,"/Users/omercelik/Repositories/goldpath/ui/kit/src/components/AuditBlock.tsx": {"path":"/Users/omercelik/Repositories/goldpath/ui/kit/src/components/AuditBlock.tsx","all":false,"statementMap":{"0":{"start":{"line":1,"column":0},"end":{"line":1,"column":64}},"22":{"start":{"line":23,"column":0},"end":{"line":23,"column":37}},"24":{"start":{"line":25,"column":0},"end":{"line":25,"column":95}},"25":{"start":{"line":26,"column":0},"end":{"line":26,"column":96}},"26":{"start":{"line":27,"column":0},"end":{"line":27,"column":1}},"28":{"start":{"line":29,"column":0},"end":{"line":29,"column":22}},"30":{"start":{"line":31,"column":0},"end":{"line":31,"column":90}},"31":{"start":{"line":32,"column":0},"end":{"line":32,"column":15}},"32":{"start":{"line":33,"column":0},"end":{"line":33,"column":115}},"33":{"start":{"line":34,"column":0},"end":{"line":34,"column":3}},"35":{"start":{"line":36,"column":0},"end":{"line":36,"column":46}},"36":{"start":{"line":37,"column":0},"end":{"line":37,"column":99}},"37":{"start":{"line":38,"column":0},"end":{"line":38,"column":3}},"39":{"start":{"line":40,"column":0},"end":{"line":40,"column":60}},"40":{"start":{"line":41,"column":0},"end":{"line":41,"column":1}},"48":{"start":{"line":49,"column":0},"end":{"line":49,"column":108}},"49":{"start":{"line":50,"column":0},"end":{"line":50,"column":29}},"50":{"start":{"line":51,"column":0},"end":{"line":51,"column":92}},"51":{"start":{"line":52,"column":0},"end":{"line":52,"column":3}},"53":{"start":{"line":54,"column":0},"end":{"line":54,"column":10}},"54":{"start":{"line":55,"column":0},"end":{"line":55,"column":57}},"55":{"start":{"line":56,"column":0},"end":{"line":56,"column":31}},"56":{"start":{"line":57,"column":0},"end":{"line":57,"column":68}},"57":{"start":{"line":58,"column":0},"end":{"line":58,"column":16}},"58":{"start":{"line":59,"column":0},"end":{"line":59,"column":129}},"59":{"start":{"line":60,"column":0},"end":{"line":60,"column":59}},"60":{"start":{"line":61,"column":0},"end":{"line":61,"column":97}},"61":{"start":{"line":62,"column":0},"end":{"line":62,"column":76}},"62":{"start":{"line":63,"column":0},"end":{"line":63,"column":18}},"63":{"start":{"line":64,"column":0},"end":{"line":64,"column":17}},"64":{"start":{"line":65,"column":0},"end":{"line":65,"column":69}},"65":{"start":{"line":66,"column":0},"end":{"line":66,"column":73}},"66":{"start":{"line":67,"column":0},"end":{"line":67,"column":64}},"67":{"start":{"line":68,"column":0},"end":{"line":68,"column":71}},"68":{"start":{"line":69,"column":0},"end":{"line":69,"column":23}},"69":{"start":{"line":70,"column":0},"end":{"line":70,"column":84}},"70":{"start":{"line":71,"column":0},"end":{"line":71,"column":20}},"71":{"start":{"line":72,"column":0},"end":{"line":72,"column":72}},"72":{"start":{"line":73,"column":0},"end":{"line":73,"column":64}},"73":{"start":{"line":74,"column":0},"end":{"line":74,"column":61}},"74":{"start":{"line":75,"column":0},"end":{"line":75,"column":64}},"75":{"start":{"line":76,"column":0},"end":{"line":76,"column":20}},"76":{"start":{"line":77,"column":0},"end":{"line":77,"column":39}},"77":{"start":{"line":78,"column":0},"end":{"line":78,"column":105}},"79":{"start":{"line":80,"column":0},"end":{"line":80,"column":18}},"80":{"start":{"line":81,"column":0},"end":{"line":81,"column":16}},"82":{"start":{"line":83,"column":0},"end":{"line":83,"column":9}},"83":{"start":{"line":84,"column":0},"end":{"line":84,"column":10}},"85":{"start":{"line":86,"column":0},"end":{"line":86,"column":1}}},"s":{"0":1,"22":1,"24":1,"25":8,"26":8,"28":1,"30":8,"31":8,"32":2,"33":2,"35":8,"36":1,"37":1,"39":5,"40":5,"48":1,"49":5,"50":1,"51":1,"53":4,"54":4,"55":4,"56":4,"57":4,"58":4,"59":4,"60":4,"61":4,"62":4,"63":4,"64":4,"65":4,"66":4,"67":4,"68":4,"69":4,"70":4,"71":4,"72":4,"73":4,"74":4,"75":4,"76":4,"77":4,"79":4,"80":4,"82":4,"83":4,"85":4},"branchMap":{"0":{"type":"branch","line":25,"loc":{"start":{"line":25,"column":7},"end":{"line":27,"column":1}},"locations":[{"start":{"line":25,"column":7},"end":{"line":27,"column":1}}]},"1":{"type":"branch","line":26,"loc":{"start":{"line":26,"column":9},"end":{"line":26,"column":26}},"locations":[{"start":{"line":26,"column":9},"end":{"line":26,"column":26}}]},"2":{"type":"branch","line":26,"loc":{"start":{"line":26,"column":85},"end":{"line":26,"column":96}},"locations":[{"start":{"line":26,"column":85},"end":{"line":26,"column":96}}]},"3":{"type":"branch","line":26,"loc":{"start":{"line":26,"column":26},"end":{"line":26,"column":85}},"locations":[{"start":{"line":26,"column":26},"end":{"line":26,"column":85}}]},"4":{"type":"branch","line":31,"loc":{"start":{"line":31,"column":0},"end":{"line":41,"column":1}},"locations":[{"start":{"line":31,"column":0},"end":{"line":41,"column":1}}]},"5":{"type":"branch","line":32,"loc":{"start":{"line":32,"column":14},"end":{"line":34,"column":3}},"locations":[{"start":{"line":32,"column":14},"end":{"line":34,"column":3}}]},"6":{"type":"branch","line":34,"loc":{"start":{"line":34,"column":2},"end":{"line":36,"column":24}},"locations":[{"start":{"line":34,"column":2},"end":{"line":36,"column":24}}]},"7":{"type":"branch","line":36,"loc":{"start":{"line":36,"column":16},"end":{"line":36,"column":45}},"locations":[{"start":{"line":36,"column":16},"end":{"line":36,"column":45}}]},"8":{"type":"branch","line":36,"loc":{"start":{"line":36,"column":45},"end":{"line":38,"column":3}},"locations":[{"start":{"line":36,"column":45},"end":{"line":38,"column":3}}]},"9":{"type":"branch","line":38,"loc":{"start":{"line":38,"column":2},"end":{"line":41,"column":1}},"locations":[{"start":{"line":38,"column":2},"end":{"line":41,"column":1}}]},"10":{"type":"branch","line":49,"loc":{"start":{"line":49,"column":7},"end":{"line":86,"column":1}},"locations":[{"start":{"line":49,"column":7},"end":{"line":86,"column":1}}]},"11":{"type":"branch","line":50,"loc":{"start":{"line":50,"column":28},"end":{"line":52,"column":3}},"locations":[{"start":{"line":50,"column":28},"end":{"line":52,"column":3}}]},"12":{"type":"branch","line":52,"loc":{"start":{"line":52,"column":2},"end":{"line":86,"column":1}},"locations":[{"start":{"line":52,"column":2},"end":{"line":86,"column":1}}]},"13":{"type":"branch","line":56,"loc":{"start":{"line":56,"column":19},"end":{"line":83,"column":7}},"locations":[{"start":{"line":56,"column":19},"end":{"line":83,"column":7}}]},"14":{"type":"branch","line":62,"loc":{"start":{"line":62,"column":49},"end":{"line":62,"column":70}},"locations":[{"start":{"line":62,"column":49},"end":{"line":62,"column":70}}]},"15":{"type":"branch","line":70,"loc":{"start":{"line":70,"column":17},"end":{"line":70,"column":84}},"locations":[{"start":{"line":70,"column":17},"end":{"line":70,"column":84}}]}},"b":{"0":[8],"1":[4],"2":[4],"3":[4],"4":[8],"5":[2],"6":[6],"7":[5],"8":[1],"9":[5],"10":[5],"11":[1],"12":[4],"13":[4],"14":[1],"15":[1]},"fnMap":{"0":{"name":"isClassified","decl":{"start":{"line":25,"column":7},"end":{"line":27,"column":1}},"loc":{"start":{"line":25,"column":7},"end":{"line":27,"column":1}},"line":25},"1":{"name":"Value","decl":{"start":{"line":31,"column":0},"end":{"line":41,"column":1}},"loc":{"start":{"line":31,"column":0},"end":{"line":41,"column":1}},"line":31},"2":{"name":"AuditBlock","decl":{"start":{"line":49,"column":7},"end":{"line":86,"column":1}},"loc":{"start":{"line":49,"column":7},"end":{"line":86,"column":1}},"line":49}},"f":{"0":8,"1":8,"2":5}}
,"/Users/omercelik/Repositories/goldpath/ui/kit/src/components/Banner.tsx": {"path":"/Users/omercelik/Repositories/goldpath/ui/kit/src/components/Banner.tsx","all":false,"statementMap":{"0":{"start":{"line":1,"column":0},"end":{"line":1,"column":39}},"16":{"start":{"line":17,"column":0},"end":{"line":17,"column":42}},"17":{"start":{"line":18,"column":0},"end":{"line":18,"column":62}},"18":{"start":{"line":19,"column":0},"end":{"line":19,"column":50}},"19":{"start":{"line":20,"column":0},"end":{"line":20,"column":62}},"20":{"start":{"line":21,"column":0},"end":{"line":21,"column":58}},"21":{"start":{"line":22,"column":0},"end":{"line":22,"column":58}},"22":{"start":{"line":23,"column":0},"end":{"line":23,"column":58}},"23":{"start":{"line":24,"column":0},"end":{"line":24,"column":2}},"30":{"start":{"line":31,"column":0},"end":{"line":31,"column":88}},"31":{"start":{"line":32,"column":0},"end":{"line":32,"column":10}},"32":{"start":{"line":33,"column":0},"end":{"line":33,"column":8}},"33":{"start":{"line":34,"column":0},"end":{"line":34,"column":17}},"34":{"start":{"line":35,"column":0},"end":{"line":35,"column":22}},"35":{"start":{"line":36,"column":0},"end":{"line":36,"column":106}},"37":{"start":{"line":38,"column":0},"end":{"line":38,"column":16}},"38":{"start":{"line":39,"column":0},"end":{"line":39,"column":10}},"40":{"start":{"line":41,"column":0},"end":{"line":41,"column":1}}},"s":{"0":1,"16":1,"17":1,"18":1,"19":1,"20":1,"21":1,"22":1,"23":1,"30":1,"31":14,"32":14,"33":14,"34":14,"35":14,"37":14,"38":14,"40":14},"branchMap":{"0":{"type":"branch","line":31,"loc":{"start":{"line":31,"column":7},"end":{"line":41,"column":1}},"locations":[{"start":{"line":31,"column":7},"end":{"line":41,"column":1}}]},"1":{"type":"branch","line":36,"loc":{"start":{"line":36,"column":52},"end":{"line":36,"column":84}},"locations":[{"start":{"line":36,"column":52},"end":{"line":36,"column":84}}]},"2":{"type":"branch","line":36,"loc":{"start":{"line":36,"column":60},"end":{"line":36,"column":103}},"locations":[{"start":{"line":36,"column":60},"end":{"line":36,"column":103}}]}},"b":{"0":[14],"1":[9],"2":[5]},"fnMap":{"0":{"name":"Banner","decl":{"start":{"line":31,"column":7},"end":{"line":41,"column":1}},"loc":{"start":{"line":31,"column":7},"end":{"line":41,"column":1}},"line":31}},"f":{"0":14}}
,"/Users/omercelik/Repositories/goldpath/ui/kit/src/components/KeysetTable.tsx": {"path":"/Users/omercelik/Repositories/goldpath/ui/kit/src/components/KeysetTable.tsx","all":false,"statementMap":{"0":{"start":{"line":1,"column":0},"end":{"line":1,"column":81}},"25":{"start":{"line":26,"column":0},"end":{"line":26,"column":49}},"26":{"start":{"line":27,"column":0},"end":{"line":27,"column":40}},"27":{"start":{"line":28,"column":0},"end":{"line":28,"column":54}},"28":{"start":{"line":29,"column":0},"end":{"line":29,"column":1}},"37":{"start":{"line":38,"column":0},"end":{"line":38,"column":131}},"38":{"start":{"line":39,"column":0},"end":{"line":39,"column":44}},"39":{"start":{"line":40,"column":0},"end":{"line":40,"column":60}},"40":{"start":{"line":41,"column":0},"end":{"line":41,"column":44}},"41":{"start":{"line":42,"column":0},"end":{"line":42,"column":59}},"42":{"start":{"line":43,"column":0},"end":{"line":43,"column":31}},"44":{"start":{"line":45,"column":0},"end":{"line":45,"column":32}},"45":{"start":{"line":46,"column":0},"end":{"line":46,"column":52}},"46":{"start":{"line":47,"column":0},"end":{"line":47,"column":40}},"47":{"start":{"line":48,"column":0},"end":{"line":48,"column":26}},"48":{"start":{"line":49,"column":0},"end":{"line":49,"column":11}},"49":{"start":{"line":50,"column":0},"end":{"line":50,"column":59}},"50":{"start":{"line":51,"column":0},"end":{"line":51,"column":86}},"51":{"start":{"line":52,"column":0},"end":{"line":52,"column":83}},"52":{"start":{"line":53,"column":0},"end":{"line":53,"column":35}},"53":{"start":{"line":54,"column":0},"end":{"line":54,"column":43}},"54":{"start":{"line":55,"column":0},"end":{"line":55,"column":25}},"55":{"start":{"line":56,"column":0},"end":{"line":56,"column":15}},"56":{"start":{"line":57,"column":0},"end":{"line":57,"column":48}},"57":{"start":{"line":58,"column":0},"end":{"line":58,"column":26}},"58":{"start":{"line":59,"column":0},"end":{"line":59,"column":7}},"59":{"start":{"line":60,"column":0},"end":{"line":60,"column":6}},"60":{"start":{"line":61,"column":0},"end":{"line":61,"column":21}},"61":{"start":{"line":62,"column":0},"end":{"line":62,"column":4}},"63":{"start":{"line":64,"column":0},"end":{"line":64,"column":19}},"64":{"start":{"line":65,"column":0},"end":{"line":65,"column":31}},"65":{"start":{"line":66,"column":0},"end":{"line":66,"column":18}},"67":{"start":{"line":68,"column":0},"end":{"line":68,"column":10}},"68":{"start":{"line":69,"column":0},"end":{"line":69,"column":36}},"69":{"start":{"line":70,"column":0},"end":{"line":70,"column":40}},"70":{"start":{"line":71,"column":0},"end":{"line":71,"column":15}},"71":{"start":{"line":72,"column":0},"end":{"line":72,"column":89}},"72":{"start":{"line":73,"column":0},"end":{"line":73,"column":38}},"73":{"start":{"line":74,"column":0},"end":{"line":74,"column":122}},"74":{"start":{"line":75,"column":0},"end":{"line":75,"column":31}},"75":{"start":{"line":76,"column":0},"end":{"line":76,"column":19}},"76":{"start":{"line":77,"column":0},"end":{"line":77,"column":15}},"77":{"start":{"line":78,"column":0},"end":{"line":78,"column":15}},"78":{"start":{"line":79,"column":0},"end":{"line":79,"column":16}},"79":{"start":{"line":80,"column":0},"end":{"line":80,"column":15}},"80":{"start":{"line":81,"column":0},"end":{"line":81,"column":30}},"81":{"start":{"line":82,"column":0},"end":{"line":82,"column":90}},"82":{"start":{"line":83,"column":0},"end":{"line":83,"column":40}},"83":{"start":{"line":84,"column":0},"end":{"line":84,"column":112}},"84":{"start":{"line":85,"column":0},"end":{"line":85,"column":36}},"85":{"start":{"line":86,"column":0},"end":{"line":86,"column":21}},"86":{"start":{"line":87,"column":0},"end":{"line":87,"column":17}},"87":{"start":{"line":88,"column":0},"end":{"line":88,"column":17}},"88":{"start":{"line":89,"column":0},"end":{"line":89,"column":13}},"89":{"start":{"line":90,"column":0},"end":{"line":90,"column":16}},"90":{"start":{"line":91,"column":0},"end":{"line":91,"column":14}},"92":{"start":{"line":93,"column":0},"end":{"line":93,"column":58}},"95":{"start":{"line":96,"column":0},"end":{"line":96,"column":88}},"98":{"start":{"line":99,"column":0},"end":{"line":99,"column":29}},"99":{"start":{"line":100,"column":0},"end":{"line":100,"column":30}},"100":{"start":{"line":101,"column":0},"end":{"line":101,"column":32}},"102":{"start":{"line":103,"column":0},"end":{"line":103,"column":19}},"103":{"start":{"line":104,"column":0},"end":{"line":104,"column":112}},"104":{"start":{"line":105,"column":0},"end":{"line":105,"column":98}},"105":{"start":{"line":106,"column":0},"end":{"line":106,"column":13}},"107":{"start":{"line":108,"column":0},"end":{"line":108,"column":21}},"108":{"start":{"line":109,"column":0},"end":{"line":109,"column":19}},"109":{"start":{"line":110,"column":0},"end":{"line":110,"column":14}},"112":{"start":{"line":113,"column":0},"end":{"line":113,"column":62}},"113":{"start":{"line":114,"column":0},"end":{"line":114,"column":45}},"115":{"start":{"line":116,"column":0},"end":{"line":116,"column":53}},"116":{"start":{"line":117,"column":0},"end":{"line":117,"column":15}},"117":{"start":{"line":118,"column":0},"end":{"line":118,"column":41}},"118":{"start":{"line":119,"column":0},"end":{"line":119,"column":17}},"119":{"start":{"line":120,"column":0},"end":{"line":120,"column":125}},"120":{"start":{"line":121,"column":0},"end":{"line":121,"column":42}},"121":{"start":{"line":122,"column":0},"end":{"line":122,"column":57}},"123":{"start":{"line":124,"column":0},"end":{"line":124,"column":60}},"124":{"start":{"line":125,"column":0},"end":{"line":125,"column":19}},"126":{"start":{"line":127,"column":0},"end":{"line":127,"column":12}},"127":{"start":{"line":128,"column":0},"end":{"line":128,"column":10}},"129":{"start":{"line":130,"column":0},"end":{"line":130,"column":1}}},"s":{"0":1,"25":1,"26":19,"27":18,"28":18,"37":1,"38":29,"39":29,"40":29,"41":29,"42":29,"44":29,"45":29,"46":15,"47":15,"48":15,"49":15,"50":13,"51":12,"52":12,"53":12,"54":12,"55":15,"56":2,"57":2,"58":2,"59":15,"60":29,"61":29,"63":29,"64":10,"65":29,"67":29,"68":29,"69":29,"70":29,"71":29,"72":29,"73":29,"74":29,"75":29,"76":29,"77":29,"78":29,"79":29,"80":29,"81":18,"82":18,"83":18,"84":18,"85":18,"86":18,"87":18,"88":29,"89":29,"90":29,"92":29,"95":2,"98":29,"99":2,"100":2,"102":2,"103":2,"104":2,"105":2,"107":2,"108":2,"109":2,"112":29,"113":29,"115":29,"116":29,"117":29,"118":19,"119":19,"120":19,"121":19,"123":19,"124":19,"126":29,"127":29,"129":29},"branchMap":{"0":{"type":"branch","line":26,"loc":{"start":{"line":26,"column":7},"end":{"line":29,"column":1}},"locations":[{"start":{"line":26,"column":7},"end":{"line":29,"column":1}}]},"1":{"type":"branch","line":27,"loc":{"start":{"line":27,"column":30},"end":{"line":27,"column":40}},"locations":[{"start":{"line":27,"column":30},"end":{"line":27,"column":40}}]},"2":{"type":"branch","line":27,"loc":{"start":{"line":27,"column":37},"end":{"line":29,"column":1}},"locations":[{"start":{"line":27,"column":37},"end":{"line":29,"column":1}}]},"3":{"type":"branch","line":38,"loc":{"start":{"line":38,"column":7},"end":{"line":130,"column":1}},"locations":[{"start":{"line":38,"column":7},"end":{"line":130,"column":1}}]},"4":{"type":"branch","line":93,"loc":{"start":{"line":93,"column":17},"end":{"line":93,"column":48}},"locations":[{"start":{"line":93,"column":17},"end":{"line":93,"column":48}}]},"5":{"type":"branch","line":93,"loc":{"start":{"line":93,"column":43},"end":{"line":93,"column":58}},"locations":[{"start":{"line":93,"column":43},"end":{"line":93,"column":58}}]},"6":{"type":"branch","line":93,"loc":{"start":{"line":93,"column":48},"end":{"line":96,"column":88}},"locations":[{"start":{"line":93,"column":48},"end":{"line":96,"column":88}}]},"7":{"type":"branch","line":99,"loc":{"start":{"line":99,"column":17},"end":{"line":110,"column":14}},"locations":[{"start":{"line":99,"column":17},"end":{"line":110,"column":14}}]},"8":{"type":"branch","line":116,"loc":{"start":{"line":116,"column":31},"end":{"line":116,"column":50}},"locations":[{"start":{"line":116,"column":31},"end":{"line":116,"column":50}}]},"9":{"type":"branch","line":116,"loc":{"start":{"line":116,"column":39},"end":{"line":116,"column":53}},"locations":[{"start":{"line":116,"column":39},"end":{"line":116,"column":53}}]},"10":{"type":"branch","line":118,"loc":{"start":{"line":118,"column":10},"end":{"line":118,"column":41}},"locations":[{"start":{"line":118,"column":10},"end":{"line":118,"column":41}}]},"11":{"type":"branch","line":118,"loc":{"start":{"line":118,"column":29},"end":{"line":125,"column":19}},"locations":[{"start":{"line":118,"column":29},"end":{"line":125,"column":19}}]},"12":{"type":"branch","line":124,"loc":{"start":{"line":124,"column":23},"end":{"line":124,"column":48}},"locations":[{"start":{"line":124,"column":23},"end":{"line":124,"column":48}}]},"13":{"type":"branch","line":124,"loc":{"start":{"line":124,"column":35},"end":{"line":124,"column":60}},"locations":[{"start":{"line":124,"column":35},"end":{"line":124,"column":60}}]},"14":{"type":"branch","line":46,"loc":{"start":{"line":46,"column":4},"end":{"line":60,"column":6}},"locations":[{"start":{"line":46,"column":4},"end":{"line":60,"column":6}}]},"15":{"type":"branch","line":50,"loc":{"start":{"line":50,"column":57},"end":{"line":51,"column":86}},"locations":[{"start":{"line":50,"column":57},"end":{"line":51,"column":86}}]},"16":{"type":"branch","line":51,"loc":{"start":{"line":51,"column":41},"end":{"line":51,"column":86}},"locations":[{"start":{"line":51,"column":41},"end":{"line":51,"column":86}}]},"17":{"type":"branch","line":51,"loc":{"start":{"line":51,"column":41},"end":{"line":56,"column":14}},"locations":[{"start":{"line":51,"column":41},"end":{"line":56,"column":14}}]},"18":{"type":"branch","line":56,"loc":{"start":{"line":56,"column":6},"end":{"line":59,"column":7}},"locations":[{"start":{"line":56,"column":6},"end":{"line":59,"column":7}}]},"19":{"type":"branch","line":57,"loc":{"start":{"line":57,"column":41},"end":{"line":57,"column":48}},"locations":[{"start":{"line":57,"column":41},"end":{"line":57,"column":48}}]},"20":{"type":"branch","line":52,"loc":{"start":{"line":52,"column":16},"end":{"line":52,"column":81}},"locations":[{"start":{"line":52,"column":16},"end":{"line":52,"column":81}}]},"21":{"type":"branch","line":52,"loc":{"start":{"line":52,"column":31},"end":{"line":52,"column":52}},"locations":[{"start":{"line":52,"column":31},"end":{"line":52,"column":52}}]},"22":{"type":"branch","line":52,"loc":{"start":{"line":52,"column":44},"end":{"line":52,"column":81}},"locations":[{"start":{"line":52,"column":44},"end":{"line":52,"column":81}}]},"23":{"type":"branch","line":64,"loc":{"start":{"line":64,"column":12},"end":{"line":66,"column":5}},"locations":[{"start":{"line":64,"column":12},"end":{"line":66,"column":5}}]},"24":{"type":"branch","line":73,"loc":{"start":{"line":73,"column":25},"end":{"line":76,"column":19}},"locations":[{"start":{"line":73,"column":25},"end":{"line":76,"column":19}}]},"25":{"type":"branch","line":74,"loc":{"start":{"line":74,"column":91},"end":{"line":74,"column":116}},"locations":[{"start":{"line":74,"column":91},"end":{"line":74,"column":116}}]},"26":{"type":"branch","line":74,"loc":{"start":{"line":74,"column":101},"end":{"line":74,"column":118}},"locations":[{"start":{"line":74,"column":101},"end":{"line":74,"column":118}}]},"27":{"type":"branch","line":81,"loc":{"start":{"line":81,"column":20},"end":{"line":88,"column":17}},"locations":[{"start":{"line":81,"column":20},"end":{"line":88,"column":17}}]},"28":{"type":"branch","line":83,"loc":{"start":{"line":83,"column":27},"end":{"line":86,"column":21}},"locations":[{"start":{"line":83,"column":27},"end":{"line":86,"column":21}}]},"29":{"type":"branch","line":84,"loc":{"start":{"line":84,"column":81},"end":{"line":84,"column":106}},"locations":[{"start":{"line":84,"column":81},"end":{"line":84,"column":106}}]},"30":{"type":"branch","line":84,"loc":{"start":{"line":84,"column":91},"end":{"line":84,"column":108}},"locations":[{"start":{"line":84,"column":91},"end":{"line":84,"column":108}}]},"31":{"type":"branch","line":105,"loc":{"start":{"line":105,"column":23},"end":{"line":105,"column":98}},"locations":[{"start":{"line":105,"column":23},"end":{"line":105,"column":98}}]},"32":{"type":"branch","line":105,"loc":{"start":{"line":105,"column":60},"end":{"line":105,"column":71}},"locations":[{"start":{"line":105,"column":60},"end":{"line":105,"column":71}}]},"33":{"type":"branch","line":105,"loc":{"start":{"line":105,"column":64},"end":{"line":105,"column":79}},"locations":[{"start":{"line":105,"column":64},"end":{"line":105,"column":79}}]},"34":{"type":"branch","line":122,"loc":{"start":{"line":122,"column":21},"end":{"line":122,"column":57}},"locations":[{"start":{"line":122,"column":21},"end":{"line":122,"column":57}}]}},"b":{"0":[19],"1":[1],"2":[18],"3":[29],"4":[12],"5":[3],"6":[2],"7":[2],"8":[8],"9":[21],"10":[21],"11":[19],"12":[15],"13":[4],"14":[15],"15":[13],"16":[1],"17":[12],"18":[2],"19":[0],"20":[12],"21":[9],"22":[3],"23":[10],"24":[29],"25":[2],"26":[27],"27":[18],"28":[18],"29":[1],"30":[17],"31":[2],"32":[1],"33":[1],"34":[3]},"fnMap":{"0":{"name":"clampTake","decl":{"start":{"line":26,"column":7},"end":{"line":29,"column":1}},"loc":{"start":{"line":26,"column":7},"end":{"line":29,"column":1}},"line":26},"1":{"name":"KeysetTable","decl":{"start":{"line":38,"column":7},"end":{"line":130,"column":1}},"loc":{"start":{"line":38,"column":7},"end":{"line":130,"column":1}},"line":38},"2":{"name":"onClick","decl":{"start":{"line":105,"column":23},"end":{"line":105,"column":98}},"loc":{"start":{"line":105,"column":23},"end":{"line":105,"column":98}},"line":105},"3":{"name":"onClick","decl":{"start":{"line":122,"column":21},"end":{"line":122,"column":57}},"loc":{"start":{"line":122,"column":21},"end":{"line":122,"column":57}},"line":122}},"f":{"0":19,"1":29,"2":2,"3":3}}
,"/Users/omercelik/Repositories/goldpath/ui/kit/src/components/RunProgress.tsx": {"path":"/Users/omercelik/Repositories/goldpath/ui/kit/src/components/RunProgress.tsx","all":false,"statementMap":{"0":{"start":{"line":1,"column":0},"end":{"line":1,"column":42}},"24":{"start":{"line":25,"column":0},"end":{"line":25,"column":80}},"25":{"start":{"line":26,"column":0},"end":{"line":26,"column":87}},"26":{"start":{"line":27,"column":0},"end":{"line":27,"column":62}},"27":{"start":{"line":28,"column":0},"end":{"line":28,"column":77}},"28":{"start":{"line":29,"column":0},"end":{"line":29,"column":61}},"29":{"start":{"line":30,"column":0},"end":{"line":30,"column":72}},"30":{"start":{"line":31,"column":0},"end":{"line":31,"column":24}},"31":{"start":{"line":32,"column":0},"end":{"line":32,"column":1}},"43":{"start":{"line":44,"column":0},"end":{"line":44,"column":96}},"44":{"start":{"line":45,"column":0},"end":{"line":45,"column":37}},"45":{"start":{"line":46,"column":0},"end":{"line":46,"column":54}},"46":{"start":{"line":47,"column":0},"end":{"line":47,"column":100}},"47":{"start":{"line":48,"column":0},"end":{"line":48,"column":49}},"48":{"start":{"line":49,"column":0},"end":{"line":49,"column":48}},"49":{"start":{"line":50,"column":0},"end":{"line":50,"column":97}},"50":{"start":{"line":51,"column":0},"end":{"line":51,"column":1}},"52":{"start":{"line":53,"column":0},"end":{"line":53,"column":72}},"53":{"start":{"line":54,"column":0},"end":{"line":54,"column":25}},"54":{"start":{"line":55,"column":0},"end":{"line":55,"column":46}},"55":{"start":{"line":56,"column":0},"end":{"line":56,"column":34}},"56":{"start":{"line":57,"column":0},"end":{"line":57,"column":2}},"58":{"start":{"line":59,"column":0},"end":{"line":59,"column":43}},"59":{"start":{"line":60,"column":0},"end":{"line":60,"column":100}},"60":{"start":{"line":61,"column":0},"end":{"line":61,"column":1}},"67":{"start":{"line":68,"column":0},"end":{"line":68,"column":74}},"68":{"start":{"line":69,"column":0},"end":{"line":69,"column":98}},"69":{"start":{"line":70,"column":0},"end":{"line":70,"column":40}},"70":{"start":{"line":71,"column":0},"end":{"line":71,"column":44}},"71":{"start":{"line":72,"column":0},"end":{"line":72,"column":17}},"72":{"start":{"line":73,"column":0},"end":{"line":73,"column":49}},"73":{"start":{"line":74,"column":0},"end":{"line":74,"column":19}},"74":{"start":{"line":75,"column":0},"end":{"line":75,"column":39}},"75":{"start":{"line":76,"column":0},"end":{"line":76,"column":22}},"76":{"start":{"line":77,"column":0},"end":{"line":77,"column":23}},"82":{"start":{"line":83,"column":0},"end":{"line":83,"column":100}},"84":{"start":{"line":85,"column":0},"end":{"line":85,"column":10}},"85":{"start":{"line":86,"column":0},"end":{"line":86,"column":58}},"86":{"start":{"line":87,"column":0},"end":{"line":87,"column":47}},"87":{"start":{"line":88,"column":0},"end":{"line":88,"column":58}},"88":{"start":{"line":89,"column":0},"end":{"line":89,"column":56}},"89":{"start":{"line":90,"column":0},"end":{"line":90,"column":56}},"90":{"start":{"line":91,"column":0},"end":{"line":91,"column":15}},"91":{"start":{"line":92,"column":0},"end":{"line":92,"column":34}},"92":{"start":{"line":93,"column":0},"end":{"line":93,"column":80}},"94":{"start":{"line":95,"column":0},"end":{"line":95,"column":34}},"95":{"start":{"line":96,"column":0},"end":{"line":96,"column":89}},"97":{"start":{"line":98,"column":0},"end":{"line":98,"column":12}},"99":{"start":{"line":100,"column":0},"end":{"line":100,"column":10}},"100":{"start":{"line":101,"column":0},"end":{"line":101,"column":26}},"101":{"start":{"line":102,"column":0},"end":{"line":102,"column":27}},"102":{"start":{"line":103,"column":0},"end":{"line":103,"column":25}},"103":{"start":{"line":104,"column":0},"end":{"line":104,"column":27}},"104":{"start":{"line":105,"column":0},"end":{"line":105,"column":68}},"106":{"start":{"line":107,"column":0},"end":{"line":107,"column":76}},"107":{"start":{"line":108,"column":0},"end":{"line":108,"column":12}},"109":{"start":{"line":110,"column":0},"end":{"line":110,"column":97}},"110":{"start":{"line":111,"column":0},"end":{"line":111,"column":27}},"111":{"start":{"line":112,"column":0},"end":{"line":112,"column":58}},"112":{"start":{"line":113,"column":0},"end":{"line":113,"column":96}},"113":{"start":{"line":114,"column":0},"end":{"line":114,"column":32}},"114":{"start":{"line":115,"column":0},"end":{"line":115,"column":15}},"115":{"start":{"line":116,"column":0},"end":{"line":116,"column":34}},"116":{"start":{"line":117,"column":0},"end":{"line":117,"column":23}},"117":{"start":{"line":118,"column":0},"end":{"line":118,"column":35}},"118":{"start":{"line":119,"column":0},"end":{"line":119,"column":31}},"119":{"start":{"line":120,"column":0},"end":{"line":120,"column":49}},"120":{"start":{"line":121,"column":0},"end":{"line":121,"column":34}},"121":{"start":{"line":122,"column":0},"end":{"line":122,"column":34}},"124":{"start":{"line":125,"column":0},"end":{"line":125,"column":35}},"125":{"start":{"line":126,"column":0},"end":{"line":126,"column":17}},"127":{"start":{"line":128,"column":0},"end":{"line":128,"column":12}},"128":{"start":{"line":129,"column":0},"end":{"line":129,"column":10}},"130":{"start":{"line":131,"column":0},"end":{"line":131,"column":1}}},"s":{"0":1,"24":1,"25":12,"26":12,"27":12,"28":12,"29":6,"30":6,"31":6,"43":1,"44":14,"45":11,"46":14,"47":14,"48":14,"49":14,"50":14,"52":1,"53":1,"54":1,"55":1,"56":1,"58":4,"59":4,"60":4,"67":1,"68":7,"69":7,"70":7,"71":7,"72":7,"73":2,"74":5,"75":3,"76":2,"82":7,"84":7,"85":7,"86":7,"87":7,"88":7,"89":7,"90":7,"91":7,"92":1,"94":7,"95":1,"97":7,"99":7,"100":7,"101":7,"102":7,"103":7,"104":7,"106":7,"107":7,"109":7,"110":7,"111":7,"112":7,"113":7,"114":5,"115":5,"116":5,"117":5,"118":1,"119":4,"120":3,"121":1,"124":5,"125":5,"127":7,"128":7,"130":7},"branchMap":{"0":{"type":"branch","line":25,"loc":{"start":{"line":25,"column":7},"end":{"line":32,"column":1}},"locations":[{"start":{"line":25,"column":7},"end":{"line":32,"column":1}}]},"1":{"type":"branch","line":26,"loc":{"start":{"line":26,"column":29},"end":{"line":26,"column":58}},"locations":[{"start":{"line":26,"column":29},"end":{"line":26,"column":58}}]},"2":{"type":"branch","line":26,"loc":{"start":{"line":26,"column":53},"end":{"line":26,"column":75}},"locations":[{"start":{"line":26,"column":53},"end":{"line":26,"column":75}}]},"3":{"type":"branch","line":26,"loc":{"start":{"line":26,"column":75},"end":{"line":26,"column":87}},"locations":[{"start":{"line":26,"column":75},"end":{"line":26,"column":87}}]},"4":{"type":"branch","line":26,"loc":{"start":{"line":26,"column":82},"end":{"line":27,"column":31}},"locations":[{"start":{"line":26,"column":82},"end":{"line":27,"column":31}}]},"5":{"type":"branch","line":27,"loc":{"start":{"line":27,"column":18},"end":{"line":27,"column":58}},"locations":[{"start":{"line":27,"column":18},"end":{"line":27,"column":58}}]},"6":{"type":"branch","line":27,"loc":{"start":{"line":27,"column":54},"end":{"line":27,"column":62}},"locations":[{"start":{"line":27,"column":54},"end":{"line":27,"column":62}}]},"7":{"type":"branch","line":29,"loc":{"start":{"line":29,"column":30},"end":{"line":29,"column":49}},"locations":[{"start":{"line":29,"column":30},"end":{"line":29,"column":49}}]},"8":{"type":"branch","line":29,"loc":{"start":{"line":29,"column":49},"end":{"line":29,"column":61}},"locations":[{"start":{"line":29,"column":49},"end":{"line":29,"column":61}}]},"9":{"type":"branch","line":29,"loc":{"start":{"line":29,"column":56},"end":{"line":32,"column":1}},"locations":[{"start":{"line":29,"column":56},"end":{"line":32,"column":1}}]},"10":{"type":"branch","line":44,"loc":{"start":{"line":44,"column":7},"end":{"line":51,"column":1}},"locations":[{"start":{"line":44,"column":7},"end":{"line":51,"column":1}}]},"11":{"type":"branch","line":45,"loc":{"start":{"line":45,"column":23},"end":{"line":45,"column":37}},"locations":[{"start":{"line":45,"column":23},"end":{"line":45,"column":37}}]},"12":{"type":"branch","line":45,"loc":{"start":{"line":45,"column":30},"end":{"line":47,"column":29}},"locations":[{"start":{"line":45,"column":30},"end":{"line":47,"column":29}}]},"13":{"type":"branch","line":47,"loc":{"start":{"line":47,"column":22},"end":{"line":47,"column":100}},"locations":[{"start":{"line":47,"column":22},"end":{"line":47,"column":100}}]},"14":{"type":"branch","line":47,"loc":{"start":{"line":47,"column":66},"end":{"line":47,"column":89}},"locations":[{"start":{"line":47,"column":66},"end":{"line":47,"column":89}}]},"15":{"type":"branch","line":47,"loc":{"start":{"line":47,"column":77},"end":{"line":47,"column":100}},"locations":[{"start":{"line":47,"column":77},"end":{"line":47,"column":100}}]},"16":{"type":"branch","line":47,"loc":{"start":{"line":47,"column":89},"end":{"line":48,"column":39}},"locations":[{"start":{"line":47,"column":89},"end":{"line":48,"column":39}}]},"17":{"type":"branch","line":48,"loc":{"start":{"line":48,"column":32},"end":{"line":48,"column":49}},"locations":[{"start":{"line":48,"column":32},"end":{"line":48,"column":49}}]},"18":{"type":"branch","line":48,"loc":{"start":{"line":48,"column":39},"end":{"line":49,"column":37}},"locations":[{"start":{"line":48,"column":39},"end":{"line":49,"column":37}}]},"19":{"type":"branch","line":49,"loc":{"start":{"line":49,"column":30},"end":{"line":49,"column":48}},"locations":[{"start":{"line":49,"column":30},"end":{"line":49,"column":48}}]},"20":{"type":"branch","line":49,"loc":{"start":{"line":49,"column":37},"end":{"line":50,"column":86}},"locations":[{"start":{"line":49,"column":37},"end":{"line":50,"column":86}}]},"21":{"type":"branch","line":50,"loc":{"start":{"line":50,"column":64},"end":{"line":50,"column":97}},"locations":[{"start":{"line":50,"column":64},"end":{"line":50,"column":97}}]},"22":{"type":"branch","line":59,"loc":{"start":{"line":59,"column":0},"end":{"line":61,"column":1}},"locations":[{"start":{"line":59,"column":0},"end":{"line":61,"column":1}}]},"23":{"type":"branch","line":60,"loc":{"start":{"line":60,"column":58},"end":{"line":60,"column":100}},"locations":[{"start":{"line":60,"column":58},"end":{"line":60,"column":100}}]},"24":{"type":"branch","line":68,"loc":{"start":{"line":68,"column":7},"end":{"line":131,"column":1}},"locations":[{"start":{"line":68,"column":7},"end":{"line":131,"column":1}}]},"25":{"type":"branch","line":69,"loc":{"start":{"line":69,"column":32},"end":{"line":69,"column":96}},"locations":[{"start":{"line":69,"column":32},"end":{"line":69,"column":96}}]},"26":{"type":"branch","line":69,"loc":{"start":{"line":69,"column":92},"end":{"line":69,"column":98}},"locations":[{"start":{"line":69,"column":92},"end":{"line":69,"column":98}}]},"27":{"type":"branch","line":73,"loc":{"start":{"line":73,"column":16},"end":{"line":73,"column":49}},"locations":[{"start":{"line":73,"column":16},"end":{"line":73,"column":49}}]},"28":{"type":"branch","line":73,"loc":{"start":{"line":73,"column":48},"end":{"line":74,"column":19}},"locations":[{"start":{"line":73,"column":48},"end":{"line":74,"column":19}}]},"29":{"type":"branch","line":74,"loc":{"start":{"line":74,"column":8},"end":{"line":77,"column":23}},"locations":[{"start":{"line":74,"column":8},"end":{"line":77,"column":23}}]},"30":{"type":"branch","line":75,"loc":{"start":{"line":75,"column":20},"end":{"line":76,"column":22}},"locations":[{"start":{"line":75,"column":20},"end":{"line":76,"column":22}}]},"31":{"type":"branch","line":76,"loc":{"start":{"line":76,"column":10},"end":{"line":77,"column":23}},"locations":[{"start":{"line":76,"column":10},"end":{"line":77,"column":23}}]},"32":{"type":"branch","line":83,"loc":{"start":{"line":83,"column":56},"end":{"line":83,"column":90}},"locations":[{"start":{"line":83,"column":56},"end":{"line":83,"column":90}}]},"33":{"type":"branch","line":83,"loc":{"start":{"line":83,"column":78},"end":{"line":83,"column":100}},"locations":[{"start":{"line":83,"column":78},"end":{"line":83,"column":100}}]},"34":{"type":"branch","line":92,"loc":{"start":{"line":92,"column":28},"end":{"line":93,"column":80}},"locations":[{"start":{"line":92,"column":28},"end":{"line":93,"column":80}}]},"35":{"type":"branch","line":95,"loc":{"start":{"line":95,"column":28},"end":{"line":96,"column":89}},"locations":[{"start":{"line":95,"column":28},"end":{"line":96,"column":89}}]},"36":{"type":"branch","line":112,"loc":{"start":{"line":112,"column":18},"end":{"line":112,"column":58}},"locations":[{"start":{"line":112,"column":18},"end":{"line":112,"column":58}}]},"37":{"type":"branch","line":113,"loc":{"start":{"line":113,"column":27},"end":{"line":113,"column":96}},"locations":[{"start":{"line":113,"column":27},"end":{"line":113,"column":96}}]},"38":{"type":"branch","line":114,"loc":{"start":{"line":114,"column":21},"end":{"line":126,"column":17}},"locations":[{"start":{"line":114,"column":21},"end":{"line":126,"column":17}}]},"39":{"type":"branch","line":118,"loc":{"start":{"line":118,"column":26},"end":{"line":119,"column":31}},"locations":[{"start":{"line":118,"column":26},"end":{"line":119,"column":31}}]},"40":{"type":"branch","line":119,"loc":{"start":{"line":119,"column":18},"end":{"line":122,"column":34}},"locations":[{"start":{"line":119,"column":18},"end":{"line":122,"column":34}}]},"41":{"type":"branch","line":120,"loc":{"start":{"line":120,"column":30},"end":{"line":121,"column":34}},"locations":[{"start":{"line":120,"column":30},"end":{"line":121,"column":34}}]},"42":{"type":"branch","line":121,"loc":{"start":{"line":121,"column":20},"end":{"line":122,"column":34}},"locations":[{"start":{"line":121,"column":20},"end":{"line":122,"column":34}}]}},"b":{"0":[12],"1":[10],"2":[10],"3":[5],"4":[7],"5":[1],"6":[6],"7":[7],"8":[1],"9":[6],"10":[14],"11":[3],"12":[11],"13":[2],"14":[1],"15":[1],"16":[9],"17":[3],"18":[6],"19":[2],"20":[4],"21":[0],"22":[4],"23":[0],"24":[7],"25":[6],"26":[1],"27":[6],"28":[2],"29":[5],"30":[3],"31":[2],"32":[3],"33":[4],"34":[1],"35":[1],"36":[4],"37":[5],"38":[5],"39":[1],"40":[4],"41":[3],"42":[1]},"fnMap":{"0":{"name":"itemsPerSecond","decl":{"start":{"line":25,"column":7},"end":{"line":32,"column":1}},"loc":{"start":{"line":25,"column":7},"end":{"line":32,"column":1}},"line":25},"1":{"name":"deadlineVerdict","decl":{"start":{"line":44,"column":7},"end":{"line":51,"column":1}},"loc":{"start":{"line":44,"column":7},"end":{"line":51,"column":1}},"line":44},"2":{"name":"formatRate","decl":{"start":{"line":59,"column":0},"end":{"line":61,"column":1}},"loc":{"start":{"line":59,"column":0},"end":{"line":61,"column":1}},"line":59},"3":{"name":"RunProgress","decl":{"start":{"line":68,"column":7},"end":{"line":131,"column":1}},"loc":{"start":{"line":68,"column":7},"end":{"line":131,"column":1}},"line":68}},"f":{"0":12,"1":14,"2":4,"3":7}}
,"/Users/omercelik/Repositories/goldpath/ui/kit/src/components/StateBadge.tsx": {"path":"/Users/omercelik/Repositories/goldpath/ui/kit/src/components/StateBadge.tsx","all":false,"statementMap":{"0":{"start":{"line":1,"column":0},"end":{"line":1,"column":56}},"2":{"start":{"line":3,"column":0},"end":{"line":3,"column":50}},"3":{"start":{"line":4,"column":0},"end":{"line":4,"column":62}},"4":{"start":{"line":5,"column":0},"end":{"line":5,"column":50}},"5":{"start":{"line":6,"column":0},"end":{"line":6,"column":62}},"6":{"start":{"line":7,"column":0},"end":{"line":7,"column":58}},"7":{"start":{"line":8,"column":0},"end":{"line":8,"column":58}},"8":{"start":{"line":9,"column":0},"end":{"line":9,"column":58}},"9":{"start":{"line":10,"column":0},"end":{"line":10,"column":2}},"24":{"start":{"line":25,"column":0},"end":{"line":25,"column":79}},"25":{"start":{"line":26,"column":0},"end":{"line":26,"column":52}},"26":{"start":{"line":27,"column":0},"end":{"line":27,"column":10}},"27":{"start":{"line":28,"column":0},"end":{"line":28,"column":9}},"28":{"start":{"line":29,"column":0},"end":{"line":29,"column":22}},"29":{"start":{"line":30,"column":0},"end":{"line":30,"column":116}},"31":{"start":{"line":32,"column":0},"end":{"line":32,"column":13}},"32":{"start":{"line":33,"column":0},"end":{"line":33,"column":11}},"34":{"start":{"line":35,"column":0},"end":{"line":35,"column":1}}},"s":{"0":1,"2":1,"3":1,"4":1,"5":1,"6":1,"7":1,"8":1,"9":1,"24":1,"25":9,"26":9,"27":9,"28":9,"29":9,"31":9,"32":9,"34":9},"branchMap":{"0":{"type":"branch","line":25,"loc":{"start":{"line":25,"column":7},"end":{"line":35,"column":1}},"locations":[{"start":{"line":25,"column":7},"end":{"line":35,"column":1}}]},"1":{"type":"branch","line":26,"loc":{"start":{"line":26,"column":15},"end":{"line":26,"column":52}},"locations":[{"start":{"line":26,"column":15},"end":{"line":26,"column":52}}]}},"b":{"0":[9],"1":[6]},"fnMap":{"0":{"name":"StateBadge","decl":{"start":{"line":25,"column":7},"end":{"line":35,"column":1}},"loc":{"start":{"line":25,"column":7},"end":{"line":35,"column":1}},"line":25}},"f":{"0":9}}
,"/Users/omercelik/Repositories/goldpath/ui/kit/src/components/VerbButton.tsx": {"path":"/Users/omercelik/Repositories/goldpath/ui/kit/src/components/VerbButton.tsx","all":false,"statementMap":{"0":{"start":{"line":1,"column":0},"end":{"line":1,"column":33}},"42":{"start":{"line":43,"column":0},"end":{"line":43,"column":124}},"43":{"start":{"line":44,"column":0},"end":{"line":44,"column":60}},"44":{"start":{"line":45,"column":0},"end":{"line":45,"column":43}},"45":{"start":{"line":46,"column":0},"end":{"line":46,"column":78}},"47":{"start":{"line":48,"column":0},"end":{"line":48,"column":27}},"48":{"start":{"line":49,"column":0},"end":{"line":49,"column":34}},"49":{"start":{"line":50,"column":0},"end":{"line":50,"column":29}},"50":{"start":{"line":51,"column":0},"end":{"line":51,"column":9}},"51":{"start":{"line":52,"column":0},"end":{"line":52,"column":64}},"52":{"start":{"line":53,"column":0},"end":{"line":53,"column":13}},"53":{"start":{"line":54,"column":0},"end":{"line":54,"column":96}},"54":{"start":{"line":55,"column":0},"end":{"line":55,"column":5}},"56":{"start":{"line":57,"column":0},"end":{"line":57,"column":41}},"57":{"start":{"line":58,"column":0},"end":{"line":58,"column":18}},"58":{"start":{"line":59,"column":0},"end":{"line":59,"column":22}},"59":{"start":{"line":60,"column":0},"end":{"line":60,"column":4}},"61":{"start":{"line":62,"column":0},"end":{"line":62,"column":34}},"62":{"start":{"line":63,"column":0},"end":{"line":63,"column":12}},"63":{"start":{"line":64,"column":0},"end":{"line":64,"column":182}},"64":{"start":{"line":65,"column":0},"end":{"line":65,"column":30}},"65":{"start":{"line":66,"column":0},"end":{"line":66,"column":61}},"66":{"start":{"line":67,"column":0},"end":{"line":67,"column":18}},"67":{"start":{"line":68,"column":0},"end":{"line":68,"column":16}},"68":{"start":{"line":69,"column":0},"end":{"line":69,"column":35}},"69":{"start":{"line":70,"column":0},"end":{"line":70,"column":36}},"70":{"start":{"line":71,"column":0},"end":{"line":71,"column":26}},"71":{"start":{"line":72,"column":0},"end":{"line":72,"column":63}},"72":{"start":{"line":73,"column":0},"end":{"line":73,"column":94}},"73":{"start":{"line":74,"column":0},"end":{"line":74,"column":12}},"75":{"start":{"line":76,"column":0},"end":{"line":76,"column":15}},"76":{"start":{"line":77,"column":0},"end":{"line":77,"column":206}},"77":{"start":{"line":78,"column":0},"end":{"line":78,"column":34}},"78":{"start":{"line":79,"column":0},"end":{"line":79,"column":36}},"80":{"start":{"line":81,"column":0},"end":{"line":81,"column":17}},"81":{"start":{"line":82,"column":0},"end":{"line":82,"column":17}},"82":{"start":{"line":83,"column":0},"end":{"line":83,"column":137}},"84":{"start":{"line":85,"column":0},"end":{"line":85,"column":17}},"85":{"start":{"line":86,"column":0},"end":{"line":86,"column":13}},"87":{"start":{"line":88,"column":0},"end":{"line":88,"column":3}},"89":{"start":{"line":90,"column":0},"end":{"line":90,"column":10}},"90":{"start":{"line":91,"column":0},"end":{"line":91,"column":53}},"91":{"start":{"line":92,"column":0},"end":{"line":92,"column":13}},"92":{"start":{"line":93,"column":0},"end":{"line":93,"column":210}},"93":{"start":{"line":94,"column":0},"end":{"line":94,"column":43}},"94":{"start":{"line":95,"column":0},"end":{"line":95,"column":54}},"96":{"start":{"line":97,"column":0},"end":{"line":97,"column":55}},"97":{"start":{"line":98,"column":0},"end":{"line":98,"column":15}},"99":{"start":{"line":100,"column":0},"end":{"line":100,"column":75}},"100":{"start":{"line":101,"column":0},"end":{"line":101,"column":83}},"103":{"start":{"line":104,"column":0},"end":{"line":104,"column":80}},"105":{"start":{"line":106,"column":0},"end":{"line":106,"column":68}},"108":{"start":{"line":109,"column":0},"end":{"line":109,"column":78}},"109":{"start":{"line":110,"column":0},"end":{"line":110,"column":37}},"110":{"start":{"line":111,"column":0},"end":{"line":111,"column":37}},"111":{"start":{"line":112,"column":0},"end":{"line":112,"column":80}},"112":{"start":{"line":113,"column":0},"end":{"line":113,"column":76}},"113":{"start":{"line":114,"column":0},"end":{"line":114,"column":17}},"115":{"start":{"line":116,"column":0},"end":{"line":116,"column":11}},"117":{"start":{"line":118,"column":0},"end":{"line":118,"column":1}}},"s":{"0":1,"42":1,"43":57,"44":57,"45":57,"47":57,"48":9,"49":9,"50":9,"51":9,"52":9,"53":1,"54":1,"56":9,"57":9,"58":9,"59":9,"61":57,"62":29,"63":29,"64":29,"65":29,"66":29,"67":21,"68":21,"69":21,"70":21,"71":21,"72":21,"73":21,"75":29,"76":29,"77":29,"78":29,"80":29,"81":29,"82":29,"84":29,"85":29,"87":29,"89":28,"90":28,"91":28,"92":57,"93":57,"94":57,"96":57,"97":57,"99":57,"100":4,"103":57,"105":2,"108":57,"109":2,"110":2,"111":1,"112":1,"113":2,"115":57,"117":57},"branchMap":{"0":{"type":"branch","line":43,"loc":{"start":{"line":43,"column":7},"end":{"line":118,"column":1}},"locations":[{"start":{"line":43,"column":7},"end":{"line":118,"column":1}}]},"1":{"type":"branch","line":46,"loc":{"start":{"line":46,"column":24},"end":{"line":46,"column":43}},"locations":[{"start":{"line":46,"column":24},"end":{"line":46,"column":43}}]},"2":{"type":"branch","line":46,"loc":{"start":{"line":46,"column":43},"end":{"line":46,"column":78}},"locations":[{"start":{"line":46,"column":43},"end":{"line":46,"column":78}}]},"3":{"type":"branch","line":62,"loc":{"start":{"line":62,"column":33},"end":{"line":88,"column":3}},"locations":[{"start":{"line":62,"column":33},"end":{"line":88,"column":3}}]},"4":{"type":"branch","line":67,"loc":{"start":{"line":67,"column":9},"end":{"line":74,"column":12}},"locations":[{"start":{"line":67,"column":9},"end":{"line":74,"column":12}}]},"5":{"type":"branch","line":77,"loc":{"start":{"line":77,"column":94},"end":{"line":77,"column":158}},"locations":[{"start":{"line":77,"column":94},"end":{"line":77,"column":158}}]},"6":{"type":"branch","line":88,"loc":{"start":{"line":88,"column":2},"end":{"line":93,"column":106}},"locations":[{"start":{"line":88,"column":2},"end":{"line":93,"column":106}}]},"7":{"type":"branch","line":93,"loc":{"start":{"line":93,"column":92},"end":{"line":93,"column":162}},"locations":[{"start":{"line":93,"column":92},"end":{"line":93,"column":162}}]},"8":{"type":"branch","line":93,"loc":{"start":{"line":93,"column":106},"end":{"line":93,"column":207}},"locations":[{"start":{"line":93,"column":106},"end":{"line":93,"column":207}}]},"9":{"type":"branch","line":97,"loc":{"start":{"line":97,"column":22},"end":{"line":97,"column":49}},"locations":[{"start":{"line":97,"column":22},"end":{"line":97,"column":49}}]},"10":{"type":"branch","line":97,"loc":{"start":{"line":97,"column":36},"end":{"line":97,"column":55}},"locations":[{"start":{"line":97,"column":36},"end":{"line":97,"column":55}}]},"11":{"type":"branch","line":100,"loc":{"start":{"line":100,"column":8},"end":{"line":100,"column":43}},"locations":[{"start":{"line":100,"column":8},"end":{"line":100,"column":43}}]},"12":{"type":"branch","line":100,"loc":{"start":{"line":100,"column":30},"end":{"line":100,"column":75}},"locations":[{"start":{"line":100,"column":30},"end":{"line":100,"column":75}}]},"13":{"type":"branch","line":100,"loc":{"start":{"line":100,"column":66},"end":{"line":101,"column":83}},"locations":[{"start":{"line":100,"column":66},"end":{"line":101,"column":83}}]},"14":{"type":"branch","line":104,"loc":{"start":{"line":104,"column":8},"end":{"line":104,"column":43}},"locations":[{"start":{"line":104,"column":8},"end":{"line":104,"column":43}}]},"15":{"type":"branch","line":104,"loc":{"start":{"line":104,"column":30},"end":{"line":104,"column":80}},"locations":[{"start":{"line":104,"column":30},"end":{"line":104,"column":80}}]},"16":{"type":"branch","line":104,"loc":{"start":{"line":104,"column":66},"end":{"line":106,"column":68}},"locations":[{"start":{"line":104,"column":66},"end":{"line":106,"column":68}}]},"17":{"type":"branch","line":109,"loc":{"start":{"line":109,"column":8},"end":{"line":109,"column":43}},"locations":[{"start":{"line":109,"column":8},"end":{"line":109,"column":43}}]},"18":{"type":"branch","line":109,"loc":{"start":{"line":109,"column":30},"end":{"line":109,"column":78}},"locations":[{"start":{"line":109,"column":30},"end":{"line":109,"column":78}}]},"19":{"type":"branch","line":109,"loc":{"start":{"line":109,"column":66},"end":{"line":114,"column":17}},"locations":[{"start":{"line":109,"column":66},"end":{"line":114,"column":17}}]},"20":{"type":"branch","line":111,"loc":{"start":{"line":111,"column":36},"end":{"line":112,"column":80}},"locations":[{"start":{"line":111,"column":36},"end":{"line":112,"column":80}}]},"21":{"type":"branch","line":112,"loc":{"start":{"line":112,"column":14},"end":{"line":113,"column":76}},"locations":[{"start":{"line":112,"column":14},"end":{"line":113,"column":76}}]},"22":{"type":"branch","line":48,"loc":{"start":{"line":48,"column":14},"end":{"line":60,"column":4}},"locations":[{"start":{"line":48,"column":14},"end":{"line":60,"column":4}}]},"23":{"type":"branch","line":52,"loc":{"start":{"line":52,"column":30},"end":{"line":52,"column":53}},"locations":[{"start":{"line":52,"column":30},"end":{"line":52,"column":53}}]},"24":{"type":"branch","line":52,"loc":{"start":{"line":52,"column":49},"end":{"line":52,"column":62}},"locations":[{"start":{"line":52,"column":49},"end":{"line":52,"column":62}}]},"25":{"type":"branch","line":52,"loc":{"start":{"line":52,"column":62},"end":{"line":53,"column":12}},"locations":[{"start":{"line":52,"column":62},"end":{"line":53,"column":12}}]},"26":{"type":"branch","line":53,"loc":{"start":{"line":53,"column":4},"end":{"line":55,"column":5}},"locations":[{"start":{"line":53,"column":4},"end":{"line":55,"column":5}}]},"27":{"type":"branch","line":59,"loc":{"start":{"line":59,"column":4},"end":{"line":59,"column":22}},"locations":[{"start":{"line":59,"column":4},"end":{"line":59,"column":22}}]},"28":{"type":"branch","line":72,"loc":{"start":{"line":72,"column":22},"end":{"line":72,"column":63}},"locations":[{"start":{"line":72,"column":22},"end":{"line":72,"column":63}}]},"29":{"type":"branch","line":79,"loc":{"start":{"line":79,"column":19},"end":{"line":79,"column":36}},"locations":[{"start":{"line":79,"column":19},"end":{"line":79,"column":36}}]},"30":{"type":"branch","line":83,"loc":{"start":{"line":83,"column":105},"end":{"line":83,"column":137}},"locations":[{"start":{"line":83,"column":105},"end":{"line":83,"column":137}}]},"31":{"type":"branch","line":95,"loc":{"start":{"line":95,"column":17},"end":{"line":95,"column":54}},"locations":[{"start":{"line":95,"column":17},"end":{"line":95,"column":54}}]}},"b":{"0":[57],"1":[27],"2":[23],"3":[29],"4":[21],"5":[0],"6":[28],"7":[0],"8":[28],"9":[9],"10":[19],"11":[25],"12":[8],"13":[4],"14":[25],"15":[8],"16":[2],"17":[25],"18":[8],"19":[2],"20":[1],"21":[1],"22":[9],"23":[2],"24":[7],"25":[8],"26":[1],"27":[2],"28":[18],"29":[9],"30":[1],"31":[11]},"fnMap":{"0":{"name":"VerbButton","decl":{"start":{"line":43,"column":7},"end":{"line":118,"column":1}},"loc":{"start":{"line":43,"column":7},"end":{"line":118,"column":1}},"line":43},"1":{"name":"run","decl":{"start":{"line":48,"column":14},"end":{"line":60,"column":4}},"loc":{"start":{"line":48,"column":14},"end":{"line":60,"column":4}},"line":48},"2":{"name":"onChange","decl":{"start":{"line":72,"column":22},"end":{"line":72,"column":63}},"loc":{"start":{"line":72,"column":22},"end":{"line":72,"column":63}},"line":72},"3":{"name":"onClick","decl":{"start":{"line":79,"column":19},"end":{"line":79,"column":36}},"loc":{"start":{"line":79,"column":19},"end":{"line":79,"column":36}},"line":79},"4":{"name":"onClick","decl":{"start":{"line":83,"column":105},"end":{"line":83,"column":137}},"loc":{"start":{"line":83,"column":105},"end":{"line":83,"column":137}},"line":83},"5":{"name":"onClick","decl":{"start":{"line":95,"column":17},"end":{"line":95,"column":54}},"loc":{"start":{"line":95,"column":17},"end":{"line":95,"column":54}},"line":95}},"f":{"0":57,"1":9,"2":18,"3":9,"4":1,"5":11}}
}
